TN:
SF:/app/crates/tsuzulint_ast/src/arena.rs
FN:40,AstArena::new
FN:46,AstArena::with_capacity
FN:54,AstArena::alloc
FN:60,AstArena::alloc_str
FN:66,AstArena::alloc_slice_copy
FN:72,AstArena::alloc_slice_clone
FN:83,AstArena::alloc_slice_fill_iter
FN:88,AstArena::allocated_bytes
FN:96,AstArena::reset
FNF:9
FNDA:0,AstArena::new
FNDA:0,AstArena::with_capacity
FNDA:0,AstArena::alloc
FNDA:0,AstArena::alloc_str
FNDA:0,AstArena::alloc_slice_copy
FNDA:0,AstArena::alloc_slice_clone
FNDA:0,AstArena::alloc_slice_fill_iter
FNDA:0,AstArena::allocated_bytes
FNDA:0,AstArena::reset
DA:40,0
DA:41,0
DA:46,0
DA:48,0
DA:54,0
DA:55,0
DA:60,0
DA:61,0
DA:66,0
DA:67,0
DA:72,0
DA:73,0
DA:83,0
DA:88,0
DA:89,0
DA:96,0
DA:97,0
LF:17
LH:0
end_of_record
TN:
SF:/app/crates/tsuzulint_ast/src/node.rs
FN:100,<impl Serialize for TxtNode<'a>>::serialize
FN:130,TxtNode<'a>::new_parent
FN:142,TxtNode<'a>::new_text
FN:154,TxtNode<'a>::new_leaf
FN:166,TxtNode<'a>::has_children
FN:172,TxtNode<'a>::is_text
FN:181,TxtNode<'a>::text
FN:187,TxtNode<'a>::depth
FN:196,TxtNode<'a>::url
FN:206,TxtNode<'a>::title
FN:216,TxtNode<'a>::ordered
FN:225,TxtNode<'a>::lang
FN:234,TxtNode<'a>::identifier
FN:244,TxtNode<'a>::label
FN:255,NodeData<'a>::present_field_count
FN:299,NodeData<'a>::serialize_fields
FN:340,NodeData<'a>::new
FN:346,NodeData<'a>::header
FN:352,NodeData<'a>::link
FN:358,NodeData<'a>::image
FN:364,NodeData<'a>::code_block
FN:370,NodeData<'a>::list
FN:376,NodeData<'a>::reference
FN:388,NodeData<'a>::definition
FNF:24
FNDA:0,<impl Serialize for TxtNode<'a>>::serialize
FNDA:0,TxtNode<'a>::new_parent
FNDA:0,TxtNode<'a>::new_text
FNDA:0,TxtNode<'a>::new_leaf
FNDA:0,TxtNode<'a>::has_children
FNDA:0,TxtNode<'a>::is_text
FNDA:0,TxtNode<'a>::text
FNDA:0,TxtNode<'a>::depth
FNDA:0,TxtNode<'a>::url
FNDA:0,TxtNode<'a>::title
FNDA:0,TxtNode<'a>::ordered
FNDA:0,TxtNode<'a>::lang
FNDA:0,TxtNode<'a>::identifier
FNDA:0,TxtNode<'a>::label
FNDA:0,NodeData<'a>::present_field_count
FNDA:0,NodeData<'a>::serialize_fields
FNDA:0,NodeData<'a>::new
FNDA:0,NodeData<'a>::header
FNDA:0,NodeData<'a>::link
FNDA:0,NodeData<'a>::image
FNDA:0,NodeData<'a>::code_block
FNDA:0,NodeData<'a>::list
FNDA:0,NodeData<'a>::reference
FNDA:0,NodeData<'a>::definition
DA:100,0
DA:101,0
DA:103,0
DA:104,0
DA:106,0
DA:108,0
DA:110,0
DA:111,0
DA:113,0
DA:114,0
DA:117,0
DA:118,0
DA:121,0
DA:123,0
DA:130,0
DA:136,0
DA:142,0
DA:146,0
DA:147,0
DA:148,0
DA:154,0
DA:158,0
DA:160,0
DA:166,0
DA:167,0
DA:172,0
DA:173,0
DA:181,0
DA:182,0
DA:187,0
DA:188,0
DA:189,0
DA:190,0
DA:196,0
DA:197,0
DA:198,0
DA:199,0
DA:200,0
DA:206,0
DA:207,0
DA:208,0
DA:209,0
DA:210,0
DA:216,0
DA:217,0
DA:218,0
DA:219,0
DA:225,0
DA:226,0
DA:227,0
DA:228,0
DA:234,0
DA:235,0
DA:236,0
DA:237,0
DA:238,0
DA:244,0
DA:245,0
DA:246,0
DA:247,0
DA:248,0
DA:255,0
DA:256,0
DA:257,0
DA:258,0
DA:259,0
DA:260,0
DA:261,0
DA:262,0
DA:264,0
DA:267,0
DA:268,0
DA:269,0
DA:271,0
DA:274,0
DA:275,0
DA:276,0
DA:278,0
DA:281,0
DA:282,0
DA:283,0
DA:284,0
DA:286,0
DA:287,0
DA:289,0
DA:299,0
DA:300,0
DA:301,0
DA:302,0
DA:304,0
DA:305,0
DA:307,0
DA:308,0
DA:309,0
DA:312,0
DA:313,0
DA:314,0
DA:315,0
DA:318,0
DA:319,0
DA:320,0
DA:321,0
DA:324,0
DA:325,0
DA:326,0
DA:327,0
DA:328,0
DA:330,0
DA:331,0
DA:335,0
DA:340,0
DA:341,0
DA:346,0
DA:347,0
DA:352,0
DA:353,0
DA:358,0
DA:359,0
DA:364,0
DA:365,0
DA:370,0
DA:371,0
DA:376,0
DA:377,0
DA:388,0
DA:389,0
DA:390,0
DA:391,0
DA:392,0
LF:129
LH:0
end_of_record
TN:
SF:/app/crates/tsuzulint_ast/src/node_type.rs
FN:80,NodeType::is_block
FN:100,NodeType::is_inline
FN:119,NodeType::is_parent
FN:141,NodeType::is_text
FNF:4
FNDA:0,NodeType::is_block
FNDA:0,NodeType::is_inline
FNDA:0,NodeType::is_parent
FNDA:0,NodeType::is_text
DA:80,0
DA:81,0
DA:82,0
DA:83,0
DA:84,0
DA:85,0
DA:86,0
DA:87,0
DA:88,0
DA:89,0
DA:90,0
DA:91,0
DA:92,0
DA:93,0
DA:94,0
DA:100,0
DA:101,0
DA:102,0
DA:103,0
DA:104,0
DA:105,0
DA:106,0
DA:107,0
DA:108,0
DA:109,0
DA:110,0
DA:111,0
DA:112,0
DA:113,0
DA:119,0
DA:120,0
DA:121,0
DA:122,0
DA:123,0
DA:124,0
DA:125,0
DA:126,0
DA:127,0
DA:128,0
DA:129,0
DA:130,0
DA:131,0
DA:132,0
DA:133,0
DA:134,0
DA:135,0
DA:141,0
DA:142,0
LF:48
LH:0
end_of_record
TN:
SF:/app/crates/tsuzulint_ast/src/span.rs
FN:27,Position::new
FN:50,Span::new
FN:56,Span::len
FN:62,Span::is_empty
FN:68,Span::contains
FN:74,Span::merge
FN:108,Location::new
FNF:7
FNDA:0,Position::new
FNDA:0,Span::new
FNDA:0,Span::len
FNDA:0,Span::is_empty
FNDA:0,Span::contains
FNDA:0,Span::merge
FNDA:0,Location::new
DA:27,0
DA:50,0
DA:56,0
DA:57,0
DA:62,0
DA:63,0
DA:68,0
DA:69,0
DA:74,0
DA:76,0
DA:81,0
DA:108,0
LF:12
LH:0
end_of_record
TN:
SF:/app/crates/tsuzulint_ast/src/visitor/visit.rs
FN:69,Visitor::enter_node
FN:75,Visitor::exit_node
FN:83,Visitor::visit_node
FN:90,Visitor::visit_document
FN:95,Visitor::visit_paragraph
FN:100,Visitor::visit_header
FN:105,Visitor::visit_block_quote
FN:110,Visitor::visit_list
FN:115,Visitor::visit_list_item
FN:120,Visitor::visit_code_block
FN:125,Visitor::visit_horizontal_rule
FN:130,Visitor::visit_html
FN:137,Visitor::visit_str
FN:142,Visitor::visit_break
FN:147,Visitor::visit_emphasis
FN:152,Visitor::visit_strong
FN:157,Visitor::visit_delete
FN:162,Visitor::visit_code
FN:167,Visitor::visit_link
FN:172,Visitor::visit_image
FN:179,Visitor::visit_link_reference
FN:184,Visitor::visit_image_reference
FN:189,Visitor::visit_definition
FN:196,Visitor::visit_table
FN:201,Visitor::visit_table_row
FN:206,Visitor::visit_table_cell
FN:213,Visitor::visit_footnote_definition
FN:218,Visitor::visit_footnote_reference
FNF:28
FNDA:0,Visitor::enter_node
FNDA:0,Visitor::exit_node
FNDA:0,Visitor::visit_node
FNDA:0,Visitor::visit_document
FNDA:0,Visitor::visit_paragraph
FNDA:0,Visitor::visit_header
FNDA:0,Visitor::visit_block_quote
FNDA:0,Visitor::visit_list
FNDA:0,Visitor::visit_list_item
FNDA:0,Visitor::visit_code_block
FNDA:0,Visitor::visit_horizontal_rule
FNDA:0,Visitor::visit_html
FNDA:0,Visitor::visit_str
FNDA:0,Visitor::visit_break
FNDA:0,Visitor::visit_emphasis
FNDA:0,Visitor::visit_strong
FNDA:0,Visitor::visit_delete
FNDA:0,Visitor::visit_code
FNDA:0,Visitor::visit_link
FNDA:0,Visitor::visit_image
FNDA:0,Visitor::visit_link_reference
FNDA:0,Visitor::visit_image_reference
FNDA:0,Visitor::visit_definition
FNDA:0,Visitor::visit_table
FNDA:0,Visitor::visit_table_row
FNDA:0,Visitor::visit_table_cell
FNDA:0,Visitor::visit_footnote_definition
FNDA:0,Visitor::visit_footnote_reference
DA:69,0
DA:70,0
DA:75,0
DA:76,0
DA:83,0
DA:84,0
DA:90,0
DA:91,0
DA:95,0
DA:96,0
DA:100,0
DA:101,0
DA:105,0
DA:106,0
DA:110,0
DA:111,0
DA:115,0
DA:116,0
DA:120,0
DA:125,0
DA:130,0
DA:137,0
DA:142,0
DA:147,0
DA:148,0
DA:152,0
DA:153,0
DA:157,0
DA:158,0
DA:162,0
DA:167,0
DA:168,0
DA:172,0
DA:179,0
DA:180,0
DA:184,0
DA:189,0
DA:196,0
DA:197,0
DA:201,0
DA:202,0
DA:206,0
DA:207,0
DA:213,0
DA:214,0
DA:218,0
LF:46
LH:0
end_of_record
TN:
SF:/app/crates/tsuzulint_ast/src/visitor/visit_mut.rs
FN:61,MutVisitor::visit_node_mut
FN:68,MutVisitor::visit_document_mut
FN:73,MutVisitor::visit_paragraph_mut
FN:78,MutVisitor::visit_header_mut
FN:83,MutVisitor::visit_block_quote_mut
FN:88,MutVisitor::visit_list_mut
FN:93,MutVisitor::visit_list_item_mut
FN:98,MutVisitor::visit_code_block_mut
FN:103,MutVisitor::visit_horizontal_rule_mut
FN:108,MutVisitor::visit_html_mut
FN:115,MutVisitor::visit_str_mut
FN:120,MutVisitor::visit_break_mut
FN:125,MutVisitor::visit_emphasis_mut
FN:130,MutVisitor::visit_strong_mut
FN:135,MutVisitor::visit_delete_mut
FN:140,MutVisitor::visit_code_mut
FN:145,MutVisitor::visit_link_mut
FN:150,MutVisitor::visit_image_mut
FN:157,MutVisitor::visit_link_reference_mut
FN:162,MutVisitor::visit_image_reference_mut
FN:167,MutVisitor::visit_definition_mut
FN:174,MutVisitor::visit_table_mut
FN:179,MutVisitor::visit_table_row_mut
FN:184,MutVisitor::visit_table_cell_mut
FN:191,MutVisitor::visit_footnote_definition_mut
FN:196,MutVisitor::visit_footnote_reference_mut
FN:208,walk_node_mut
FN:254,walk_children_mut
FNF:28
FNDA:0,MutVisitor::visit_node_mut
FNDA:0,MutVisitor::visit_document_mut
FNDA:0,MutVisitor::visit_paragraph_mut
FNDA:0,MutVisitor::visit_header_mut
FNDA:0,MutVisitor::visit_block_quote_mut
FNDA:0,MutVisitor::visit_list_mut
FNDA:0,MutVisitor::visit_list_item_mut
FNDA:0,MutVisitor::visit_code_block_mut
FNDA:0,MutVisitor::visit_horizontal_rule_mut
FNDA:0,MutVisitor::visit_html_mut
FNDA:0,MutVisitor::visit_str_mut
FNDA:0,MutVisitor::visit_break_mut
FNDA:0,MutVisitor::visit_emphasis_mut
FNDA:0,MutVisitor::visit_strong_mut
FNDA:0,MutVisitor::visit_delete_mut
FNDA:0,MutVisitor::visit_code_mut
FNDA:0,MutVisitor::visit_link_mut
FNDA:0,MutVisitor::visit_image_mut
FNDA:0,MutVisitor::visit_link_reference_mut
FNDA:0,MutVisitor::visit_image_reference_mut
FNDA:0,MutVisitor::visit_definition_mut
FNDA:0,MutVisitor::visit_table_mut
FNDA:0,MutVisitor::visit_table_row_mut
FNDA:0,MutVisitor::visit_table_cell_mut
FNDA:0,MutVisitor::visit_footnote_definition_mut
FNDA:0,MutVisitor::visit_footnote_reference_mut
FNDA:0,walk_node_mut
FNDA:0,walk_children_mut
DA:61,0
DA:62,0
DA:68,0
DA:69,0
DA:73,0
DA:74,0
DA:78,0
DA:79,0
DA:83,0
DA:84,0
DA:88,0
DA:89,0
DA:93,0
DA:94,0
DA:98,0
DA:103,0
DA:108,0
DA:115,0
DA:120,0
DA:125,0
DA:126,0
DA:130,0
DA:131,0
DA:135,0
DA:136,0
DA:140,0
DA:145,0
DA:146,0
DA:150,0
DA:157,0
DA:158,0
DA:162,0
DA:167,0
DA:174,0
DA:175,0
DA:179,0
DA:180,0
DA:184,0
DA:185,0
DA:191,0
DA:192,0
DA:196,0
DA:208,0
DA:210,0
DA:211,0
DA:212,0
DA:213,0
DA:214,0
DA:215,0
DA:216,0
DA:217,0
DA:218,0
DA:221,0
DA:222,0
DA:223,0
DA:224,0
DA:225,0
DA:226,0
DA:227,0
DA:228,0
DA:231,0
DA:232,0
DA:233,0
DA:236,0
DA:237,0
DA:238,0
DA:241,0
DA:242,0
DA:254,0
DA:255,0
DA:258,0
DA:259,0
DA:261,0
DA:262,0
DA:263,0
DA:264,0
DA:266,0
DA:270,0
DA:271,0
DA:272,0
DA:273,0
DA:274,0
DA:275,0
DA:276,0
DA:277,0
DA:280,0
LF:86
LH:0
end_of_record
TN:
SF:/app/crates/tsuzulint_ast/src/visitor/walk.rs
FN:32,walk_node
FN:97,walk_children
FNF:2
FNDA:0,walk_node
FNDA:0,walk_children
DA:32,0
DA:35,0
DA:37,0
DA:38,0
DA:39,0
DA:40,0
DA:41,0
DA:42,0
DA:43,0
DA:44,0
DA:45,0
DA:48,0
DA:49,0
DA:50,0
DA:51,0
DA:52,0
DA:53,0
DA:54,0
DA:55,0
DA:58,0
DA:59,0
DA:60,0
DA:63,0
DA:64,0
DA:65,0
DA:68,0
DA:69,0
DA:72,0
DA:75,0
DA:97,0
DA:98,0
DA:100,0
LF:32
LH:0
end_of_record
TN:
SF:/app/crates/tsuzulint_cache/src/error.rs
FN:31,CacheError::read
FN:36,CacheError::write
FN:41,CacheError::corrupted
FNF:3
FNDA:0,CacheError::read
FNDA:0,CacheError::write
FNDA:0,CacheError::corrupted
DA:31,0
DA:32,0
DA:36,0
DA:37,0
DA:41,0
DA:42,0
LF:6
LH:0
end_of_record
TN:
SF:/app/crates/tsuzulint_cache/src/manager.rs
FN:30,path_key
FN:40,CacheManager::new
FNF:2
FNDA:0,path_key
FNDA:0,CacheManager::new
DA:30,0
DA:31,0
DA:40,0
DA:42,0
DA:43,0
LF:5
LH:0
end_of_record
TN:
SF:/app/crates/tsuzulint_cli/src/output/json.rs
FNF:0
DA:14,0
DA:16,0
DA:17,0
DA:18,0
DA:19,0
DA:23,0
DA:24,0
DA:26,0
DA:29,0
LF:9
LH:0
end_of_record
TN:
SF:/app/crates/tsuzulint_core/src/block_extractor.rs
FNF:0
DA:50,0
DA:51,0
DA:52,0
LF:3
LH:0
end_of_record
TN:
SF:/app/crates/tsuzulint_core/src/config.rs
FNF:0
DA:172,0
DA:173,0
DA:174,0
DA:175,0
DA:176,0
DA:177,0
DA:180,0
DA:199,0
DA:200,0
DA:202,0
DA:203,0
DA:204,0
DA:205,0
DA:206,0
DA:210,0
DA:211,0
DA:212,0
DA:213,0
DA:214,0
DA:218,0
DA:219,0
DA:221,0
DA:224,0
DA:225,0
DA:228,0
LF:25
LH:0
end_of_record
TN:
SF:/app/crates/tsuzulint_core/src/context.rs
FNF:0
DA:226,0
DA:227,0
DA:228,0
DA:232,0
DA:241,0
DA:242,0
DA:243,0
DA:244,0
DA:252,0
DA:253,0
DA:257,0
DA:258,0
DA:259,0
DA:261,0
DA:262,0
DA:263,0
DA:264,0
DA:265,0
DA:266,0
DA:267,0
DA:268,0
DA:270,0
DA:275,0
DA:276,0
DA:278,0
DA:279,0
DA:280,0
DA:281,0
DA:282,0
DA:283,0
DA:284,0
DA:285,0
DA:290,0
DA:294,0
DA:295,0
DA:299,0
DA:300,0
DA:304,0
DA:305,0
DA:306,0
DA:308,0
DA:314,0
DA:315,0
DA:316,0
DA:319,0
DA:321,0
DA:322,0
DA:325,0
DA:326,0
DA:328,0
DA:329,0
DA:330,0
DA:332,0
DA:333,0
DA:335,0
DA:340,0
DA:341,0
DA:342,0
DA:343,0
DA:344,0
DA:346,0
DA:349,0
DA:351,0
DA:355,0
DA:356,0
DA:357,0
DA:358,0
DA:359,0
DA:360,0
DA:362,0
DA:364,0
DA:378,0
DA:379,0
DA:380,0
DA:381,0
DA:382,0
DA:386,0
DA:387,0
DA:388,0
DA:389,0
DA:390,0
DA:391,0
DA:392,0
DA:393,0
DA:394,0
DA:397,0
DA:398,0
DA:399,0
DA:400,0
DA:401,0
DA:402,0
DA:403,0
DA:404,0
DA:407,0
DA:408,0
DA:409,0
DA:410,0
DA:411,0
DA:412,0
DA:415,0
DA:416,0
DA:417,0
DA:418,0
DA:419,0
DA:422,0
DA:425,0
DA:426,0
DA:431,0
DA:432,0
DA:433,0
DA:435,0
DA:439,0
DA:440,0
DA:444,0
DA:445,0
LF:115
LH:0
end_of_record
TN:
SF:/app/crates/tsuzulint_core/src/error.rs
FN:39,LinterError::config
FN:44,LinterError::file
FN:49,LinterError::parse
FNF:3
FNDA:0,LinterError::config
FNDA:0,LinterError::file
FNDA:0,LinterError::parse
DA:39,0
DA:40,0
DA:44,0
DA:45,0
DA:49,0
DA:50,0
LF:6
LH:0
end_of_record
TN:
SF:/app/crates/tsuzulint_core/src/file_linter.rs
FNF:0
DA:347,0
DA:348,0
DA:349,0
DA:366,0
DA:367,0
DA:392,0
DA:393,0
DA:395,0
DA:396,0
DA:397,0
DA:398,0
DA:399,0
DA:402,0
DA:406,0
DA:407,0
DA:409,0
DA:437,0
DA:438,0
DA:439,0
DA:441,0
DA:442,0
DA:445,0
DA:453,0
DA:461,0
LF:24
LH:0
end_of_record
TN:
SF:/app/crates/tsuzulint_core/src/fix.rs
FNF:0
DA:16,0
DA:17,0
DA:18,0
DA:20,0
DA:21,0
DA:22,0
DA:23,0
DA:24,0
DA:25,0
DA:26,0
DA:33,0
DA:35,0
DA:36,0
DA:39,0
DA:40,0
DA:41,0
DA:42,0
DA:43,0
DA:44,0
DA:45,0
DA:46,0
DA:47,0
DA:53,0
DA:88,0
DA:89,0
DA:91,0
DA:92,0
DA:94,0
DA:95,0
DA:96,0
DA:98,0
DA:99,0
DA:100,0
DA:103,0
DA:105,0
LF:35
LH:0
end_of_record
TN:
SF:/app/crates/tsuzulint_core/src/formatters/sarif.rs
FNF:0
DA:154,0
DA:155,0
LF:2
LH:0
end_of_record
TN:
SF:/app/crates/tsuzulint_core/src/ignore_range.rs
FN:13,extract_ignore_ranges
FN:14,extract_ignore_ranges::<impl Visitor for CodeRangeCollector>::visit_code_block
FN:19,extract_ignore_ranges::<impl Visitor for CodeRangeCollector>::visit_code
FNF:3
FNDA:0,extract_ignore_ranges
FNDA:0,extract_ignore_ranges::<impl Visitor for CodeRangeCollector>::visit_code_block
FNDA:0,extract_ignore_ranges::<impl Visitor for CodeRangeCollector>::visit_code
DA:13,0
DA:14,0
DA:15,0
DA:16,0
DA:19,0
DA:20,0
DA:21,0
DA:22,0
LF:8
LH:0
end_of_record
TN:
SF:/app/crates/tsuzulint_core/src/linter.rs
FNF:0
DA:82,0
DA:83,0
DA:86,0
DA:87,0
DA:89,0
DA:90,0
DA:94,0
DA:95,0
DA:97,0
DA:98,0
DA:100,0
LF:11
LH:0
end_of_record
TN:
SF:/app/crates/tsuzulint_core/src/pool.rs
FNF:0
DA:82,0
DA:83,0
LF:2
LH:0
end_of_record
TN:
SF:/app/crates/tsuzulint_core/src/safe_io.rs
FNF:0
DA:81,0
LF:1
LH:0
end_of_record
TN:
SF:/app/crates/tsuzulint_core/src/walker.rs
FNF:0
DA:93,0
DA:94,0
DA:95,0
DA:99,0
DA:100,0
DA:101,0
DA:216,0
DA:217,0
DA:230,0
DA:231,0
DA:232,0
DA:233,0
DA:234,0
DA:235,0
LF:14
LH:0
end_of_record
TN:
SF:/app/crates/tsuzulint_lsp/src/debounce.rs
FN:21,spawn_debounced_validation
FNF:1
FNDA:0,spawn_debounced_validation
DA:21,0
DA:22,0
DA:24,0
DA:25,0
LF:4
LH:0
end_of_record
TN:
SF:/app/crates/tsuzulint_lsp/src/handler/symbols.rs
FNF:0
DA:58,0
DA:63,0
DA:64,0
DA:66,0
DA:67,0
DA:68,0
DA:69,0
DA:70,0
DA:73,0
DA:74,0
DA:75,0
DA:76,0
DA:77,0
DA:81,0
DA:82,0
DA:83,0
DA:85,0
DA:89,0
DA:103,0
DA:107,0
DA:111,0
DA:112,0
DA:113,0
DA:114,0
DA:115,0
DA:116,0
DA:119,0
DA:120,0
LF:28
LH:0
end_of_record
TN:
SF:/app/crates/tsuzulint_manifest/src/integrity.rs
FN:16,HashVerifier::compute
FN:23,HashVerifier::verify
FNF:2
FNDA:1,HashVerifier::compute
FNDA:2,HashVerifier::verify
DA:16,1
DA:17,1
DA:18,1
DA:19,1
DA:20,1
DA:23,2
DA:24,4
DA:25,0
DA:28,2
DA:30,6
DA:31,2
DA:33,1
DA:34,1
DA:35,1
LF:14
LH:13
end_of_record
TN:
SF:/app/crates/tsuzulint_manifest/src/lib.rs
FNF:0
DA:112,0
DA:113,0
DA:114,0
DA:117,0
DA:118,0
DA:119,0
DA:120,0
DA:121,0
DA:122,0
DA:123,0
DA:128,2
DA:130,2
DA:133,5
DA:135,1
DA:136,2
DA:139,2
DA:140,2
DA:141,1
DA:145,2
DA:146,1
LF:20
LH:10
end_of_record
TN:
SF:/app/crates/tsuzulint_parser/src/error.rs
FN:28,ParseError::invalid_source
FN:36,ParseError::invalid_source_at
FN:44,ParseError::unsupported
FN:49,ParseError::internal
FNF:4
FNDA:0,ParseError::invalid_source
FNDA:0,ParseError::invalid_source_at
FNDA:0,ParseError::unsupported
FNDA:0,ParseError::internal
DA:28,0
DA:30,0
DA:36,0
DA:38,0
DA:39,0
DA:44,0
DA:45,0
DA:49,0
DA:50,0
LF:9
LH:0
end_of_record
TN:
SF:/app/crates/tsuzulint_parser/src/markdown.rs
FNF:0
DA:50,0
DA:51,0
DA:52,0
DA:55,0
DA:56,0
DA:59,0
DA:60,0
DA:61,0
DA:62,0
DA:63,0
DA:64,0
DA:65,0
DA:67,0
DA:68,0
DA:71,0
DA:72,0
DA:75,0
DA:76,0
DA:79,0
DA:80,0
DA:83,0
DA:84,0
DA:87,0
DA:88,0
DA:89,0
DA:90,0
DA:91,0
DA:92,0
DA:95,0
DA:96,0
DA:97,0
DA:98,0
DA:99,0
DA:100,0
DA:101,0
DA:104,0
DA:105,0
DA:106,0
DA:107,0
DA:108,0
DA:109,0
DA:112,0
DA:113,0
DA:114,0
DA:115,0
DA:116,0
DA:119,0
DA:120,0
DA:123,0
DA:124,0
DA:127,0
DA:129,0
DA:131,0
DA:132,0
DA:135,0
DA:136,0
DA:140,0
DA:141,0
DA:144,0
DA:145,0
DA:148,0
DA:149,0
DA:153,0
DA:154,0
DA:155,0
DA:156,0
DA:157,0
DA:158,0
DA:159,0
DA:161,0
DA:162,0
DA:163,0
DA:165,0
DA:168,0
DA:169,0
DA:170,0
DA:171,0
DA:172,0
DA:174,0
DA:178,0
DA:179,0
DA:180,0
DA:181,0
DA:182,0
DA:183,0
DA:184,0
DA:186,0
DA:187,0
DA:188,0
DA:190,0
DA:193,0
DA:194,0
DA:195,0
DA:196,0
DA:197,0
DA:199,0
DA:202,0
DA:203,0
DA:204,0
DA:205,0
DA:206,0
DA:207,0
DA:208,0
DA:210,0
DA:214,0
DA:227,0
DA:228,0
DA:229,0
DA:241,0
DA:242,0
DA:243,0
DA:253,0
DA:254,0
DA:264,0
DA:265,0
DA:266,0
DA:267,0
DA:300,0
DA:301,0
DA:302,0
DA:303,0
DA:305,0
LF:122
LH:0
end_of_record
TN:
SF:/app/crates/tsuzulint_parser/src/text.rs
FNF:0
DA:37,0
DA:38,0
DA:39,0
DA:40,0
DA:42,0
DA:43,0
DA:44,0
DA:47,0
DA:49,0
DA:50,0
DA:54,0
DA:55,0
DA:56,0
DA:59,0
DA:61,0
DA:62,0
DA:63,0
DA:64,0
DA:65,0
DA:66,0
DA:67,0
DA:69,0
DA:70,0
DA:71,0
DA:72,0
DA:73,0
DA:76,0
DA:78,0
DA:80,0
DA:85,0
DA:86,0
DA:87,0
DA:88,0
DA:89,0
DA:90,0
DA:91,0
DA:93,0
DA:94,0
DA:95,0
DA:96,0
DA:97,0
DA:102,0
DA:103,0
DA:104,0
DA:105,0
DA:106,0
LF:46
LH:0
end_of_record
TN:
SF:/app/crates/tsuzulint_parser/src/traits.rs
FN:61,Parser::can_parse
FNF:1
FNDA:0,Parser::can_parse
DA:61,0
DA:62,0
DA:64,0
LF:3
LH:0
end_of_record
TN:
SF:/app/crates/tsuzulint_plugin/src/diagnostic.rs
FNF:0
DA:95,0
DA:96,0
DA:97,0
DA:98,0
DA:121,0
DA:123,0
DA:124,0
DA:129,0
DA:181,0
DA:184,0
DA:189,0
DA:191,0
DA:192,0
LF:13
LH:0
end_of_record
TN:
SF:/app/crates/tsuzulint_plugin/src/error.rs
FN:35,PluginError::load
FN:40,PluginError::call
FN:45,PluginError::invalid_manifest
FN:50,PluginError::not_found
FNF:4
FNDA:0,PluginError::load
FNDA:0,PluginError::call
FNDA:0,PluginError::invalid_manifest
FNDA:0,PluginError::not_found
DA:35,0
DA:36,0
DA:40,0
DA:41,0
DA:45,0
DA:46,0
DA:50,0
DA:51,0
LF:8
LH:0
end_of_record
TN:
SF:/app/crates/tsuzulint_plugin/src/executor.rs
FNF:0
DA:111,0
DA:113,0
DA:155,0
DA:156,0
LF:4
LH:0
end_of_record
TN:
SF:/app/crates/tsuzulint_plugin/src/host.rs
FNF:0
DA:79,0
DA:81,0
DA:82,0
DA:85,0
DA:86,0
DA:87,0
DA:88,0
DA:89,0
DA:91,0
DA:94,0
DA:150,0
DA:152,0
DA:153,0
DA:155,0
DA:157,0
DA:300,0
DA:301,0
DA:303,0
DA:304,0
DA:306,0
DA:335,0
DA:337,0
DA:340,0
DA:341,0
DA:342,0
DA:343,0
DA:344,0
DA:347,0
DA:352,0
DA:355,0
DA:356,0
DA:358,0
DA:360,0
DA:361,0
DA:363,0
DA:365,0
DA:366,0
DA:367,0
DA:368,0
DA:373,0
DA:403,0
DA:406,0
DA:414,0
DA:415,0
DA:417,0
DA:479,0
DA:480,0
DA:482,0
DA:483,0
DA:485,0
DA:509,0
DA:511,0
DA:514,0
DA:515,0
DA:518,0
DA:519,0
DA:520,0
DA:521,0
DA:522,0
DA:526,0
DA:531,0
DA:534,0
DA:535,0
DA:536,0
DA:537,0
DA:538,0
DA:542,0
DA:543,0
DA:544,0
DA:545,0
DA:546,0
DA:549,0
DA:550,0
DA:551,0
DA:552,0
DA:557,0
DA:559,0
DA:560,0
DA:564,0
DA:565,0
DA:570,0
LF:81
LH:0
end_of_record
TN:
SF:/app/crates/tsuzulint_plugin/src/manifest.rs
FN:82,RuleManifest::new
FN:97,RuleManifest::with_description
FNF:2
FNDA:0,RuleManifest::new
FNDA:0,RuleManifest::with_description
DA:82,0
DA:84,0
DA:85,0
DA:88,0
DA:91,0
DA:92,0
DA:97,0
DA:98,0
DA:99,0
LF:9
LH:0
end_of_record
TN:
SF:/app/crates/tsuzulint_registry/src/cache.rs
FN:16,<impl From for CacheError>::from
FN:36,PluginCache::new
FN:43,PluginCache::with_dir
FN:49,PluginCache::get_path
FN:102,PluginCache::get
FN:118,PluginCache::store
FN:177,PluginCache::remove
FN:193,PluginCache::clear
FNF:8
FNDA:1,<impl From for CacheError>::from
FNDA:2,PluginCache::new
FNDA:4,PluginCache::with_dir
FNDA:1,PluginCache::get_path
FNDA:1,PluginCache::get
FNDA:1,PluginCache::store
FNDA:1,PluginCache::remove
FNDA:1,PluginCache::clear
DA:16,1
DA:17,2
DA:18,1
DA:20,0
DA:36,2
DA:37,2
DA:38,4
DA:39,2
DA:43,4
DA:45,4
DA:49,1
DA:51,6
DA:52,4
DA:53,4
DA:54,7
DA:55,3
DA:56,1
DA:60,2
DA:61,1
DA:64,2
DA:65,1
DA:71,2
DA:72,1
DA:74,1
DA:77,1
DA:80,8
DA:81,3
DA:82,1
DA:83,2
DA:84,2
DA:87,0
DA:90,1
DA:91,1
DA:92,2
DA:96,0
DA:102,1
DA:103,1
DA:104,3
DA:105,3
DA:107,5
DA:108,2
DA:109,1
DA:110,2
DA:113,2
DA:118,1
DA:125,3
DA:126,1
DA:132,4
DA:134,3
DA:135,6
DA:137,3
DA:142,3
DA:143,4
DA:144,2
DA:145,6
DA:146,8
DA:148,2
DA:149,2
DA:150,2
DA:151,4
DA:153,2
DA:154,2
DA:155,2
DA:157,0
DA:158,0
DA:163,0
DA:164,0
DA:168,3
DA:170,1
DA:171,2
DA:172,1
DA:177,1
DA:178,1
DA:179,0
DA:185,2
DA:186,1
DA:189,1
DA:193,1
DA:194,1
DA:195,1
DA:197,1
LF:81
LH:73
end_of_record
TN:
SF:/app/crates/tsuzulint_registry/src/downloader.rs
FN:50,WasmDownloader::new
FN:55,WasmDownloader::with_max_size
FN:60,WasmDownloader::with_options
FN:64,WasmDownloader::create
FN:77,WasmDownloader::max_size
FN:85,WasmDownloader::allow_local
FN:91,WasmDownloader::download
FNF:7
FNDA:2,WasmDownloader::new
FNDA:1,WasmDownloader::with_max_size
FNDA:1,WasmDownloader::with_options
FNDA:1,WasmDownloader::create
FNDA:1,WasmDownloader::max_size
FNDA:1,WasmDownloader::allow_local
FNDA:4,WasmDownloader::download
DA:50,2
DA:51,1
DA:55,1
DA:56,1
DA:60,1
DA:61,1
DA:64,1
DA:65,1
DA:66,1
DA:67,4
DA:70,3
DA:77,1
DA:78,1
DA:85,1
DA:86,1
DA:87,1
DA:91,4
DA:92,8
DA:94,3
DA:95,8
DA:96,3
DA:97,1
DA:98,1
DA:100,1
DA:103,4
DA:105,1
DA:106,2
LF:27
LH:27
end_of_record
TN:
SF:/app/crates/tsuzulint_registry/src/fetcher.rs
FN:31,PluginSource::github
FN:41,PluginSource::github_with_version
FN:55,PluginSource::url
FN:60,PluginSource::path
FN:73,<impl Default for ManifestFetcher>::default
FN:80,ManifestFetcher::new
FN:91,ManifestFetcher::allow_local
FN:104,ManifestFetcher::fetch
FN:121,ManifestFetcher::fetch_from_github
FN:140,ManifestFetcher::fetch_from_url
FN:151,ManifestFetcher::fetch_from_path
FNF:11
FNDA:2,PluginSource::github
FNDA:1,PluginSource::github_with_version
FNDA:1,PluginSource::url
FNDA:1,PluginSource::path
FNDA:0,<impl Default for ManifestFetcher>::default
FNDA:1,ManifestFetcher::new
FNDA:1,ManifestFetcher::allow_local
FNDA:6,ManifestFetcher::fetch
FNDA:1,ManifestFetcher::fetch_from_github
FNDA:4,ManifestFetcher::fetch_from_url
FNDA:5,ManifestFetcher::fetch_from_path
DA:31,2
DA:33,2
DA:34,2
DA:41,1
DA:47,1
DA:48,1
DA:49,2
DA:55,1
DA:56,1
DA:60,1
DA:61,1
DA:73,0
DA:74,0
DA:80,1
DA:82,1
DA:91,1
DA:93,1
DA:98,1
DA:99,1
DA:104,6
DA:105,1
DA:106,1
DA:112,5
DA:113,7
DA:115,3
DA:116,3
DA:121,1
DA:128,4
DA:131,2
DA:132,0
DA:133,2
DA:136,6
DA:140,4
DA:141,5
DA:143,1
DA:144,5
DA:145,2
DA:146,2
DA:147,2
DA:151,5
DA:152,2
DA:153,1
DA:155,2
DA:159,3
DA:160,1
DA:164,5
DA:165,2
DA:166,1
DA:167,4
DA:169,1
DA:170,2
DA:176,5
DA:177,1
LF:53
LH:50
end_of_record
TN:
SF:/app/crates/tsuzulint_registry/src/http_client.rs
FN:131,<impl Default for SecureHttpClient>::default
FN:138,SecureHttpClient::builder
FN:147,SecureHttpClient::with_allow_local
FN:153,SecureHttpClient::fetch
FN:162,SecureHttpClient::fetch_with_size_limit
FN:170,SecureHttpClient::fetch_internal
FN:266,SecureHttpClient::build_client
FN:304,SecureHttpClientBuilder::timeout
FN:310,SecureHttpClientBuilder::allow_local
FN:316,SecureHttpClientBuilder::max_redirects
FN:322,SecureHttpClientBuilder::build
FNF:11
FNDA:1,<impl Default for SecureHttpClient>::default
FNDA:1,SecureHttpClient::builder
FNDA:3,SecureHttpClient::with_allow_local
FNDA:7,SecureHttpClient::fetch
FNDA:1,SecureHttpClient::fetch_with_size_limit
FNDA:2,SecureHttpClient::fetch_internal
FNDA:12,SecureHttpClient::build_client
FNDA:1,SecureHttpClientBuilder::timeout
FNDA:2,SecureHttpClientBuilder::allow_local
FNDA:1,SecureHttpClientBuilder::max_redirects
FNDA:1,SecureHttpClientBuilder::build
DA:131,1
DA:132,1
DA:138,1
DA:147,3
DA:148,2
DA:149,2
DA:153,7
DA:154,5
DA:162,1
DA:167,8
DA:170,2
DA:175,2
DA:176,2
DA:179,6
DA:180,4
DA:182,5
DA:184,6
DA:186,10
DA:187,2
DA:188,1
DA:190,12
DA:192,6
DA:193,3
DA:195,1
DA:196,1
DA:197,0
DA:198,0
DA:202,4
DA:203,1
DA:204,1
DA:208,1
DA:209,0
DA:215,1
DA:216,1
DA:217,1
DA:220,2
DA:224,6
DA:225,2
DA:231,8
DA:232,3
DA:233,1
DA:235,0
DA:239,2
DA:240,5
DA:241,2
DA:242,2
DA:244,7
DA:245,2
DA:246,2
DA:248,1
DA:249,1
DA:250,1
DA:251,1
DA:255,3
DA:258,1
DA:260,2
DA:261,1
DA:266,12
DA:267,3
DA:268,8
DA:269,6
DA:270,3
DA:271,3
DA:274,2
DA:275,0
DA:278,2
DA:280,6
DA:281,3
DA:282,1
DA:283,1
DA:286,2
DA:287,0
DA:290,3
DA:291,2
DA:294,3
DA:295,2
DA:296,2
DA:298,1
DA:304,1
DA:305,2
DA:306,3
DA:310,2
DA:311,2
DA:312,2
DA:316,1
DA:317,1
DA:318,1
DA:322,1
DA:324,3
DA:325,1
DA:326,3
LF:91
LH:85
end_of_record
TN:
SF:/app/crates/tsuzulint_registry/src/resolver.rs
FN:51,PluginResolver::new
FN:59,PluginResolver::with_fetcher
FN:67,PluginResolver::with_cache
FN:72,PluginResolver::with_downloader
FN:77,PluginResolver::resolve
FN:113,PluginResolver::prepare_source
FN:127,PluginResolver::resolve_remote
FN:220,PluginResolver::resolve_local
FNF:8
FNDA:1,PluginResolver::new
FNDA:1,PluginResolver::with_fetcher
FNDA:2,PluginResolver::with_cache
FNDA:2,PluginResolver::with_downloader
FNDA:6,PluginResolver::resolve
FNDA:1,PluginResolver::prepare_source
FNDA:1,PluginResolver::resolve_remote
FNDA:1,PluginResolver::resolve_local
DA:51,1
DA:52,1
DA:53,1
DA:54,2
DA:55,4
DA:59,1
DA:60,2
DA:62,2
DA:63,4
DA:67,2
DA:68,4
DA:69,2
DA:72,2
DA:73,2
DA:74,2
DA:77,6
DA:78,2
DA:80,3
DA:81,1
DA:82,1
DA:86,4
DA:88,1
DA:91,3
DA:93,1
DA:94,1
DA:95,2
DA:96,5
DA:97,5
DA:100,1
DA:101,4
DA:102,4
DA:105,6
DA:106,0
DA:108,6
DA:113,1
DA:114,1
DA:115,1
DA:116,1
DA:117,1
DA:118,1
DA:120,1
DA:122,3
DA:127,1
DA:134,5
DA:137,6
DA:138,2
DA:140,2
DA:141,6
DA:142,0
DA:144,2
DA:145,0
DA:146,0
DA:150,2
DA:152,2
DA:153,2
DA:155,2
DA:156,1
DA:157,0
DA:162,1
DA:163,1
DA:165,1
DA:166,1
DA:167,0
DA:172,1
DA:175,1
DA:176,1
DA:177,2
DA:178,1
DA:179,1
DA:180,1
DA:181,1
DA:182,1
DA:185,1
DA:191,0
DA:192,0
DA:201,3
DA:203,2
DA:205,4
DA:206,2
DA:208,4
DA:210,4
DA:212,2
DA:213,1
DA:214,2
DA:215,2
DA:216,2
DA:220,1
DA:226,6
DA:229,6
DA:230,2
DA:231,0
DA:233,2
DA:234,0
DA:235,0
DA:239,4
DA:240,2
DA:242,2
DA:244,2
DA:245,1
DA:246,2
DA:248,1
DA:249,0
DA:253,0
DA:256,3
DA:257,2
DA:259,2
DA:260,2
DA:261,2
DA:263,1
DA:264,0
DA:265,0
DA:268,0
DA:271,3
DA:272,0
DA:273,0
DA:277,3
DA:279,2
DA:280,1
DA:281,2
DA:282,1
DA:283,2
LF:121
LH:103
end_of_record
TN:
SF:/app/crates/tsuzulint_registry/src/security.rs
FN:24,check_ip
FN:52,validate_url
FN:78,validate_local_wasm_path
FNF:3
FNDA:1,check_ip
FNDA:1,validate_url
FNDA:1,validate_local_wasm_path
DA:24,1
DA:25,1
DA:26,1
DA:27,1
DA:28,1
DA:30,1
DA:31,1
DA:34,1
DA:35,2
DA:36,1
DA:40,1
DA:41,1
DA:44,1
DA:45,1
DA:49,1
DA:52,1
DA:53,2
DA:54,2
DA:57,2
DA:58,1
DA:61,2
DA:62,2
DA:63,1
DA:66,1
DA:67,2
DA:69,1
DA:70,3
DA:75,1
DA:78,1
DA:82,2
DA:83,1
DA:84,1
DA:88,1
DA:90,3
DA:92,1
DA:93,1
DA:97,1
DA:99,2
DA:100,1
DA:101,2
DA:105,1
DA:107,1
DA:108,0
DA:109,0
DA:112,2
DA:114,1
DA:115,0
DA:116,0
DA:119,2
DA:120,1
DA:121,2
DA:122,2
DA:126,1
LF:53
LH:49
end_of_record
TN:
SF:/app/crates/tsuzulint_registry/src/spec.rs
FN:27,PluginSpec::parse
FN:35,PluginSpec::parse_string
FN:72,PluginSpec::parse_object
FNF:3
FNDA:2,PluginSpec::parse
FNDA:2,PluginSpec::parse_string
FNDA:2,PluginSpec::parse_object
DA:27,2
DA:28,2
DA:29,1
DA:30,2
DA:31,0
DA:35,2
DA:36,2
DA:37,6
DA:38,4
DA:40,2
DA:41,2
DA:42,1
DA:44,2
DA:46,1
DA:49,4
DA:50,4
DA:51,1
DA:54,4
DA:55,2
DA:57,4
DA:58,1
DA:61,2
DA:62,2
DA:63,2
DA:64,2
DA:65,2
DA:66,2
DA:68,2
DA:72,2
DA:83,2
DA:84,1
DA:86,3
DA:88,3
DA:91,1
DA:92,2
DA:93,2
DA:97,3
DA:98,1
DA:99,1
DA:103,2
DA:104,2
DA:105,2
DA:106,3
DA:108,1
DA:109,1
DA:110,1
DA:114,2
DA:115,2
DA:116,1
DA:117,1
DA:120,1
DA:121,1
DA:122,1
DA:126,2
DA:127,1
DA:128,2
DA:129,1
DA:133,0
LF:58
LH:56
end_of_record
TN:
SF:/app/crates/tsuzulint_wasm/src/lib.rs
FN:12,to_js_error
FNF:1
FNDA:0,to_js_error
DA:12,0
DA:13,0
LF:2
LH:0
end_of_record
TN:
SF:/app/rules/no-doubled-joshi/src/lib.rs
FNF:0
DA:295,0
DA:299,0
DA:300,0
DA:301,0
DA:304,0
DA:305,0
DA:306,0
DA:309,0
DA:310,0
DA:312,0
DA:314,0
DA:318,0
DA:319,0
DA:320,0
DA:323,0
DA:324,0
DA:327,0
DA:329,0
DA:332,0
DA:335,0
DA:336,0
DA:337,0
DA:340,0
DA:341,0
DA:342,0
DA:343,0
DA:347,0
DA:352,0
LF:28
LH:0
end_of_record
TN:
SF:/app/rules/rules-pdk/src/lib.rs
FN:26,AstNode::new
FNF:1
FNDA:0,AstNode::new
DA:26,0
DA:28,0
DA:138,0
DA:139,0
DA:140,0
DA:141,0
DA:143,0
DA:362,0
DA:364,0
DA:366,0
DA:466,0
DA:468,0
DA:545,0
DA:547,0
DA:548,0
DA:556,0
DA:558,0
DA:559,0
DA:629,0
DA:632,0
DA:637,0
DA:639,0
DA:640,0
DA:703,0
DA:705,0
DA:706,0
DA:709,0
DA:710,0
DA:711,0
DA:716,0
DA:717,0
DA:718,0
DA:762,0
DA:763,0
DA:764,0
DA:765,0
DA:766,0
DA:768,0
DA:789,0
DA:791,0
DA:792,0
DA:793,0
DA:798,0
LF:43
LH:0
end_of_record
