SF:/app/crates/tsuzulint_ast/src/arena.rs
FN:40,_RNvMNtCs9bJaZoOZVf6_13tsuzulint_ast5arenaNtB2_8AstArena3newCsBJS9GT0NqI_13tsuzulint_lsp
FN:40,_RNvMNtCs9bJaZoOZVf6_13tsuzulint_ast5arenaNtB2_8AstArena3newCsdHNy3eV5zAX_14tsuzulint_core
FN:60,_RNvMNtCs9bJaZoOZVf6_13tsuzulint_ast5arenaNtB2_8AstArena9alloc_strCs6rVTX6UnG69_16tsuzulint_parser
FN:66,_RINvMNtCs9bJaZoOZVf6_13tsuzulint_ast5arenaNtB3_8AstArena16alloc_slice_copyNtNtB5_4node7TxtNodeECs6rVTX6UnG69_16tsuzulint_parser
FN:72,_RINvMNtCs9bJaZoOZVf6_13tsuzulint_ast5arenaNtB3_8AstArena17alloc_slice_cloneNtNtB5_4node7TxtNodeECs6rVTX6UnG69_16tsuzulint_parser
FN:78,_RINvMNtCs9bJaZoOZVf6_13tsuzulint_ast5arenaNtB3_8AstArena21alloc_slice_fill_iterNtNtB5_4node7TxtNodeINtNtNtNtCs4kUJL3MZFFz_4core4iter8adapters3map3MapINtNtNtB1I_5slice4iter4IterNtNtCsjOWsk9qhkUz_8markdown5mdast4NodeENCNvMNtCs6rVTX6UnG69_16tsuzulint_parser8markdownNtB3w_14MarkdownParser16convert_children0EEB3y_
FN:54,_RINvMNtCs9bJaZoOZVf6_13tsuzulint_ast5arenaNtB3_8AstArena5allocNtNtB5_4node7TxtNodeECs6rVTX6UnG69_16tsuzulint_parser
FN:66,_RINvMNtCs9bJaZoOZVf6_13tsuzulint_ast5arenaNtB3_8AstArena16alloc_slice_copypEB5_
FN:72,_RINvMNtCs9bJaZoOZVf6_13tsuzulint_ast5arenaNtB3_8AstArena17alloc_slice_clonepEB5_
FN:78,_RINvMNtCs9bJaZoOZVf6_13tsuzulint_ast5arenaNtB3_8AstArena21alloc_slice_fill_iterppEB5_
FN:54,_RINvMNtCs9bJaZoOZVf6_13tsuzulint_ast5arenaNtB3_8AstArena5allocpEB5_
FN:46,_RNvMNtCs9bJaZoOZVf6_13tsuzulint_ast5arenaNtB2_8AstArena13with_capacityB4_
FN:88,_RNvMNtCs9bJaZoOZVf6_13tsuzulint_ast5arenaNtB2_8AstArena15allocated_bytesB4_
FN:96,_RNvMNtCs9bJaZoOZVf6_13tsuzulint_ast5arenaNtB2_8AstArena5resetB4_
FN:60,_RNvMNtCs9bJaZoOZVf6_13tsuzulint_ast5arenaNtB2_8AstArena9alloc_strB4_
FN:112,_RNvNtNtCscCfipWx6sdZ_13tsuzulint_ast5arena5testss_16test_arena_alloc
FN:140,_RNvNtNtCscCfipWx6sdZ_13tsuzulint_ast5arena5testss_16test_arena_reset
FN:119,_RNvNtNtCscCfipWx6sdZ_13tsuzulint_ast5arena5testss_20test_arena_alloc_str
FN:126,_RNvNtNtCscCfipWx6sdZ_13tsuzulint_ast5arena5testss_22test_arena_alloc_slice
FN:133,_RNvNtNtCscCfipWx6sdZ_13tsuzulint_ast5arena5testss_32test_arena_alloc_slice_fill_iter
FN:46,_RNvMNtCscCfipWx6sdZ_13tsuzulint_ast5arenaNtB2_8AstArena13with_capacityB4_
FN:102,_RNvXs_NtCscCfipWx6sdZ_13tsuzulint_ast5arenaNtB4_8AstArenaNtNtCs4kUJL3MZFFz_4core7default7Default7default
FN:88,_RNvMNtCscCfipWx6sdZ_13tsuzulint_ast5arenaNtB2_8AstArena15allocated_bytesB4_
FN:40,_RNvMNtCscCfipWx6sdZ_13tsuzulint_ast5arenaNtB2_8AstArena3newB4_
FN:96,_RNvMNtCscCfipWx6sdZ_13tsuzulint_ast5arenaNtB2_8AstArena5resetB4_
FN:60,_RNvMNtCscCfipWx6sdZ_13tsuzulint_ast5arenaNtB2_8AstArena9alloc_strB4_
FN:135,_RNCNvNtNtCscCfipWx6sdZ_13tsuzulint_ast5arena5testss_32test_arena_alloc_slice_fill_iter0B7_
FN:66,_RINvMNtCscCfipWx6sdZ_13tsuzulint_ast5arenaNtB3_8AstArena16alloc_slice_copyNtNtB5_4node7TxtNodeEB5_
FN:66,_RINvMNtCscCfipWx6sdZ_13tsuzulint_ast5arenaNtB3_8AstArena16alloc_slice_copylEB5_
FN:72,_RINvMNtCscCfipWx6sdZ_13tsuzulint_ast5arenaNtB3_8AstArena17alloc_slice_cloneNtNtB5_4node7TxtNodeEB5_
FN:78,_RINvMNtCscCfipWx6sdZ_13tsuzulint_ast5arenaNtB3_8AstArena21alloc_slice_fill_iterlINtNtNtNtCs4kUJL3MZFFz_4core4iter8adapters3map3MapINtNtNtB1p_3ops5range5RangelENCNvNtB3_5testss_32test_arena_alloc_slice_fill_iter0EEB5_
FN:54,_RINvMNtCscCfipWx6sdZ_13tsuzulint_ast5arenaNtB3_8AstArena5allocNtNtB5_4node7TxtNodeEB5_
FN:54,_RINvMNtCscCfipWx6sdZ_13tsuzulint_ast5arenaNtB3_8AstArena5allocmEB5_
FN:40,_RNvMNtCs9bJaZoOZVf6_13tsuzulint_ast5arenaNtB2_8AstArena3newCs47f85yxqTTa_14tsuzulint_core
FN:40,_RNvMNtCs9bJaZoOZVf6_13tsuzulint_ast5arenaNtB2_8AstArena3newCslSoYyaIRsdV_13tsuzulint_lsp
FN:40,_RNvMNtCs9bJaZoOZVf6_13tsuzulint_ast5arenaNtB2_8AstArena3newCskrHlX1vBtOp_16tsuzulint_parser
FN:60,_RNvMNtCs9bJaZoOZVf6_13tsuzulint_ast5arenaNtB2_8AstArena9alloc_strCskrHlX1vBtOp_16tsuzulint_parser
FN:66,_RINvMNtCs9bJaZoOZVf6_13tsuzulint_ast5arenaNtB3_8AstArena16alloc_slice_copyNtNtB5_4node7TxtNodeECskrHlX1vBtOp_16tsuzulint_parser
FN:72,_RINvMNtCs9bJaZoOZVf6_13tsuzulint_ast5arenaNtB3_8AstArena17alloc_slice_cloneNtNtB5_4node7TxtNodeECskrHlX1vBtOp_16tsuzulint_parser
FN:78,_RINvMNtCs9bJaZoOZVf6_13tsuzulint_ast5arenaNtB3_8AstArena21alloc_slice_fill_iterNtNtB5_4node7TxtNodeINtNtNtNtCs4kUJL3MZFFz_4core4iter8adapters3map3MapINtNtNtB1I_5slice4iter4IterNtNtCsjOWsk9qhkUz_8markdown5mdast4NodeENCNvMNtCskrHlX1vBtOp_16tsuzulint_parser8markdownNtB3w_14MarkdownParser16convert_children0EEB3y_
FN:54,_RINvMNtCs9bJaZoOZVf6_13tsuzulint_ast5arenaNtB3_8AstArena5allocNtNtB5_4node7TxtNodeECskrHlX1vBtOp_16tsuzulint_parser
FN:40,_RNvMNtCs9bJaZoOZVf6_13tsuzulint_ast5arenaNtB2_8AstArena3newCsjpSJrqRQcuS_14tsuzulint_wasm
FN:60,_RNvMNtCs9bJaZoOZVf6_13tsuzulint_ast5arenaNtB2_8AstArena9alloc_strCsjpSJrqRQcuS_14tsuzulint_wasm
FNDA:0,_RNvMNtCs9bJaZoOZVf6_13tsuzulint_ast5arenaNtB2_8AstArena3newCsBJS9GT0NqI_13tsuzulint_lsp
FNDA:16,_RNvMNtCs9bJaZoOZVf6_13tsuzulint_ast5arenaNtB2_8AstArena3newCsdHNy3eV5zAX_14tsuzulint_core
FNDA:225,_RNvMNtCs9bJaZoOZVf6_13tsuzulint_ast5arenaNtB2_8AstArena9alloc_strCs6rVTX6UnG69_16tsuzulint_parser
FNDA:218,_RINvMNtCs9bJaZoOZVf6_13tsuzulint_ast5arenaNtB3_8AstArena16alloc_slice_copyNtNtB5_4node7TxtNodeECs6rVTX6UnG69_16tsuzulint_parser
FNDA:5,_RINvMNtCs9bJaZoOZVf6_13tsuzulint_ast5arenaNtB3_8AstArena17alloc_slice_cloneNtNtB5_4node7TxtNodeECs6rVTX6UnG69_16tsuzulint_parser
FNDA:265,_RINvMNtCs9bJaZoOZVf6_13tsuzulint_ast5arenaNtB3_8AstArena21alloc_slice_fill_iterNtNtB5_4node7TxtNodeINtNtNtNtCs4kUJL3MZFFz_4core4iter8adapters3map3MapINtNtNtB1I_5slice4iter4IterNtNtCsjOWsk9qhkUz_8markdown5mdast4NodeENCNvMNtCs6rVTX6UnG69_16tsuzulint_parser8markdownNtB3w_14MarkdownParser16convert_children0EEB3y_
FNDA:240,_RINvMNtCs9bJaZoOZVf6_13tsuzulint_ast5arenaNtB3_8AstArena5allocNtNtB5_4node7TxtNodeECs6rVTX6UnG69_16tsuzulint_parser
FNDA:0,_RINvMNtCs9bJaZoOZVf6_13tsuzulint_ast5arenaNtB3_8AstArena16alloc_slice_copypEB5_
FNDA:0,_RINvMNtCs9bJaZoOZVf6_13tsuzulint_ast5arenaNtB3_8AstArena17alloc_slice_clonepEB5_
FNDA:0,_RINvMNtCs9bJaZoOZVf6_13tsuzulint_ast5arenaNtB3_8AstArena21alloc_slice_fill_iterppEB5_
FNDA:0,_RINvMNtCs9bJaZoOZVf6_13tsuzulint_ast5arenaNtB3_8AstArena5allocpEB5_
FNDA:0,_RNvMNtCs9bJaZoOZVf6_13tsuzulint_ast5arenaNtB2_8AstArena13with_capacityB4_
FNDA:0,_RNvMNtCs9bJaZoOZVf6_13tsuzulint_ast5arenaNtB2_8AstArena15allocated_bytesB4_
FNDA:0,_RNvMNtCs9bJaZoOZVf6_13tsuzulint_ast5arenaNtB2_8AstArena5resetB4_
FNDA:0,_RNvMNtCs9bJaZoOZVf6_13tsuzulint_ast5arenaNtB2_8AstArena9alloc_strB4_
FNDA:1,_RNvNtNtCscCfipWx6sdZ_13tsuzulint_ast5arena5testss_16test_arena_alloc
FNDA:1,_RNvNtNtCscCfipWx6sdZ_13tsuzulint_ast5arena5testss_16test_arena_reset
FNDA:1,_RNvNtNtCscCfipWx6sdZ_13tsuzulint_ast5arena5testss_20test_arena_alloc_str
FNDA:1,_RNvNtNtCscCfipWx6sdZ_13tsuzulint_ast5arena5testss_22test_arena_alloc_slice
FNDA:1,_RNvNtNtCscCfipWx6sdZ_13tsuzulint_ast5arena5testss_32test_arena_alloc_slice_fill_iter
FNDA:0,_RNvMNtCscCfipWx6sdZ_13tsuzulint_ast5arenaNtB2_8AstArena13with_capacityB4_
FNDA:0,_RNvXs_NtCscCfipWx6sdZ_13tsuzulint_ast5arenaNtB4_8AstArenaNtNtCs4kUJL3MZFFz_4core7default7Default7default
FNDA:2,_RNvMNtCscCfipWx6sdZ_13tsuzulint_ast5arenaNtB2_8AstArena15allocated_bytesB4_
FNDA:25,_RNvMNtCscCfipWx6sdZ_13tsuzulint_ast5arenaNtB2_8AstArena3newB4_
FNDA:1,_RNvMNtCscCfipWx6sdZ_13tsuzulint_ast5arenaNtB2_8AstArena5resetB4_
FNDA:14,_RNvMNtCscCfipWx6sdZ_13tsuzulint_ast5arenaNtB2_8AstArena9alloc_strB4_
FNDA:5,_RNCNvNtNtCscCfipWx6sdZ_13tsuzulint_ast5arena5testss_32test_arena_alloc_slice_fill_iter0B7_
FNDA:15,_RINvMNtCscCfipWx6sdZ_13tsuzulint_ast5arenaNtB3_8AstArena16alloc_slice_copyNtNtB5_4node7TxtNodeEB5_
FNDA:1,_RINvMNtCscCfipWx6sdZ_13tsuzulint_ast5arenaNtB3_8AstArena16alloc_slice_copylEB5_
FNDA:1,_RINvMNtCscCfipWx6sdZ_13tsuzulint_ast5arenaNtB3_8AstArena17alloc_slice_cloneNtNtB5_4node7TxtNodeEB5_
FNDA:1,_RINvMNtCscCfipWx6sdZ_13tsuzulint_ast5arenaNtB3_8AstArena21alloc_slice_fill_iterlINtNtNtNtCs4kUJL3MZFFz_4core4iter8adapters3map3MapINtNtNtB1p_3ops5range5RangelENCNvNtB3_5testss_32test_arena_alloc_slice_fill_iter0EEB5_
FNDA:36,_RINvMNtCscCfipWx6sdZ_13tsuzulint_ast5arenaNtB3_8AstArena5allocNtNtB5_4node7TxtNodeEB5_
FNDA:3,_RINvMNtCscCfipWx6sdZ_13tsuzulint_ast5arenaNtB3_8AstArena5allocmEB5_
FNDA:77,_RNvMNtCs9bJaZoOZVf6_13tsuzulint_ast5arenaNtB2_8AstArena3newCs47f85yxqTTa_14tsuzulint_core
FNDA:1,_RNvMNtCs9bJaZoOZVf6_13tsuzulint_ast5arenaNtB2_8AstArena3newCslSoYyaIRsdV_13tsuzulint_lsp
FNDA:41,_RNvMNtCs9bJaZoOZVf6_13tsuzulint_ast5arenaNtB2_8AstArena3newCskrHlX1vBtOp_16tsuzulint_parser
FNDA:84,_RNvMNtCs9bJaZoOZVf6_13tsuzulint_ast5arenaNtB2_8AstArena9alloc_strCskrHlX1vBtOp_16tsuzulint_parser
FNDA:14,_RINvMNtCs9bJaZoOZVf6_13tsuzulint_ast5arenaNtB3_8AstArena16alloc_slice_copyNtNtB5_4node7TxtNodeECskrHlX1vBtOp_16tsuzulint_parser
FNDA:13,_RINvMNtCs9bJaZoOZVf6_13tsuzulint_ast5arenaNtB3_8AstArena17alloc_slice_cloneNtNtB5_4node7TxtNodeECskrHlX1vBtOp_16tsuzulint_parser
FNDA:109,_RINvMNtCs9bJaZoOZVf6_13tsuzulint_ast5arenaNtB3_8AstArena21alloc_slice_fill_iterNtNtB5_4node7TxtNodeINtNtNtNtCs4kUJL3MZFFz_4core4iter8adapters3map3MapINtNtNtB1I_5slice4iter4IterNtNtCsjOWsk9qhkUz_8markdown5mdast4NodeENCNvMNtCskrHlX1vBtOp_16tsuzulint_parser8markdownNtB3w_14MarkdownParser16convert_children0EEB3y_
FNDA:14,_RINvMNtCs9bJaZoOZVf6_13tsuzulint_ast5arenaNtB3_8AstArena5allocNtNtB5_4node7TxtNodeECskrHlX1vBtOp_16tsuzulint_parser
FNDA:3,_RNvMNtCs9bJaZoOZVf6_13tsuzulint_ast5arenaNtB2_8AstArena3newCsjpSJrqRQcuS_14tsuzulint_wasm
FNDA:4,_RNvMNtCs9bJaZoOZVf6_13tsuzulint_ast5arenaNtB2_8AstArena9alloc_strCsjpSJrqRQcuS_14tsuzulint_wasm
FNF:16
FNH:14
DA:40,163
DA:41,163
DA:42,163
DA:46,0
DA:47,0
DA:48,0
DA:49,0
DA:50,0
DA:54,293
DA:55,293
DA:56,293
DA:60,327
DA:61,327
DA:62,327
DA:66,248
DA:67,248
DA:68,248
DA:72,19
DA:73,19
DA:74,19
DA:78,375
DA:79,375
DA:80,375
DA:81,375
DA:83,375
DA:84,375
DA:88,2
DA:89,2
DA:90,2
DA:96,1
DA:97,1
DA:98,1
DA:102,0
DA:103,0
DA:104,0
DA:112,1
DA:113,1
DA:114,1
DA:115,1
DA:116,1
DA:119,1
DA:120,1
DA:121,1
DA:122,1
DA:123,1
DA:126,1
DA:127,1
DA:128,1
DA:129,1
DA:130,1
DA:133,1
DA:134,1
DA:135,5
DA:136,1
DA:137,1
DA:140,1
DA:141,1
DA:142,1
DA:143,1
DA:144,1
DA:146,1
DA:149,1
DA:150,1
BRF:0
BRH:0
LF:64
LH:56
end_of_record
SF:/app/crates/tsuzulint_ast/src/node.rs
FN:295,_RINvMs0_NtCs9bJaZoOZVf6_13tsuzulint_ast4nodeNtB6_8NodeData16serialize_fieldsINtNtCs7QBYx3CHZnw_10serde_json3ser8CompoundQINtNtCsauO83Ko6oyK_5alloc3vec3VechENtB1f_16CompactFormatterEECsdHNy3eV5zAX_14tsuzulint_core
FN:295,_RINvMs0_NtCs9bJaZoOZVf6_13tsuzulint_ast4nodeNtB6_8NodeData16serialize_fieldsNtNtNtCs7QBYx3CHZnw_10serde_json5value3ser12SerializeMapECsdHNy3eV5zAX_14tsuzulint_core
FN:93,_RINvXNtCs9bJaZoOZVf6_13tsuzulint_ast4nodeNtB3_7TxtNodeNtNtCsdBCzScGN83d_10serde_core3ser9Serialize9serializeNtNtNtCs7QBYx3CHZnw_10serde_json5value3ser10SerializerECsdHNy3eV5zAX_14tsuzulint_core
FN:93,_RINvXNtCs9bJaZoOZVf6_13tsuzulint_ast4nodeNtB3_7TxtNodeNtNtCsdBCzScGN83d_10serde_core3ser9Serialize9serializeQINtNtCs7QBYx3CHZnw_10serde_json3ser10SerializerQINtNtCsauO83Ko6oyK_5alloc3vec3VechEEECsdHNy3eV5zAX_14tsuzulint_core
FN:196,_RNvMs_NtCs9bJaZoOZVf6_13tsuzulint_ast4nodeNtB4_7TxtNode3urlCsdHNy3eV5zAX_14tsuzulint_core
FN:225,_RNvMs_NtCs9bJaZoOZVf6_13tsuzulint_ast4nodeNtB4_7TxtNode4langCsdHNy3eV5zAX_14tsuzulint_core
FN:187,_RNvMs_NtCs9bJaZoOZVf6_13tsuzulint_ast4nodeNtB4_7TxtNode5depthCsdHNy3eV5zAX_14tsuzulint_core
FN:206,_RNvMs_NtCs9bJaZoOZVf6_13tsuzulint_ast4nodeNtB4_7TxtNode5titleCsdHNy3eV5zAX_14tsuzulint_core
FN:364,_RNvMs0_NtCs9bJaZoOZVf6_13tsuzulint_ast4nodeNtB5_8NodeData10code_blockCs6rVTX6UnG69_16tsuzulint_parser
FN:382,_RNvMs0_NtCs9bJaZoOZVf6_13tsuzulint_ast4nodeNtB5_8NodeData10definitionCs6rVTX6UnG69_16tsuzulint_parser
FN:340,_RNvMs0_NtCs9bJaZoOZVf6_13tsuzulint_ast4nodeNtB5_8NodeData3newCs6rVTX6UnG69_16tsuzulint_parser
FN:352,_RNvMs0_NtCs9bJaZoOZVf6_13tsuzulint_ast4nodeNtB5_8NodeData4linkCs6rVTX6UnG69_16tsuzulint_parser
FN:370,_RNvMs0_NtCs9bJaZoOZVf6_13tsuzulint_ast4nodeNtB5_8NodeData4listCs6rVTX6UnG69_16tsuzulint_parser
FN:358,_RNvMs0_NtCs9bJaZoOZVf6_13tsuzulint_ast4nodeNtB5_8NodeData5imageCs6rVTX6UnG69_16tsuzulint_parser
FN:346,_RNvMs0_NtCs9bJaZoOZVf6_13tsuzulint_ast4nodeNtB5_8NodeData6headerCs6rVTX6UnG69_16tsuzulint_parser
FN:376,_RNvMs0_NtCs9bJaZoOZVf6_13tsuzulint_ast4nodeNtB5_8NodeData9referenceCs6rVTX6UnG69_16tsuzulint_parser
FN:130,_RNvMs_NtCs9bJaZoOZVf6_13tsuzulint_ast4nodeNtB4_7TxtNode10new_parentCs6rVTX6UnG69_16tsuzulint_parser
FN:154,_RNvMs_NtCs9bJaZoOZVf6_13tsuzulint_ast4nodeNtB4_7TxtNode8new_leafCs6rVTX6UnG69_16tsuzulint_parser
FN:142,_RNvMs_NtCs9bJaZoOZVf6_13tsuzulint_ast4nodeNtB4_7TxtNode8new_textCs6rVTX6UnG69_16tsuzulint_parser
FN:255,_RNvMs0_NtCs9bJaZoOZVf6_13tsuzulint_ast4nodeNtB5_8NodeData19present_field_count
FN:295,_RINvMs0_NtCs9bJaZoOZVf6_13tsuzulint_ast4nodeNtB6_8NodeData16serialize_fieldspEB8_
FN:93,_RINvXNtCs9bJaZoOZVf6_13tsuzulint_ast4nodeNtB3_7TxtNodeNtNtCsdBCzScGN83d_10serde_core3ser9Serialize9serializepEB5_
FN:364,_RNvMs0_NtCs9bJaZoOZVf6_13tsuzulint_ast4nodeNtB5_8NodeData10code_blockB7_
FN:382,_RNvMs0_NtCs9bJaZoOZVf6_13tsuzulint_ast4nodeNtB5_8NodeData10definitionB7_
FN:340,_RNvMs0_NtCs9bJaZoOZVf6_13tsuzulint_ast4nodeNtB5_8NodeData3newB7_
FN:352,_RNvMs0_NtCs9bJaZoOZVf6_13tsuzulint_ast4nodeNtB5_8NodeData4linkB7_
FN:370,_RNvMs0_NtCs9bJaZoOZVf6_13tsuzulint_ast4nodeNtB5_8NodeData4listB7_
FN:358,_RNvMs0_NtCs9bJaZoOZVf6_13tsuzulint_ast4nodeNtB5_8NodeData5imageB7_
FN:346,_RNvMs0_NtCs9bJaZoOZVf6_13tsuzulint_ast4nodeNtB5_8NodeData6headerB7_
FN:376,_RNvMs0_NtCs9bJaZoOZVf6_13tsuzulint_ast4nodeNtB5_8NodeData9referenceB7_
FN:234,_RNvMs_NtCs9bJaZoOZVf6_13tsuzulint_ast4nodeNtB4_7TxtNode10identifierB6_
FN:130,_RNvMs_NtCs9bJaZoOZVf6_13tsuzulint_ast4nodeNtB4_7TxtNode10new_parentB6_
FN:166,_RNvMs_NtCs9bJaZoOZVf6_13tsuzulint_ast4nodeNtB4_7TxtNode12has_childrenB6_
FN:196,_RNvMs_NtCs9bJaZoOZVf6_13tsuzulint_ast4nodeNtB4_7TxtNode3urlB6_
FN:225,_RNvMs_NtCs9bJaZoOZVf6_13tsuzulint_ast4nodeNtB4_7TxtNode4langB6_
FN:181,_RNvMs_NtCs9bJaZoOZVf6_13tsuzulint_ast4nodeNtB4_7TxtNode4textB6_
FN:187,_RNvMs_NtCs9bJaZoOZVf6_13tsuzulint_ast4nodeNtB4_7TxtNode5depthB6_
FN:244,_RNvMs_NtCs9bJaZoOZVf6_13tsuzulint_ast4nodeNtB4_7TxtNode5labelB6_
FN:206,_RNvMs_NtCs9bJaZoOZVf6_13tsuzulint_ast4nodeNtB4_7TxtNode5titleB6_
FN:172,_RNvMs_NtCs9bJaZoOZVf6_13tsuzulint_ast4nodeNtB4_7TxtNode7is_textB6_
FN:216,_RNvMs_NtCs9bJaZoOZVf6_13tsuzulint_ast4nodeNtB4_7TxtNode7orderedB6_
FN:154,_RNvMs_NtCs9bJaZoOZVf6_13tsuzulint_ast4nodeNtB4_7TxtNode8new_leafB6_
FN:142,_RNvMs_NtCs9bJaZoOZVf6_13tsuzulint_ast4nodeNtB4_7TxtNode8new_textB6_
FN:358,_RNvMs0_NtCscCfipWx6sdZ_13tsuzulint_ast4nodeNtB5_8NodeData5imageB7_
FN:542,_RNvNtNtCscCfipWx6sdZ_13tsuzulint_ast4node5testss_13test_new_leaf
FN:415,_RNvNtNtCscCfipWx6sdZ_13tsuzulint_ast4node5testss_13test_new_text
FN:552,_RNvNtNtCscCfipWx6sdZ_13tsuzulint_ast4node5testss_14test_node_span
FN:403,_RNvNtNtCscCfipWx6sdZ_13tsuzulint_ast4node5testss_15test_new_parent
FN:699,_RNvNtNtCscCfipWx6sdZ_13tsuzulint_ast4node5testss_19test_accessors_lang
FN:431,_RNvNtNtCscCfipWx6sdZ_13tsuzulint_ast4node5testss_19test_node_data_link
FN:654,_RNvNtNtCscCfipWx6sdZ_13tsuzulint_ast4node5testss_20test_accessors_depth
FN:641,_RNvNtNtCscCfipWx6sdZ_13tsuzulint_ast4node5testss_20test_code_block_node
FN:425,_RNvNtNtCscCfipWx6sdZ_13tsuzulint_ast4node5testss_21test_node_data_header
FN:602,_RNvNtNtCscCfipWx6sdZ_13tsuzulint_ast4node5testss_21test_node_text_method
FN:686,_RNvNtNtCscCfipWx6sdZ_13tsuzulint_ast4node5testss_22test_accessors_ordered
FN:633,_RNvNtNtCscCfipWx6sdZ_13tsuzulint_ast4node5testss_22test_code_node_is_text
FN:619,_RNvNtNtCscCfipWx6sdZ_13tsuzulint_ast4node5testss_22test_node_data_default
FN:611,_RNvNtNtCscCfipWx6sdZ_13tsuzulint_ast4node5testss_24test_header_depth_values
FN:577,_RNvNtNtCscCfipWx6sdZ_13tsuzulint_ast4node5testss_24test_nested_parent_nodes
FN:536,_RNvNtNtCscCfipWx6sdZ_13tsuzulint_ast4node5testss_24test_node_data_new_empty
FN:479,_RNvNtNtCscCfipWx6sdZ_13tsuzulint_ast4node5testss_24test_node_data_reference
FN:732,_RNvNtNtCscCfipWx6sdZ_13tsuzulint_ast4node5testss_24test_serialization_basic
FN:625,_RNvNtNtCscCfipWx6sdZ_13tsuzulint_ast4node5testss_25test_empty_children_slice
FN:455,_RNvNtNtCscCfipWx6sdZ_13tsuzulint_ast4node5testss_25test_node_data_code_block
FN:503,_RNvNtNtCscCfipWx6sdZ_13tsuzulint_ast4node5testss_25test_node_data_definition
FN:745,_RNvNtNtCscCfipWx6sdZ_13tsuzulint_ast4node5testss_25test_serialization_parent
FN:467,_RNvNtNtCscCfipWx6sdZ_13tsuzulint_ast4node5testss_27test_node_data_list_ordered
FN:664,_RNvNtNtCscCfipWx6sdZ_13tsuzulint_ast4node5testss_28test_accessors_url_and_title
FN:473,_RNvNtNtCscCfipWx6sdZ_13tsuzulint_ast4node5testss_29test_node_data_list_unordered
FN:820,_RNvNtNtCscCfipWx6sdZ_13tsuzulint_ast4node5testss_31test_nodedata_size_optimization
FN:773,_RNvNtNtCscCfipWx6sdZ_13tsuzulint_ast4node5testss_31test_serialization_empty_parent
FN:560,_RNvNtNtCscCfipWx6sdZ_13tsuzulint_ast4node5testss_32test_node_with_multiple_children
FN:522,_RNvNtNtCscCfipWx6sdZ_13tsuzulint_ast4node5testss_33test_node_data_definition_minimal
FN:443,_RNvNtNtCscCfipWx6sdZ_13tsuzulint_ast4node5testss_33test_node_data_link_without_title
FN:762,_RNvNtNtCscCfipWx6sdZ_13tsuzulint_ast4node5testss_33test_serialization_flattened_data
FN:712,_RNvNtNtCscCfipWx6sdZ_13tsuzulint_ast4node5testss_35test_accessors_identifier_and_label
FN:807,_RNvNtNtCscCfipWx6sdZ_13tsuzulint_ast4node5testss_35test_serialization_leaf_no_children
FN:461,_RNvNtNtCscCfipWx6sdZ_13tsuzulint_ast4node5testss_38test_node_data_code_block_without_lang
FN:491,_RNvNtNtCscCfipWx6sdZ_13tsuzulint_ast4node5testss_38test_node_data_reference_without_label
FN:784,_RNvNtNtCscCfipWx6sdZ_13tsuzulint_ast4node5testss_40test_serialization_definition_all_fields
FN:364,_RNvMs0_NtCscCfipWx6sdZ_13tsuzulint_ast4nodeNtB5_8NodeData10code_blockB7_
FN:382,_RNvMs0_NtCscCfipWx6sdZ_13tsuzulint_ast4nodeNtB5_8NodeData10definitionB7_
FN:255,_RNvMs0_NtCscCfipWx6sdZ_13tsuzulint_ast4nodeNtB5_8NodeData19present_field_count
FN:340,_RNvMs0_NtCscCfipWx6sdZ_13tsuzulint_ast4nodeNtB5_8NodeData3newB7_
FN:352,_RNvMs0_NtCscCfipWx6sdZ_13tsuzulint_ast4nodeNtB5_8NodeData4linkB7_
FN:370,_RNvMs0_NtCscCfipWx6sdZ_13tsuzulint_ast4nodeNtB5_8NodeData4listB7_
FN:346,_RNvMs0_NtCscCfipWx6sdZ_13tsuzulint_ast4nodeNtB5_8NodeData6headerB7_
FN:376,_RNvMs0_NtCscCfipWx6sdZ_13tsuzulint_ast4nodeNtB5_8NodeData9referenceB7_
FN:234,_RNvMs_NtCscCfipWx6sdZ_13tsuzulint_ast4nodeNtB4_7TxtNode10identifierB6_
FN:130,_RNvMs_NtCscCfipWx6sdZ_13tsuzulint_ast4nodeNtB4_7TxtNode10new_parentB6_
FN:166,_RNvMs_NtCscCfipWx6sdZ_13tsuzulint_ast4nodeNtB4_7TxtNode12has_childrenB6_
FN:196,_RNvMs_NtCscCfipWx6sdZ_13tsuzulint_ast4nodeNtB4_7TxtNode3urlB6_
FN:225,_RNvMs_NtCscCfipWx6sdZ_13tsuzulint_ast4nodeNtB4_7TxtNode4langB6_
FN:181,_RNvMs_NtCscCfipWx6sdZ_13tsuzulint_ast4nodeNtB4_7TxtNode4textB6_
FN:187,_RNvMs_NtCscCfipWx6sdZ_13tsuzulint_ast4nodeNtB4_7TxtNode5depthB6_
FN:244,_RNvMs_NtCscCfipWx6sdZ_13tsuzulint_ast4nodeNtB4_7TxtNode5labelB6_
FN:206,_RNvMs_NtCscCfipWx6sdZ_13tsuzulint_ast4nodeNtB4_7TxtNode5titleB6_
FN:172,_RNvMs_NtCscCfipWx6sdZ_13tsuzulint_ast4nodeNtB4_7TxtNode7is_textB6_
FN:216,_RNvMs_NtCscCfipWx6sdZ_13tsuzulint_ast4nodeNtB4_7TxtNode7orderedB6_
FN:154,_RNvMs_NtCscCfipWx6sdZ_13tsuzulint_ast4nodeNtB4_7TxtNode8new_leafB6_
FN:142,_RNvMs_NtCscCfipWx6sdZ_13tsuzulint_ast4nodeNtB4_7TxtNode8new_textB6_
FN:295,_RINvMs0_NtCscCfipWx6sdZ_13tsuzulint_ast4nodeNtB6_8NodeData16serialize_fieldsNtNtNtCs7QBYx3CHZnw_10serde_json5value3ser12SerializeMapEB8_
FN:93,_RINvXNtCscCfipWx6sdZ_13tsuzulint_ast4nodeNtB3_7TxtNodeNtNtCsdBCzScGN83d_10serde_core3ser9Serialize9serializeNtNtNtCs7QBYx3CHZnw_10serde_json5value3ser10SerializerEB5_
FN:364,_RNvMs0_NtCs9bJaZoOZVf6_13tsuzulint_ast4nodeNtB5_8NodeData10code_blockCs47f85yxqTTa_14tsuzulint_core
FN:340,_RNvMs0_NtCs9bJaZoOZVf6_13tsuzulint_ast4nodeNtB5_8NodeData3newCs47f85yxqTTa_14tsuzulint_core
FN:352,_RNvMs0_NtCs9bJaZoOZVf6_13tsuzulint_ast4nodeNtB5_8NodeData4linkCs47f85yxqTTa_14tsuzulint_core
FN:358,_RNvMs0_NtCs9bJaZoOZVf6_13tsuzulint_ast4nodeNtB5_8NodeData5imageCs47f85yxqTTa_14tsuzulint_core
FN:346,_RNvMs0_NtCs9bJaZoOZVf6_13tsuzulint_ast4nodeNtB5_8NodeData6headerCs47f85yxqTTa_14tsuzulint_core
FN:130,_RNvMs_NtCs9bJaZoOZVf6_13tsuzulint_ast4nodeNtB4_7TxtNode10new_parentCs47f85yxqTTa_14tsuzulint_core
FN:196,_RNvMs_NtCs9bJaZoOZVf6_13tsuzulint_ast4nodeNtB4_7TxtNode3urlCs47f85yxqTTa_14tsuzulint_core
FN:225,_RNvMs_NtCs9bJaZoOZVf6_13tsuzulint_ast4nodeNtB4_7TxtNode4langCs47f85yxqTTa_14tsuzulint_core
FN:187,_RNvMs_NtCs9bJaZoOZVf6_13tsuzulint_ast4nodeNtB4_7TxtNode5depthCs47f85yxqTTa_14tsuzulint_core
FN:206,_RNvMs_NtCs9bJaZoOZVf6_13tsuzulint_ast4nodeNtB4_7TxtNode5titleCs47f85yxqTTa_14tsuzulint_core
FN:142,_RNvMs_NtCs9bJaZoOZVf6_13tsuzulint_ast4nodeNtB4_7TxtNode8new_textCs47f85yxqTTa_14tsuzulint_core
FN:295,_RINvMs0_NtCs9bJaZoOZVf6_13tsuzulint_ast4nodeNtB6_8NodeData16serialize_fieldsINtNtCs7QBYx3CHZnw_10serde_json3ser8CompoundQINtNtCsauO83Ko6oyK_5alloc3vec3VechENtB1f_16CompactFormatterEECs47f85yxqTTa_14tsuzulint_core
FN:295,_RINvMs0_NtCs9bJaZoOZVf6_13tsuzulint_ast4nodeNtB6_8NodeData16serialize_fieldsNtNtNtCs7QBYx3CHZnw_10serde_json5value3ser12SerializeMapECs47f85yxqTTa_14tsuzulint_core
FN:93,_RINvXNtCs9bJaZoOZVf6_13tsuzulint_ast4nodeNtB3_7TxtNodeNtNtCsdBCzScGN83d_10serde_core3ser9Serialize9serializeNtNtNtCs7QBYx3CHZnw_10serde_json5value3ser10SerializerECs47f85yxqTTa_14tsuzulint_core
FN:93,_RINvXNtCs9bJaZoOZVf6_13tsuzulint_ast4nodeNtB3_7TxtNodeNtNtCsdBCzScGN83d_10serde_core3ser9Serialize9serializeQINtNtCs7QBYx3CHZnw_10serde_json3ser10SerializerQINtNtCsauO83Ko6oyK_5alloc3vec3VechEEECs47f85yxqTTa_14tsuzulint_core
FN:340,_RNvMs0_NtCs9bJaZoOZVf6_13tsuzulint_ast4nodeNtB5_8NodeData3newCslSoYyaIRsdV_13tsuzulint_lsp
FN:130,_RNvMs_NtCs9bJaZoOZVf6_13tsuzulint_ast4nodeNtB4_7TxtNode10new_parentCslSoYyaIRsdV_13tsuzulint_lsp
FN:142,_RNvMs_NtCs9bJaZoOZVf6_13tsuzulint_ast4nodeNtB4_7TxtNode8new_textCslSoYyaIRsdV_13tsuzulint_lsp
FN:364,_RNvMs0_NtCs9bJaZoOZVf6_13tsuzulint_ast4nodeNtB5_8NodeData10code_blockCskrHlX1vBtOp_16tsuzulint_parser
FN:382,_RNvMs0_NtCs9bJaZoOZVf6_13tsuzulint_ast4nodeNtB5_8NodeData10definitionCskrHlX1vBtOp_16tsuzulint_parser
FN:340,_RNvMs0_NtCs9bJaZoOZVf6_13tsuzulint_ast4nodeNtB5_8NodeData3newCskrHlX1vBtOp_16tsuzulint_parser
FN:352,_RNvMs0_NtCs9bJaZoOZVf6_13tsuzulint_ast4nodeNtB5_8NodeData4linkCskrHlX1vBtOp_16tsuzulint_parser
FN:370,_RNvMs0_NtCs9bJaZoOZVf6_13tsuzulint_ast4nodeNtB5_8NodeData4listCskrHlX1vBtOp_16tsuzulint_parser
FN:358,_RNvMs0_NtCs9bJaZoOZVf6_13tsuzulint_ast4nodeNtB5_8NodeData5imageCskrHlX1vBtOp_16tsuzulint_parser
FN:346,_RNvMs0_NtCs9bJaZoOZVf6_13tsuzulint_ast4nodeNtB5_8NodeData6headerCskrHlX1vBtOp_16tsuzulint_parser
FN:376,_RNvMs0_NtCs9bJaZoOZVf6_13tsuzulint_ast4nodeNtB5_8NodeData9referenceCskrHlX1vBtOp_16tsuzulint_parser
FN:130,_RNvMs_NtCs9bJaZoOZVf6_13tsuzulint_ast4nodeNtB4_7TxtNode10new_parentCskrHlX1vBtOp_16tsuzulint_parser
FN:166,_RNvMs_NtCs9bJaZoOZVf6_13tsuzulint_ast4nodeNtB4_7TxtNode12has_childrenCskrHlX1vBtOp_16tsuzulint_parser
FN:172,_RNvMs_NtCs9bJaZoOZVf6_13tsuzulint_ast4nodeNtB4_7TxtNode7is_textCskrHlX1vBtOp_16tsuzulint_parser
FN:154,_RNvMs_NtCs9bJaZoOZVf6_13tsuzulint_ast4nodeNtB4_7TxtNode8new_leafCskrHlX1vBtOp_16tsuzulint_parser
FN:142,_RNvMs_NtCs9bJaZoOZVf6_13tsuzulint_ast4nodeNtB4_7TxtNode8new_textCskrHlX1vBtOp_16tsuzulint_parser
FN:295,_RINvMs0_NtCs9bJaZoOZVf6_13tsuzulint_ast4nodeNtB6_8NodeData16serialize_fieldsNtNtNtCs7QBYx3CHZnw_10serde_json5value3ser12SerializeMapECsjpSJrqRQcuS_14tsuzulint_wasm
FN:93,_RINvXNtCs9bJaZoOZVf6_13tsuzulint_ast4nodeNtB3_7TxtNodeNtNtCsdBCzScGN83d_10serde_core3ser9Serialize9serializeNtNtNtCs7QBYx3CHZnw_10serde_json5value3ser10SerializerECsjpSJrqRQcuS_14tsuzulint_wasm
FN:364,_RNvMs0_NtCs9bJaZoOZVf6_13tsuzulint_ast4nodeNtB5_8NodeData10code_blockCsjpSJrqRQcuS_14tsuzulint_wasm
FN:340,_RNvMs0_NtCs9bJaZoOZVf6_13tsuzulint_ast4nodeNtB5_8NodeData3newCsjpSJrqRQcuS_14tsuzulint_wasm
FN:352,_RNvMs0_NtCs9bJaZoOZVf6_13tsuzulint_ast4nodeNtB5_8NodeData4linkCsjpSJrqRQcuS_14tsuzulint_wasm
FN:370,_RNvMs0_NtCs9bJaZoOZVf6_13tsuzulint_ast4nodeNtB5_8NodeData4listCsjpSJrqRQcuS_14tsuzulint_wasm
FN:346,_RNvMs0_NtCs9bJaZoOZVf6_13tsuzulint_ast4nodeNtB5_8NodeData6headerCsjpSJrqRQcuS_14tsuzulint_wasm
FN:130,_RNvMs_NtCs9bJaZoOZVf6_13tsuzulint_ast4nodeNtB4_7TxtNode10new_parentCsjpSJrqRQcuS_14tsuzulint_wasm
FN:142,_RNvMs_NtCs9bJaZoOZVf6_13tsuzulint_ast4nodeNtB4_7TxtNode8new_textCsjpSJrqRQcuS_14tsuzulint_wasm
FNDA:0,_RINvMs0_NtCs9bJaZoOZVf6_13tsuzulint_ast4nodeNtB6_8NodeData16serialize_fieldsINtNtCs7QBYx3CHZnw_10serde_json3ser8CompoundQINtNtCsauO83Ko6oyK_5alloc3vec3VechENtB1f_16CompactFormatterEECsdHNy3eV5zAX_14tsuzulint_core
FNDA:0,_RINvMs0_NtCs9bJaZoOZVf6_13tsuzulint_ast4nodeNtB6_8NodeData16serialize_fieldsNtNtNtCs7QBYx3CHZnw_10serde_json5value3ser12SerializeMapECsdHNy3eV5zAX_14tsuzulint_core
FNDA:0,_RINvXNtCs9bJaZoOZVf6_13tsuzulint_ast4nodeNtB3_7TxtNodeNtNtCsdBCzScGN83d_10serde_core3ser9Serialize9serializeNtNtNtCs7QBYx3CHZnw_10serde_json5value3ser10SerializerECsdHNy3eV5zAX_14tsuzulint_core
FNDA:0,_RINvXNtCs9bJaZoOZVf6_13tsuzulint_ast4nodeNtB3_7TxtNodeNtNtCsdBCzScGN83d_10serde_core3ser9Serialize9serializeQINtNtCs7QBYx3CHZnw_10serde_json3ser10SerializerQINtNtCsauO83Ko6oyK_5alloc3vec3VechEEECsdHNy3eV5zAX_14tsuzulint_core
FNDA:0,_RNvMs_NtCs9bJaZoOZVf6_13tsuzulint_ast4nodeNtB4_7TxtNode3urlCsdHNy3eV5zAX_14tsuzulint_core
FNDA:0,_RNvMs_NtCs9bJaZoOZVf6_13tsuzulint_ast4nodeNtB4_7TxtNode4langCsdHNy3eV5zAX_14tsuzulint_core
FNDA:0,_RNvMs_NtCs9bJaZoOZVf6_13tsuzulint_ast4nodeNtB4_7TxtNode5depthCsdHNy3eV5zAX_14tsuzulint_core
FNDA:0,_RNvMs_NtCs9bJaZoOZVf6_13tsuzulint_ast4nodeNtB4_7TxtNode5titleCsdHNy3eV5zAX_14tsuzulint_core
FNDA:11,_RNvMs0_NtCs9bJaZoOZVf6_13tsuzulint_ast4nodeNtB5_8NodeData10code_blockCs6rVTX6UnG69_16tsuzulint_parser
FNDA:0,_RNvMs0_NtCs9bJaZoOZVf6_13tsuzulint_ast4nodeNtB5_8NodeData10definitionCs6rVTX6UnG69_16tsuzulint_parser
FNDA:490,_RNvMs0_NtCs9bJaZoOZVf6_13tsuzulint_ast4nodeNtB5_8NodeData3newCs6rVTX6UnG69_16tsuzulint_parser
FNDA:0,_RNvMs0_NtCs9bJaZoOZVf6_13tsuzulint_ast4nodeNtB5_8NodeData4linkCs6rVTX6UnG69_16tsuzulint_parser
FNDA:8,_RNvMs0_NtCs9bJaZoOZVf6_13tsuzulint_ast4nodeNtB5_8NodeData4listCs6rVTX6UnG69_16tsuzulint_parser
FNDA:0,_RNvMs0_NtCs9bJaZoOZVf6_13tsuzulint_ast4nodeNtB5_8NodeData5imageCs6rVTX6UnG69_16tsuzulint_parser
FNDA:53,_RNvMs0_NtCs9bJaZoOZVf6_13tsuzulint_ast4nodeNtB5_8NodeData6headerCs6rVTX6UnG69_16tsuzulint_parser
FNDA:0,_RNvMs0_NtCs9bJaZoOZVf6_13tsuzulint_ast4nodeNtB5_8NodeData9referenceCs6rVTX6UnG69_16tsuzulint_parser
FNDA:276,_RNvMs_NtCs9bJaZoOZVf6_13tsuzulint_ast4nodeNtB4_7TxtNode10new_parentCs6rVTX6UnG69_16tsuzulint_parser
FNDA:0,_RNvMs_NtCs9bJaZoOZVf6_13tsuzulint_ast4nodeNtB4_7TxtNode8new_leafCs6rVTX6UnG69_16tsuzulint_parser
FNDA:214,_RNvMs_NtCs9bJaZoOZVf6_13tsuzulint_ast4nodeNtB4_7TxtNode8new_textCs6rVTX6UnG69_16tsuzulint_parser
FNDA:41,_RNvMs0_NtCs9bJaZoOZVf6_13tsuzulint_ast4nodeNtB5_8NodeData19present_field_count
FNDA:0,_RINvMs0_NtCs9bJaZoOZVf6_13tsuzulint_ast4nodeNtB6_8NodeData16serialize_fieldspEB8_
FNDA:0,_RINvXNtCs9bJaZoOZVf6_13tsuzulint_ast4nodeNtB3_7TxtNodeNtNtCsdBCzScGN83d_10serde_core3ser9Serialize9serializepEB5_
FNDA:0,_RNvMs0_NtCs9bJaZoOZVf6_13tsuzulint_ast4nodeNtB5_8NodeData10code_blockB7_
FNDA:0,_RNvMs0_NtCs9bJaZoOZVf6_13tsuzulint_ast4nodeNtB5_8NodeData10definitionB7_
FNDA:0,_RNvMs0_NtCs9bJaZoOZVf6_13tsuzulint_ast4nodeNtB5_8NodeData3newB7_
FNDA:0,_RNvMs0_NtCs9bJaZoOZVf6_13tsuzulint_ast4nodeNtB5_8NodeData4linkB7_
FNDA:0,_RNvMs0_NtCs9bJaZoOZVf6_13tsuzulint_ast4nodeNtB5_8NodeData4listB7_
FNDA:0,_RNvMs0_NtCs9bJaZoOZVf6_13tsuzulint_ast4nodeNtB5_8NodeData5imageB7_
FNDA:0,_RNvMs0_NtCs9bJaZoOZVf6_13tsuzulint_ast4nodeNtB5_8NodeData6headerB7_
FNDA:0,_RNvMs0_NtCs9bJaZoOZVf6_13tsuzulint_ast4nodeNtB5_8NodeData9referenceB7_
FNDA:0,_RNvMs_NtCs9bJaZoOZVf6_13tsuzulint_ast4nodeNtB4_7TxtNode10identifierB6_
FNDA:0,_RNvMs_NtCs9bJaZoOZVf6_13tsuzulint_ast4nodeNtB4_7TxtNode10new_parentB6_
FNDA:0,_RNvMs_NtCs9bJaZoOZVf6_13tsuzulint_ast4nodeNtB4_7TxtNode12has_childrenB6_
FNDA:0,_RNvMs_NtCs9bJaZoOZVf6_13tsuzulint_ast4nodeNtB4_7TxtNode3urlB6_
FNDA:0,_RNvMs_NtCs9bJaZoOZVf6_13tsuzulint_ast4nodeNtB4_7TxtNode4langB6_
FNDA:0,_RNvMs_NtCs9bJaZoOZVf6_13tsuzulint_ast4nodeNtB4_7TxtNode4textB6_
FNDA:0,_RNvMs_NtCs9bJaZoOZVf6_13tsuzulint_ast4nodeNtB4_7TxtNode5depthB6_
FNDA:0,_RNvMs_NtCs9bJaZoOZVf6_13tsuzulint_ast4nodeNtB4_7TxtNode5labelB6_
FNDA:0,_RNvMs_NtCs9bJaZoOZVf6_13tsuzulint_ast4nodeNtB4_7TxtNode5titleB6_
FNDA:0,_RNvMs_NtCs9bJaZoOZVf6_13tsuzulint_ast4nodeNtB4_7TxtNode7is_textB6_
FNDA:0,_RNvMs_NtCs9bJaZoOZVf6_13tsuzulint_ast4nodeNtB4_7TxtNode7orderedB6_
FNDA:0,_RNvMs_NtCs9bJaZoOZVf6_13tsuzulint_ast4nodeNtB4_7TxtNode8new_leafB6_
FNDA:0,_RNvMs_NtCs9bJaZoOZVf6_13tsuzulint_ast4nodeNtB4_7TxtNode8new_textB6_
FNDA:0,_RNvMs0_NtCscCfipWx6sdZ_13tsuzulint_ast4nodeNtB5_8NodeData5imageB7_
FNDA:1,_RNvNtNtCscCfipWx6sdZ_13tsuzulint_ast4node5testss_13test_new_leaf
FNDA:1,_RNvNtNtCscCfipWx6sdZ_13tsuzulint_ast4node5testss_13test_new_text
FNDA:1,_RNvNtNtCscCfipWx6sdZ_13tsuzulint_ast4node5testss_14test_node_span
FNDA:1,_RNvNtNtCscCfipWx6sdZ_13tsuzulint_ast4node5testss_15test_new_parent
FNDA:1,_RNvNtNtCscCfipWx6sdZ_13tsuzulint_ast4node5testss_19test_accessors_lang
FNDA:1,_RNvNtNtCscCfipWx6sdZ_13tsuzulint_ast4node5testss_19test_node_data_link
FNDA:1,_RNvNtNtCscCfipWx6sdZ_13tsuzulint_ast4node5testss_20test_accessors_depth
FNDA:1,_RNvNtNtCscCfipWx6sdZ_13tsuzulint_ast4node5testss_20test_code_block_node
FNDA:1,_RNvNtNtCscCfipWx6sdZ_13tsuzulint_ast4node5testss_21test_node_data_header
FNDA:1,_RNvNtNtCscCfipWx6sdZ_13tsuzulint_ast4node5testss_21test_node_text_method
FNDA:1,_RNvNtNtCscCfipWx6sdZ_13tsuzulint_ast4node5testss_22test_accessors_ordered
FNDA:1,_RNvNtNtCscCfipWx6sdZ_13tsuzulint_ast4node5testss_22test_code_node_is_text
FNDA:1,_RNvNtNtCscCfipWx6sdZ_13tsuzulint_ast4node5testss_22test_node_data_default
FNDA:1,_RNvNtNtCscCfipWx6sdZ_13tsuzulint_ast4node5testss_24test_header_depth_values
FNDA:1,_RNvNtNtCscCfipWx6sdZ_13tsuzulint_ast4node5testss_24test_nested_parent_nodes
FNDA:1,_RNvNtNtCscCfipWx6sdZ_13tsuzulint_ast4node5testss_24test_node_data_new_empty
FNDA:1,_RNvNtNtCscCfipWx6sdZ_13tsuzulint_ast4node5testss_24test_node_data_reference
FNDA:1,_RNvNtNtCscCfipWx6sdZ_13tsuzulint_ast4node5testss_24test_serialization_basic
FNDA:1,_RNvNtNtCscCfipWx6sdZ_13tsuzulint_ast4node5testss_25test_empty_children_slice
FNDA:1,_RNvNtNtCscCfipWx6sdZ_13tsuzulint_ast4node5testss_25test_node_data_code_block
FNDA:1,_RNvNtNtCscCfipWx6sdZ_13tsuzulint_ast4node5testss_25test_node_data_definition
FNDA:1,_RNvNtNtCscCfipWx6sdZ_13tsuzulint_ast4node5testss_25test_serialization_parent
FNDA:1,_RNvNtNtCscCfipWx6sdZ_13tsuzulint_ast4node5testss_27test_node_data_list_ordered
FNDA:1,_RNvNtNtCscCfipWx6sdZ_13tsuzulint_ast4node5testss_28test_accessors_url_and_title
FNDA:1,_RNvNtNtCscCfipWx6sdZ_13tsuzulint_ast4node5testss_29test_node_data_list_unordered
FNDA:1,_RNvNtNtCscCfipWx6sdZ_13tsuzulint_ast4node5testss_31test_nodedata_size_optimization
FNDA:1,_RNvNtNtCscCfipWx6sdZ_13tsuzulint_ast4node5testss_31test_serialization_empty_parent
FNDA:1,_RNvNtNtCscCfipWx6sdZ_13tsuzulint_ast4node5testss_32test_node_with_multiple_children
FNDA:1,_RNvNtNtCscCfipWx6sdZ_13tsuzulint_ast4node5testss_33test_node_data_definition_minimal
FNDA:1,_RNvNtNtCscCfipWx6sdZ_13tsuzulint_ast4node5testss_33test_node_data_link_without_title
FNDA:1,_RNvNtNtCscCfipWx6sdZ_13tsuzulint_ast4node5testss_33test_serialization_flattened_data
FNDA:1,_RNvNtNtCscCfipWx6sdZ_13tsuzulint_ast4node5testss_35test_accessors_identifier_and_label
FNDA:1,_RNvNtNtCscCfipWx6sdZ_13tsuzulint_ast4node5testss_35test_serialization_leaf_no_children
FNDA:1,_RNvNtNtCscCfipWx6sdZ_13tsuzulint_ast4node5testss_38test_node_data_code_block_without_lang
FNDA:1,_RNvNtNtCscCfipWx6sdZ_13tsuzulint_ast4node5testss_38test_node_data_reference_without_label
FNDA:1,_RNvNtNtCscCfipWx6sdZ_13tsuzulint_ast4node5testss_40test_serialization_definition_all_fields
FNDA:5,_RNvMs0_NtCscCfipWx6sdZ_13tsuzulint_ast4nodeNtB5_8NodeData10code_blockB7_
FNDA:4,_RNvMs0_NtCscCfipWx6sdZ_13tsuzulint_ast4nodeNtB5_8NodeData10definitionB7_
FNDA:7,_RNvMs0_NtCscCfipWx6sdZ_13tsuzulint_ast4nodeNtB5_8NodeData19present_field_count
FNDA:67,_RNvMs0_NtCscCfipWx6sdZ_13tsuzulint_ast4nodeNtB5_8NodeData3newB7_
FNDA:3,_RNvMs0_NtCscCfipWx6sdZ_13tsuzulint_ast4nodeNtB5_8NodeData4linkB7_
FNDA:4,_RNvMs0_NtCscCfipWx6sdZ_13tsuzulint_ast4nodeNtB5_8NodeData4listB7_
FNDA:11,_RNvMs0_NtCscCfipWx6sdZ_13tsuzulint_ast4nodeNtB5_8NodeData6headerB7_
FNDA:3,_RNvMs0_NtCscCfipWx6sdZ_13tsuzulint_ast4nodeNtB5_8NodeData9referenceB7_
FNDA:2,_RNvMs_NtCscCfipWx6sdZ_13tsuzulint_ast4nodeNtB4_7TxtNode10identifierB6_
FNDA:27,_RNvMs_NtCscCfipWx6sdZ_13tsuzulint_ast4nodeNtB4_7TxtNode10new_parentB6_
FNDA:4,_RNvMs_NtCscCfipWx6sdZ_13tsuzulint_ast4nodeNtB4_7TxtNode12has_childrenB6_
FNDA:2,_RNvMs_NtCscCfipWx6sdZ_13tsuzulint_ast4nodeNtB4_7TxtNode3urlB6_
FNDA:3,_RNvMs_NtCscCfipWx6sdZ_13tsuzulint_ast4nodeNtB4_7TxtNode4langB6_
FNDA:3,_RNvMs_NtCscCfipWx6sdZ_13tsuzulint_ast4nodeNtB4_7TxtNode4textB6_
FNDA:2,_RNvMs_NtCscCfipWx6sdZ_13tsuzulint_ast4nodeNtB4_7TxtNode5depthB6_
FNDA:2,_RNvMs_NtCscCfipWx6sdZ_13tsuzulint_ast4nodeNtB4_7TxtNode5labelB6_
FNDA:2,_RNvMs_NtCscCfipWx6sdZ_13tsuzulint_ast4nodeNtB4_7TxtNode5titleB6_
FNDA:3,_RNvMs_NtCscCfipWx6sdZ_13tsuzulint_ast4nodeNtB4_7TxtNode7is_textB6_
FNDA:3,_RNvMs_NtCscCfipWx6sdZ_13tsuzulint_ast4nodeNtB4_7TxtNode7orderedB6_
FNDA:8,_RNvMs_NtCscCfipWx6sdZ_13tsuzulint_ast4nodeNtB4_7TxtNode8new_leafB6_
FNDA:31,_RNvMs_NtCscCfipWx6sdZ_13tsuzulint_ast4nodeNtB4_7TxtNode8new_textB6_
FNDA:7,_RINvMs0_NtCscCfipWx6sdZ_13tsuzulint_ast4nodeNtB6_8NodeData16serialize_fieldsNtNtNtCs7QBYx3CHZnw_10serde_json5value3ser12SerializeMapEB8_
FNDA:7,_RINvXNtCscCfipWx6sdZ_13tsuzulint_ast4nodeNtB3_7TxtNodeNtNtCsdBCzScGN83d_10serde_core3ser9Serialize9serializeNtNtNtCs7QBYx3CHZnw_10serde_json5value3ser10SerializerEB5_
FNDA:4,_RNvMs0_NtCs9bJaZoOZVf6_13tsuzulint_ast4nodeNtB5_8NodeData10code_blockCs47f85yxqTTa_14tsuzulint_core
FNDA:274,_RNvMs0_NtCs9bJaZoOZVf6_13tsuzulint_ast4nodeNtB5_8NodeData3newCs47f85yxqTTa_14tsuzulint_core
FNDA:1,_RNvMs0_NtCs9bJaZoOZVf6_13tsuzulint_ast4nodeNtB5_8NodeData4linkCs47f85yxqTTa_14tsuzulint_core
FNDA:1,_RNvMs0_NtCs9bJaZoOZVf6_13tsuzulint_ast4nodeNtB5_8NodeData5imageCs47f85yxqTTa_14tsuzulint_core
FNDA:5,_RNvMs0_NtCs9bJaZoOZVf6_13tsuzulint_ast4nodeNtB5_8NodeData6headerCs47f85yxqTTa_14tsuzulint_core
FNDA:212,_RNvMs_NtCs9bJaZoOZVf6_13tsuzulint_ast4nodeNtB4_7TxtNode10new_parentCs47f85yxqTTa_14tsuzulint_core
FNDA:2,_RNvMs_NtCs9bJaZoOZVf6_13tsuzulint_ast4nodeNtB4_7TxtNode3urlCs47f85yxqTTa_14tsuzulint_core
FNDA:4,_RNvMs_NtCs9bJaZoOZVf6_13tsuzulint_ast4nodeNtB4_7TxtNode4langCs47f85yxqTTa_14tsuzulint_core
FNDA:5,_RNvMs_NtCs9bJaZoOZVf6_13tsuzulint_ast4nodeNtB4_7TxtNode5depthCs47f85yxqTTa_14tsuzulint_core
FNDA:2,_RNvMs_NtCs9bJaZoOZVf6_13tsuzulint_ast4nodeNtB4_7TxtNode5titleCs47f85yxqTTa_14tsuzulint_core
FNDA:62,_RNvMs_NtCs9bJaZoOZVf6_13tsuzulint_ast4nodeNtB4_7TxtNode8new_textCs47f85yxqTTa_14tsuzulint_core
FNDA:16,_RINvMs0_NtCs9bJaZoOZVf6_13tsuzulint_ast4nodeNtB6_8NodeData16serialize_fieldsINtNtCs7QBYx3CHZnw_10serde_json3ser8CompoundQINtNtCsauO83Ko6oyK_5alloc3vec3VechENtB1f_16CompactFormatterEECs47f85yxqTTa_14tsuzulint_core
FNDA:16,_RINvMs0_NtCs9bJaZoOZVf6_13tsuzulint_ast4nodeNtB6_8NodeData16serialize_fieldsNtNtNtCs7QBYx3CHZnw_10serde_json5value3ser12SerializeMapECs47f85yxqTTa_14tsuzulint_core
FNDA:16,_RINvXNtCs9bJaZoOZVf6_13tsuzulint_ast4nodeNtB3_7TxtNodeNtNtCsdBCzScGN83d_10serde_core3ser9Serialize9serializeNtNtNtCs7QBYx3CHZnw_10serde_json5value3ser10SerializerECs47f85yxqTTa_14tsuzulint_core
FNDA:16,_RINvXNtCs9bJaZoOZVf6_13tsuzulint_ast4nodeNtB3_7TxtNodeNtNtCsdBCzScGN83d_10serde_core3ser9Serialize9serializeQINtNtCs7QBYx3CHZnw_10serde_json3ser10SerializerQINtNtCsauO83Ko6oyK_5alloc3vec3VechEEECs47f85yxqTTa_14tsuzulint_core
FNDA:11,_RNvMs0_NtCs9bJaZoOZVf6_13tsuzulint_ast4nodeNtB5_8NodeData3newCslSoYyaIRsdV_13tsuzulint_lsp
FNDA:2,_RNvMs_NtCs9bJaZoOZVf6_13tsuzulint_ast4nodeNtB4_7TxtNode10new_parentCslSoYyaIRsdV_13tsuzulint_lsp
FNDA:9,_RNvMs_NtCs9bJaZoOZVf6_13tsuzulint_ast4nodeNtB4_7TxtNode8new_textCslSoYyaIRsdV_13tsuzulint_lsp
FNDA:3,_RNvMs0_NtCs9bJaZoOZVf6_13tsuzulint_ast4nodeNtB5_8NodeData10code_blockCskrHlX1vBtOp_16tsuzulint_parser
FNDA:1,_RNvMs0_NtCs9bJaZoOZVf6_13tsuzulint_ast4nodeNtB5_8NodeData10definitionCskrHlX1vBtOp_16tsuzulint_parser
FNDA:210,_RNvMs0_NtCs9bJaZoOZVf6_13tsuzulint_ast4nodeNtB5_8NodeData3newCskrHlX1vBtOp_16tsuzulint_parser
FNDA:3,_RNvMs0_NtCs9bJaZoOZVf6_13tsuzulint_ast4nodeNtB5_8NodeData4linkCskrHlX1vBtOp_16tsuzulint_parser
FNDA:6,_RNvMs0_NtCs9bJaZoOZVf6_13tsuzulint_ast4nodeNtB5_8NodeData4listCskrHlX1vBtOp_16tsuzulint_parser
FNDA:1,_RNvMs0_NtCs9bJaZoOZVf6_13tsuzulint_ast4nodeNtB5_8NodeData5imageCskrHlX1vBtOp_16tsuzulint_parser
FNDA:12,_RNvMs0_NtCs9bJaZoOZVf6_13tsuzulint_ast4nodeNtB5_8NodeData6headerCskrHlX1vBtOp_16tsuzulint_parser
FNDA:1,_RNvMs0_NtCs9bJaZoOZVf6_13tsuzulint_ast4nodeNtB5_8NodeData9referenceCskrHlX1vBtOp_16tsuzulint_parser
FNDA:136,_RNvMs_NtCs9bJaZoOZVf6_13tsuzulint_ast4nodeNtB4_7TxtNode10new_parentCskrHlX1vBtOp_16tsuzulint_parser
FNDA:1,_RNvMs_NtCs9bJaZoOZVf6_13tsuzulint_ast4nodeNtB4_7TxtNode12has_childrenCskrHlX1vBtOp_16tsuzulint_parser
FNDA:1,_RNvMs_NtCs9bJaZoOZVf6_13tsuzulint_ast4nodeNtB4_7TxtNode7is_textCskrHlX1vBtOp_16tsuzulint_parser
FNDA:4,_RNvMs_NtCs9bJaZoOZVf6_13tsuzulint_ast4nodeNtB4_7TxtNode8new_leafCskrHlX1vBtOp_16tsuzulint_parser
FNDA:70,_RNvMs_NtCs9bJaZoOZVf6_13tsuzulint_ast4nodeNtB4_7TxtNode8new_textCskrHlX1vBtOp_16tsuzulint_parser
FNDA:9,_RINvMs0_NtCs9bJaZoOZVf6_13tsuzulint_ast4nodeNtB6_8NodeData16serialize_fieldsNtNtNtCs7QBYx3CHZnw_10serde_json5value3ser12SerializeMapECsjpSJrqRQcuS_14tsuzulint_wasm
FNDA:9,_RINvXNtCs9bJaZoOZVf6_13tsuzulint_ast4nodeNtB3_7TxtNodeNtNtCsdBCzScGN83d_10serde_core3ser9Serialize9serializeNtNtNtCs7QBYx3CHZnw_10serde_json5value3ser10SerializerECsjpSJrqRQcuS_14tsuzulint_wasm
FNDA:1,_RNvMs0_NtCs9bJaZoOZVf6_13tsuzulint_ast4nodeNtB5_8NodeData10code_blockCsjpSJrqRQcuS_14tsuzulint_wasm
FNDA:9,_RNvMs0_NtCs9bJaZoOZVf6_13tsuzulint_ast4nodeNtB5_8NodeData3newCsjpSJrqRQcuS_14tsuzulint_wasm
FNDA:1,_RNvMs0_NtCs9bJaZoOZVf6_13tsuzulint_ast4nodeNtB5_8NodeData4linkCsjpSJrqRQcuS_14tsuzulint_wasm
FNDA:1,_RNvMs0_NtCs9bJaZoOZVf6_13tsuzulint_ast4nodeNtB5_8NodeData4listCsjpSJrqRQcuS_14tsuzulint_wasm
FNDA:1,_RNvMs0_NtCs9bJaZoOZVf6_13tsuzulint_ast4nodeNtB5_8NodeData6headerCsjpSJrqRQcuS_14tsuzulint_wasm
FNDA:5,_RNvMs_NtCs9bJaZoOZVf6_13tsuzulint_ast4nodeNtB4_7TxtNode10new_parentCsjpSJrqRQcuS_14tsuzulint_wasm
FNDA:4,_RNvMs_NtCs9bJaZoOZVf6_13tsuzulint_ast4nodeNtB4_7TxtNode8new_textCsjpSJrqRQcuS_14tsuzulint_wasm
FNF:60
FNH:60
DA:93,48
DA:94,48
DA:95,48
DA:99,48
DA:100,48
DA:101,29
DA:102,29
DA:103,48
DA:104,17
DA:105,31
DA:106,48
DA:108,48
DA:110,48
DA:111,48
DA:113,48
DA:114,29
DA:115,19
DA:117,48
DA:118,17
DA:119,31
DA:121,48
DA:123,48
DA:124,48
DA:130,658
DA:131,658
DA:132,658
DA:133,658
DA:134,658
DA:135,658
DA:136,658
DA:137,658
DA:138,658
DA:142,390
DA:143,390
DA:144,390
DA:145,390
DA:146,390
DA:147,390
DA:148,390
DA:149,390
DA:150,390
DA:154,12
DA:155,12
DA:156,12
DA:157,12
DA:158,12
DA:159,12
DA:160,12
DA:161,12
DA:162,12
DA:166,5
DA:167,5
DA:168,5
DA:172,4
DA:173,4
DA:174,4
DA:181,3
DA:182,3
DA:183,3
DA:187,7
DA:188,7
DA:189,6
DA:190,1
DA:192,7
DA:196,4
DA:197,4
DA:198,3
DA:199,1
DA:200,0
DA:202,4
DA:206,4
DA:207,4
DA:208,3
DA:209,1
DA:210,0
DA:212,4
DA:216,3
DA:217,3
DA:218,2
DA:219,1
DA:221,3
DA:225,7
DA:226,7
DA:227,6
DA:228,1
DA:230,7
DA:234,2
DA:235,2
DA:236,1
DA:237,1
DA:238,0
DA:240,2
DA:244,2
DA:245,2
DA:246,1
DA:247,1
DA:248,0
DA:250,2
DA:255,48
DA:256,48
DA:257,42
DA:258,2
DA:259,1
DA:260,1
DA:261,1
DA:262,1
DA:264,0
DA:267,1
DA:268,1
DA:269,1
DA:271,0
DA:274,0
DA:275,0
DA:276,0
DA:278,0
DA:281,1
DA:282,1
DA:283,1
DA:284,1
DA:285,1
DA:286,1
DA:287,1
DA:288,1
DA:289,1
DA:292,48
DA:295,48
DA:296,48
DA:297,48
DA:298,48
DA:299,48
DA:300,42
DA:301,2
DA:302,2
DA:304,1
DA:305,1
DA:307,1
DA:308,1
DA:309,1
DA:310,0
DA:312,1
DA:313,1
DA:314,1
DA:315,1
DA:316,0
DA:318,0
DA:319,0
DA:320,0
DA:321,0
DA:322,0
DA:324,1
DA:325,1
DA:326,1
DA:327,1
DA:328,1
DA:329,0
DA:330,1
DA:331,1
DA:332,0
DA:335,48
DA:336,48
DA:340,1061
DA:341,1061
DA:342,1061
DA:346,82
DA:347,82
DA:348,82
DA:352,8
DA:353,8
DA:354,8
DA:358,2
DA:359,2
DA:360,2
DA:364,24
DA:365,24
DA:366,24
DA:370,19
DA:371,19
DA:372,19
DA:376,4
DA:377,4
DA:378,4
DA:382,5
DA:383,5
DA:384,5
DA:385,5
DA:386,5
DA:387,5
DA:388,5
DA:389,5
DA:390,5
DA:391,5
DA:392,5
DA:393,5
DA:394,5
DA:403,1
DA:404,1
DA:405,1
DA:406,1
DA:407,1
DA:409,1
DA:410,1
DA:411,1
DA:412,1
DA:415,1
DA:416,1
DA:418,1
DA:419,1
DA:420,1
DA:421,1
DA:422,1
DA:425,1
DA:426,1
DA:427,1
DA:428,1
DA:431,1
DA:432,1
DA:433,1
DA:434,1
DA:435,1
DA:436,1
DA:438,0
DA:440,1
DA:443,1
DA:444,1
DA:445,1
DA:446,1
DA:447,1
DA:448,1
DA:450,0
DA:452,1
DA:455,1
DA:456,1
DA:457,1
DA:458,1
DA:461,1
DA:462,1
DA:463,1
DA:464,1
DA:467,1
DA:468,1
DA:469,1
DA:470,1
DA:473,1
DA:474,1
DA:475,1
DA:476,1
DA:479,1
DA:480,1
DA:481,1
DA:482,1
DA:483,1
DA:484,1
DA:486,0
DA:488,1
DA:491,1
DA:492,1
DA:493,1
DA:494,1
DA:495,1
DA:496,1
DA:498,0
DA:500,1
DA:503,1
DA:504,1
DA:505,1
DA:506,1
DA:507,1
DA:508,1
DA:510,1
DA:511,1
DA:512,1
DA:513,1
DA:514,1
DA:515,1
DA:517,0
DA:519,1
DA:522,1
DA:523,1
DA:524,1
DA:525,1
DA:526,1
DA:527,1
DA:528,1
DA:529,1
DA:531,0
DA:533,1
DA:536,1
DA:537,1
DA:538,1
DA:539,1
DA:542,1
DA:543,1
DA:545,1
DA:546,1
DA:547,1
DA:548,1
DA:549,1
DA:552,1
DA:553,1
DA:555,1
DA:556,1
DA:557,1
DA:560,1
DA:561,1
DA:563,1
DA:564,1
DA:565,1
DA:567,1
DA:568,1
DA:570,1
DA:571,1
DA:572,1
DA:573,1
DA:574,1
DA:577,1
DA:578,1
DA:581,1
DA:582,1
DA:585,1
DA:586,1
DA:587,1
DA:588,1
DA:590,1
DA:593,1
DA:594,1
DA:596,1
DA:597,1
DA:598,1
DA:599,1
DA:602,1
DA:603,1
DA:604,1
DA:606,1
DA:607,1
DA:608,1
DA:611,1
DA:612,6
DA:613,6
DA:614,6
DA:616,1
DA:619,1
DA:620,1
DA:621,1
DA:622,1
DA:625,1
DA:626,1
DA:628,1
DA:629,1
DA:630,1
DA:633,1
DA:634,1
DA:636,1
DA:637,1
DA:638,1
DA:641,1
DA:642,1
DA:643,1
DA:644,1
DA:645,1
DA:646,1
DA:648,1
DA:649,1
DA:650,1
DA:651,1
DA:654,1
DA:655,1
DA:656,1
DA:657,1
DA:659,1
DA:660,1
DA:661,1
DA:664,1
DA:665,1
DA:666,1
DA:667,1
DA:668,1
DA:669,1
DA:670,1
DA:671,1
DA:672,1
DA:674,1
DA:675,1
DA:676,1
DA:677,1
DA:678,1
DA:679,1
DA:680,1
DA:681,1
DA:682,1
DA:683,1
DA:686,1
DA:687,1
DA:688,1
DA:689,1
DA:691,1
DA:692,1
DA:694,1
DA:695,1
DA:696,1
DA:699,1
DA:700,1
DA:701,1
DA:702,1
DA:704,1
DA:705,1
DA:707,1
DA:708,1
DA:709,1
DA:712,1
DA:713,1
DA:714,1
DA:715,1
DA:716,1
DA:717,1
DA:718,1
DA:720,1
DA:721,1
DA:722,1
DA:723,1
DA:724,1
DA:725,1
DA:726,1
DA:727,1
DA:728,1
DA:729,1
DA:732,1
DA:733,1
DA:734,1
DA:736,1
DA:737,1
DA:738,1
DA:739,1
DA:741,1
DA:742,1
DA:745,1
DA:746,1
DA:747,1
DA:748,1
DA:749,1
DA:751,1
DA:753,1
DA:754,1
DA:755,1
DA:756,1
DA:757,1
DA:758,1
DA:759,1
DA:762,1
DA:763,1
DA:764,1
DA:766,1
DA:768,1
DA:769,1
DA:770,1
DA:773,1
DA:775,1
DA:776,1
DA:778,1
DA:779,1
DA:780,1
DA:781,1
DA:784,1
DA:785,1
DA:786,1
DA:787,1
DA:788,1
DA:789,1
DA:790,1
DA:791,1
DA:793,1
DA:794,1
DA:798,1
DA:800,1
DA:801,1
DA:802,1
DA:803,1
DA:804,1
DA:807,1
DA:808,1
DA:809,1
DA:810,1
DA:814,1
DA:815,1
DA:816,1
DA:817,1
DA:820,1
DA:823,1
DA:824,1
DA:826,1
DA:827,1
DA:832,1
BRF:0
BRH:0
LF:491
LH:452
end_of_record
SF:/app/crates/tsuzulint_ast/src/node_type.rs
FN:119,_RNvMNtCs9bJaZoOZVf6_13tsuzulint_ast9node_typeNtB2_8NodeType9is_parentCsdHNy3eV5zAX_14tsuzulint_core
FN:147,_RNvXs_NtCs9bJaZoOZVf6_13tsuzulint_ast9node_typeNtB4_8NodeTypeNtNtCs4kUJL3MZFFz_4core3fmt7Display3fmt
FN:141,_RNvMNtCs9bJaZoOZVf6_13tsuzulint_ast9node_typeNtB2_8NodeType7is_textB4_
FN:80,_RNvMNtCs9bJaZoOZVf6_13tsuzulint_ast9node_typeNtB2_8NodeType8is_blockB4_
FN:100,_RNvMNtCs9bJaZoOZVf6_13tsuzulint_ast9node_typeNtB2_8NodeType9is_inlineB4_
FN:119,_RNvMNtCs9bJaZoOZVf6_13tsuzulint_ast9node_typeNtB2_8NodeType9is_parentB4_
FN:141,_RNvMNtCscCfipWx6sdZ_13tsuzulint_ast9node_typeNtB2_8NodeType7is_textB4_
FN:80,_RNvMNtCscCfipWx6sdZ_13tsuzulint_ast9node_typeNtB2_8NodeType8is_blockB4_
FN:100,_RNvMNtCscCfipWx6sdZ_13tsuzulint_ast9node_typeNtB2_8NodeType9is_inlineB4_
FN:119,_RNvMNtCscCfipWx6sdZ_13tsuzulint_ast9node_typeNtB2_8NodeType9is_parentB4_
FN:147,_RNvXs_NtCscCfipWx6sdZ_13tsuzulint_ast9node_typeNtB4_8NodeTypeNtNtCs4kUJL3MZFFz_4core3fmt7Display3fmt
FN:209,_RNvNtNtCscCfipWx6sdZ_13tsuzulint_ast9node_type5testss_12test_display
FN:252,_RNvNtNtCscCfipWx6sdZ_13tsuzulint_ast9node_type5testss_12test_is_text
FN:185,_RNvNtNtCscCfipWx6sdZ_13tsuzulint_ast9node_type5testss_13test_is_block
FN:193,_RNvNtNtCscCfipWx6sdZ_13tsuzulint_ast9node_type5testss_14test_is_inline
FN:201,_RNvNtNtCscCfipWx6sdZ_13tsuzulint_ast9node_type5testss_14test_is_parent
FN:359,_RNvNtNtCscCfipWx6sdZ_13tsuzulint_ast9node_type5testss_20test_node_type_clone
FN:366,_RNvNtNtCscCfipWx6sdZ_13tsuzulint_ast9node_type5testss_20test_node_type_debug
FN:216,_RNvNtNtCscCfipWx6sdZ_13tsuzulint_ast9node_type5testss_22test_display_all_types
FN:353,_RNvNtNtCscCfipWx6sdZ_13tsuzulint_ast9node_type5testss_23test_node_type_equality
FN:328,_RNvNtNtCscCfipWx6sdZ_13tsuzulint_ast9node_type5testss_24test_non_parent_elements
FN:372,_RNvNtNtCscCfipWx6sdZ_13tsuzulint_ast9node_type5testss_28test_node_type_serialization
FN:379,_RNvNtNtCscCfipWx6sdZ_13tsuzulint_ast9node_type5testss_30test_node_type_deserialization
FN:261,_RNvNtNtCscCfipWx6sdZ_13tsuzulint_ast9node_type5testss_33test_block_elements_comprehensive
FN:283,_RNvNtNtCscCfipWx6sdZ_13tsuzulint_ast9node_type5testss_34test_inline_elements_comprehensive
FN:304,_RNvNtNtCscCfipWx6sdZ_13tsuzulint_ast9node_type5testss_34test_parent_elements_comprehensive
FN:393,_RNvNtNtCscCfipWx6sdZ_13tsuzulint_ast9node_type5testss_35test_link_is_both_inline_and_parent
FN:386,_RNvNtNtCscCfipWx6sdZ_13tsuzulint_ast9node_type5testss_35test_table_cell_is_parent_not_block
FN:400,_RNvNtNtCscCfipWx6sdZ_13tsuzulint_ast9node_type5testss_38test_definition_is_not_block_or_inline
FN:119,_RNvMNtCs9bJaZoOZVf6_13tsuzulint_ast9node_typeNtB2_8NodeType9is_parentCs47f85yxqTTa_14tsuzulint_core
FN:119,_RNvMNtCs9bJaZoOZVf6_13tsuzulint_ast9node_typeNtB2_8NodeType9is_parentCsjpSJrqRQcuS_14tsuzulint_wasm
FNDA:0,_RNvMNtCs9bJaZoOZVf6_13tsuzulint_ast9node_typeNtB2_8NodeType9is_parentCsdHNy3eV5zAX_14tsuzulint_core
FNDA:0,_RNvXs_NtCs9bJaZoOZVf6_13tsuzulint_ast9node_typeNtB4_8NodeTypeNtNtCs4kUJL3MZFFz_4core3fmt7Display3fmt
FNDA:0,_RNvMNtCs9bJaZoOZVf6_13tsuzulint_ast9node_typeNtB2_8NodeType7is_textB4_
FNDA:0,_RNvMNtCs9bJaZoOZVf6_13tsuzulint_ast9node_typeNtB2_8NodeType8is_blockB4_
FNDA:0,_RNvMNtCs9bJaZoOZVf6_13tsuzulint_ast9node_typeNtB2_8NodeType9is_inlineB4_
FNDA:0,_RNvMNtCs9bJaZoOZVf6_13tsuzulint_ast9node_typeNtB2_8NodeType9is_parentB4_
FNDA:5,_RNvMNtCscCfipWx6sdZ_13tsuzulint_ast9node_typeNtB2_8NodeType7is_textB4_
FNDA:18,_RNvMNtCscCfipWx6sdZ_13tsuzulint_ast9node_typeNtB2_8NodeType8is_blockB4_
FNDA:17,_RNvMNtCscCfipWx6sdZ_13tsuzulint_ast9node_typeNtB2_8NodeType9is_inlineB4_
FNDA:45,_RNvMNtCscCfipWx6sdZ_13tsuzulint_ast9node_typeNtB2_8NodeType9is_parentB4_
FNDA:32,_RNvXs_NtCscCfipWx6sdZ_13tsuzulint_ast9node_typeNtB4_8NodeTypeNtNtCs4kUJL3MZFFz_4core3fmt7Display3fmt
FNDA:1,_RNvNtNtCscCfipWx6sdZ_13tsuzulint_ast9node_type5testss_12test_display
FNDA:1,_RNvNtNtCscCfipWx6sdZ_13tsuzulint_ast9node_type5testss_12test_is_text
FNDA:1,_RNvNtNtCscCfipWx6sdZ_13tsuzulint_ast9node_type5testss_13test_is_block
FNDA:1,_RNvNtNtCscCfipWx6sdZ_13tsuzulint_ast9node_type5testss_14test_is_inline
FNDA:1,_RNvNtNtCscCfipWx6sdZ_13tsuzulint_ast9node_type5testss_14test_is_parent
FNDA:1,_RNvNtNtCscCfipWx6sdZ_13tsuzulint_ast9node_type5testss_20test_node_type_clone
FNDA:1,_RNvNtNtCscCfipWx6sdZ_13tsuzulint_ast9node_type5testss_20test_node_type_debug
FNDA:1,_RNvNtNtCscCfipWx6sdZ_13tsuzulint_ast9node_type5testss_22test_display_all_types
FNDA:1,_RNvNtNtCscCfipWx6sdZ_13tsuzulint_ast9node_type5testss_23test_node_type_equality
FNDA:1,_RNvNtNtCscCfipWx6sdZ_13tsuzulint_ast9node_type5testss_24test_non_parent_elements
FNDA:1,_RNvNtNtCscCfipWx6sdZ_13tsuzulint_ast9node_type5testss_28test_node_type_serialization
FNDA:1,_RNvNtNtCscCfipWx6sdZ_13tsuzulint_ast9node_type5testss_30test_node_type_deserialization
FNDA:1,_RNvNtNtCscCfipWx6sdZ_13tsuzulint_ast9node_type5testss_33test_block_elements_comprehensive
FNDA:1,_RNvNtNtCscCfipWx6sdZ_13tsuzulint_ast9node_type5testss_34test_inline_elements_comprehensive
FNDA:1,_RNvNtNtCscCfipWx6sdZ_13tsuzulint_ast9node_type5testss_34test_parent_elements_comprehensive
FNDA:1,_RNvNtNtCscCfipWx6sdZ_13tsuzulint_ast9node_type5testss_35test_link_is_both_inline_and_parent
FNDA:1,_RNvNtNtCscCfipWx6sdZ_13tsuzulint_ast9node_type5testss_35test_table_cell_is_parent_not_block
FNDA:1,_RNvNtNtCscCfipWx6sdZ_13tsuzulint_ast9node_type5testss_38test_definition_is_not_block_or_inline
FNDA:64,_RNvMNtCs9bJaZoOZVf6_13tsuzulint_ast9node_typeNtB2_8NodeType9is_parentCs47f85yxqTTa_14tsuzulint_core
FNDA:18,_RNvMNtCs9bJaZoOZVf6_13tsuzulint_ast9node_typeNtB2_8NodeType9is_parentCsjpSJrqRQcuS_14tsuzulint_wasm
FNF:23
FNH:23
DA:80,18
DA:81,4
DA:82,18
DA:96,18
DA:100,17
DA:101,3
DA:102,17
DA:115,17
DA:119,127
DA:120,51
DA:121,127
DA:137,127
DA:141,5
DA:142,5
DA:143,5
DA:147,32
DA:149,32
DA:150,2
DA:151,3
DA:152,1
DA:153,1
DA:154,1
DA:155,1
DA:156,2
DA:157,1
DA:158,1
DA:159,4
DA:160,1
DA:161,1
DA:162,1
DA:163,1
DA:164,1
DA:165,1
DA:166,1
DA:167,1
DA:168,1
DA:169,1
DA:170,1
DA:171,1
DA:172,1
DA:173,1
DA:174,1
DA:176,32
DA:177,32
DA:185,1
DA:186,1
DA:187,1
DA:188,1
DA:189,1
DA:190,1
DA:193,1
DA:194,1
DA:195,1
DA:196,1
DA:197,1
DA:198,1
DA:201,1
DA:202,1
DA:203,1
DA:204,1
DA:205,1
DA:206,1
DA:209,1
DA:210,1
DA:211,1
DA:212,1
DA:213,1
DA:216,1
DA:218,1
DA:219,1
DA:220,1
DA:221,1
DA:222,1
DA:223,1
DA:224,1
DA:225,1
DA:226,1
DA:227,1
DA:228,1
DA:229,1
DA:230,1
DA:231,1
DA:232,1
DA:233,1
DA:234,1
DA:235,1
DA:236,1
DA:237,1
DA:238,1
DA:239,1
DA:240,1
DA:241,1
DA:242,1
DA:243,1
DA:246,25
DA:247,25
DA:249,1
DA:252,1
DA:253,1
DA:254,1
DA:255,1
DA:256,1
DA:257,1
DA:258,1
DA:261,1
DA:262,1
DA:263,1
DA:264,1
DA:265,1
DA:266,1
DA:267,1
DA:268,1
DA:269,1
DA:270,1
DA:271,1
DA:272,1
DA:273,1
DA:274,1
DA:277,12
DA:278,12
DA:280,1
DA:283,1
DA:284,1
DA:285,1
DA:286,1
DA:287,1
DA:288,1
DA:289,1
DA:290,1
DA:291,1
DA:292,1
DA:293,1
DA:294,1
DA:295,1
DA:298,11
DA:299,11
DA:301,1
DA:304,1
DA:305,1
DA:306,1
DA:307,1
DA:308,1
DA:309,1
DA:310,1
DA:311,1
DA:312,1
DA:313,1
DA:314,1
DA:315,1
DA:316,1
DA:317,1
DA:318,1
DA:319,1
DA:322,14
DA:323,14
DA:325,1
DA:328,1
DA:329,1
DA:330,1
DA:331,1
DA:332,1
DA:333,1
DA:334,1
DA:335,1
DA:336,1
DA:337,1
DA:338,1
DA:339,1
DA:340,1
DA:343,11
DA:344,11
DA:345,11
DA:350,1
DA:353,1
DA:354,1
DA:355,1
DA:356,1
DA:359,1
DA:360,1
DA:361,1
DA:362,1
DA:363,1
DA:366,1
DA:367,1
DA:368,1
DA:369,1
DA:372,1
DA:373,1
DA:374,1
DA:375,1
DA:376,1
DA:379,1
DA:380,1
DA:381,1
DA:382,1
DA:383,1
DA:386,1
DA:388,1
DA:389,1
DA:390,1
DA:393,1
DA:395,1
DA:396,1
DA:397,1
DA:400,1
DA:402,1
DA:403,1
DA:404,1
BRF:0
BRH:0
LF:208
LH:208
end_of_record
SF:/app/crates/tsuzulint_ast/src/span.rs
FN:50,_RNvMs_NtCs9bJaZoOZVf6_13tsuzulint_ast4spanNtB4_4Span3newCsdHNy3eV5zAX_14tsuzulint_core
FN:50,_RNvMs_NtCs9bJaZoOZVf6_13tsuzulint_ast4spanNtB4_4Span3newCs6rVTX6UnG69_16tsuzulint_parser
FN:50,_RNvMs_NtCs9bJaZoOZVf6_13tsuzulint_ast4spanNtB4_4Span3newCs4O9HcfwEIU_15tsuzulint_cache
FN:27,_RNvMNtCs9bJaZoOZVf6_13tsuzulint_ast4spanNtB2_8Position3newB4_
FN:108,_RNvMs0_NtCs9bJaZoOZVf6_13tsuzulint_ast4spanNtB5_8Location3newB7_
FN:56,_RNvMs_NtCs9bJaZoOZVf6_13tsuzulint_ast4spanNtB4_4Span3lenB6_
FN:50,_RNvMs_NtCs9bJaZoOZVf6_13tsuzulint_ast4spanNtB4_4Span3newB6_
FN:74,_RNvMs_NtCs9bJaZoOZVf6_13tsuzulint_ast4spanNtB4_4Span5mergeB6_
FN:68,_RNvMs_NtCs9bJaZoOZVf6_13tsuzulint_ast4spanNtB4_4Span8containsB6_
FN:62,_RNvMs_NtCs9bJaZoOZVf6_13tsuzulint_ast4spanNtB4_4Span8is_emptyB6_
FN:27,_RNvMNtCscCfipWx6sdZ_13tsuzulint_ast4spanNtB2_8Position3newB4_
FN:108,_RNvMs0_NtCscCfipWx6sdZ_13tsuzulint_ast4spanNtB5_8Location3newB7_
FN:56,_RNvMs_NtCscCfipWx6sdZ_13tsuzulint_ast4spanNtB4_4Span3lenB6_
FN:50,_RNvMs_NtCscCfipWx6sdZ_13tsuzulint_ast4spanNtB4_4Span3newB6_
FN:74,_RNvMs_NtCscCfipWx6sdZ_13tsuzulint_ast4spanNtB4_4Span5mergeB6_
FN:68,_RNvMs_NtCscCfipWx6sdZ_13tsuzulint_ast4spanNtB4_4Span8containsB6_
FN:62,_RNvMs_NtCscCfipWx6sdZ_13tsuzulint_ast4spanNtB4_4Span8is_emptyB6_
FN:151,_RNvNtNtCscCfipWx6sdZ_13tsuzulint_ast4span5testss_13test_location
FN:118,_RNvNtNtCscCfipWx6sdZ_13tsuzulint_ast4span5testss_13test_position
FN:144,_RNvNtNtCscCfipWx6sdZ_13tsuzulint_ast4span5testss_15test_empty_span
FN:135,_RNvNtNtCscCfipWx6sdZ_13tsuzulint_ast4span5testss_15test_span_merge
FN:285,_RNvNtNtCscCfipWx6sdZ_13tsuzulint_ast4span5testss_17test_span_at_zero
FN:224,_RNvNtNtCscCfipWx6sdZ_13tsuzulint_ast4span5testss_18test_span_equality
FN:292,_RNvNtNtCscCfipWx6sdZ_13tsuzulint_ast4span5testss_21test_single_byte_span
FN:234,_RNvNtNtCscCfipWx6sdZ_13tsuzulint_ast4span5testss_22test_location_equality
FN:214,_RNvNtNtCscCfipWx6sdZ_13tsuzulint_ast4span5testss_22test_position_equality
FN:244,_RNvNtNtCscCfipWx6sdZ_13tsuzulint_ast4span5testss_23test_span_serialization
FN:276,_RNvNtNtCscCfipWx6sdZ_13tsuzulint_ast4span5testss_24test_empty_span_contains
FN:163,_RNvNtNtCscCfipWx6sdZ_13tsuzulint_ast4span5testss_24test_span_contains_start
FN:252,_RNvNtNtCscCfipWx6sdZ_13tsuzulint_ast4span5testss_25test_span_deserialization
FN:195,_RNvNtNtCscCfipWx6sdZ_13tsuzulint_ast4span5testss_25test_span_merge_same_span
FN:185,_RNvNtNtCscCfipWx6sdZ_13tsuzulint_ast4span5testss_26test_span_merge_containing
FN:268,_RNvNtNtCscCfipWx6sdZ_13tsuzulint_ast4span5testss_27test_location_serialization
FN:260,_RNvNtNtCscCfipWx6sdZ_13tsuzulint_ast4span5testss_27test_position_serialization
FN:204,_RNvNtNtCscCfipWx6sdZ_13tsuzulint_ast4span5testss_30test_span_merge_reversed_order
FN:175,_RNvNtNtCscCfipWx6sdZ_13tsuzulint_ast4span5testss_31test_span_merge_non_overlapping
FN:169,_RNvNtNtCscCfipWx6sdZ_13tsuzulint_ast4span5testss_32test_span_contains_end_exclusive
FN:125,_RNvNtNtCscCfipWx6sdZ_13tsuzulint_ast4span5testss_9test_span
FN:50,_RNvMs_NtCs9bJaZoOZVf6_13tsuzulint_ast4spanNtB4_4Span3newCs33dqzhFZ8Xr_15tsuzulint_cache
FN:27,_RNvMNtCs9bJaZoOZVf6_13tsuzulint_ast4spanNtB2_8Position3newCs47f85yxqTTa_14tsuzulint_core
FN:108,_RNvMs0_NtCs9bJaZoOZVf6_13tsuzulint_ast4spanNtB5_8Location3newCs47f85yxqTTa_14tsuzulint_core
FN:50,_RNvMs_NtCs9bJaZoOZVf6_13tsuzulint_ast4spanNtB4_4Span3newCs47f85yxqTTa_14tsuzulint_core
FN:50,_RNvMs_NtCs9bJaZoOZVf6_13tsuzulint_ast4spanNtB4_4Span3newCslSoYyaIRsdV_13tsuzulint_lsp
FN:50,_RNvMs_NtCs9bJaZoOZVf6_13tsuzulint_ast4spanNtB4_4Span3newCskrHlX1vBtOp_16tsuzulint_parser
FN:27,_RNvMNtCs9bJaZoOZVf6_13tsuzulint_ast4spanNtB2_8Position3newCseEA81XnnazN_16tsuzulint_plugin
FN:108,_RNvMs0_NtCs9bJaZoOZVf6_13tsuzulint_ast4spanNtB5_8Location3newCseEA81XnnazN_16tsuzulint_plugin
FN:50,_RNvMs_NtCs9bJaZoOZVf6_13tsuzulint_ast4spanNtB4_4Span3newCseEA81XnnazN_16tsuzulint_plugin
FN:50,_RNvMs_NtCs9bJaZoOZVf6_13tsuzulint_ast4spanNtB4_4Span3newCsjpSJrqRQcuS_14tsuzulint_wasm
FNDA:0,_RNvMs_NtCs9bJaZoOZVf6_13tsuzulint_ast4spanNtB4_4Span3newCsdHNy3eV5zAX_14tsuzulint_core
FNDA:490,_RNvMs_NtCs9bJaZoOZVf6_13tsuzulint_ast4spanNtB4_4Span3newCs6rVTX6UnG69_16tsuzulint_parser
FNDA:0,_RNvMs_NtCs9bJaZoOZVf6_13tsuzulint_ast4spanNtB4_4Span3newCs4O9HcfwEIU_15tsuzulint_cache
FNDA:0,_RNvMNtCs9bJaZoOZVf6_13tsuzulint_ast4spanNtB2_8Position3newB4_
FNDA:0,_RNvMs0_NtCs9bJaZoOZVf6_13tsuzulint_ast4spanNtB5_8Location3newB7_
FNDA:0,_RNvMs_NtCs9bJaZoOZVf6_13tsuzulint_ast4spanNtB4_4Span3lenB6_
FNDA:0,_RNvMs_NtCs9bJaZoOZVf6_13tsuzulint_ast4spanNtB4_4Span3newB6_
FNDA:0,_RNvMs_NtCs9bJaZoOZVf6_13tsuzulint_ast4spanNtB4_4Span5mergeB6_
FNDA:0,_RNvMs_NtCs9bJaZoOZVf6_13tsuzulint_ast4spanNtB4_4Span8containsB6_
FNDA:0,_RNvMs_NtCs9bJaZoOZVf6_13tsuzulint_ast4spanNtB4_4Span8is_emptyB6_
FNDA:15,_RNvMNtCscCfipWx6sdZ_13tsuzulint_ast4spanNtB2_8Position3newB4_
FNDA:5,_RNvMs0_NtCscCfipWx6sdZ_13tsuzulint_ast4spanNtB5_8Location3newB7_
FNDA:4,_RNvMs_NtCscCfipWx6sdZ_13tsuzulint_ast4spanNtB4_4Span3lenB6_
FNDA:83,_RNvMs_NtCscCfipWx6sdZ_13tsuzulint_ast4spanNtB4_4Span3newB6_
FNDA:5,_RNvMs_NtCscCfipWx6sdZ_13tsuzulint_ast4spanNtB4_4Span5mergeB6_
FNDA:11,_RNvMs_NtCscCfipWx6sdZ_13tsuzulint_ast4spanNtB4_4Span8containsB6_
FNDA:3,_RNvMs_NtCscCfipWx6sdZ_13tsuzulint_ast4spanNtB4_4Span8is_emptyB6_
FNDA:1,_RNvNtNtCscCfipWx6sdZ_13tsuzulint_ast4span5testss_13test_location
FNDA:1,_RNvNtNtCscCfipWx6sdZ_13tsuzulint_ast4span5testss_13test_position
FNDA:1,_RNvNtNtCscCfipWx6sdZ_13tsuzulint_ast4span5testss_15test_empty_span
FNDA:1,_RNvNtNtCscCfipWx6sdZ_13tsuzulint_ast4span5testss_15test_span_merge
FNDA:1,_RNvNtNtCscCfipWx6sdZ_13tsuzulint_ast4span5testss_17test_span_at_zero
FNDA:1,_RNvNtNtCscCfipWx6sdZ_13tsuzulint_ast4span5testss_18test_span_equality
FNDA:1,_RNvNtNtCscCfipWx6sdZ_13tsuzulint_ast4span5testss_21test_single_byte_span
FNDA:1,_RNvNtNtCscCfipWx6sdZ_13tsuzulint_ast4span5testss_22test_location_equality
FNDA:1,_RNvNtNtCscCfipWx6sdZ_13tsuzulint_ast4span5testss_22test_position_equality
FNDA:1,_RNvNtNtCscCfipWx6sdZ_13tsuzulint_ast4span5testss_23test_span_serialization
FNDA:1,_RNvNtNtCscCfipWx6sdZ_13tsuzulint_ast4span5testss_24test_empty_span_contains
FNDA:1,_RNvNtNtCscCfipWx6sdZ_13tsuzulint_ast4span5testss_24test_span_contains_start
FNDA:1,_RNvNtNtCscCfipWx6sdZ_13tsuzulint_ast4span5testss_25test_span_deserialization
FNDA:1,_RNvNtNtCscCfipWx6sdZ_13tsuzulint_ast4span5testss_25test_span_merge_same_span
FNDA:1,_RNvNtNtCscCfipWx6sdZ_13tsuzulint_ast4span5testss_26test_span_merge_containing
FNDA:1,_RNvNtNtCscCfipWx6sdZ_13tsuzulint_ast4span5testss_27test_location_serialization
FNDA:1,_RNvNtNtCscCfipWx6sdZ_13tsuzulint_ast4span5testss_27test_position_serialization
FNDA:1,_RNvNtNtCscCfipWx6sdZ_13tsuzulint_ast4span5testss_30test_span_merge_reversed_order
FNDA:1,_RNvNtNtCscCfipWx6sdZ_13tsuzulint_ast4span5testss_31test_span_merge_non_overlapping
FNDA:1,_RNvNtNtCscCfipWx6sdZ_13tsuzulint_ast4span5testss_32test_span_contains_end_exclusive
FNDA:1,_RNvNtNtCscCfipWx6sdZ_13tsuzulint_ast4span5testss_9test_span
FNDA:29,_RNvMs_NtCs9bJaZoOZVf6_13tsuzulint_ast4spanNtB4_4Span3newCs33dqzhFZ8Xr_15tsuzulint_cache
FNDA:2,_RNvMNtCs9bJaZoOZVf6_13tsuzulint_ast4spanNtB2_8Position3newCs47f85yxqTTa_14tsuzulint_core
FNDA:1,_RNvMs0_NtCs9bJaZoOZVf6_13tsuzulint_ast4spanNtB5_8Location3newCs47f85yxqTTa_14tsuzulint_core
FNDA:382,_RNvMs_NtCs9bJaZoOZVf6_13tsuzulint_ast4spanNtB4_4Span3newCs47f85yxqTTa_14tsuzulint_core
FNDA:18,_RNvMs_NtCs9bJaZoOZVf6_13tsuzulint_ast4spanNtB4_4Span3newCslSoYyaIRsdV_13tsuzulint_lsp
FNDA:210,_RNvMs_NtCs9bJaZoOZVf6_13tsuzulint_ast4spanNtB4_4Span3newCskrHlX1vBtOp_16tsuzulint_parser
FNDA:4,_RNvMNtCs9bJaZoOZVf6_13tsuzulint_ast4spanNtB2_8Position3newCseEA81XnnazN_16tsuzulint_plugin
FNDA:2,_RNvMs0_NtCs9bJaZoOZVf6_13tsuzulint_ast4spanNtB5_8Location3newCseEA81XnnazN_16tsuzulint_plugin
FNDA:35,_RNvMs_NtCs9bJaZoOZVf6_13tsuzulint_ast4spanNtB4_4Span3newCseEA81XnnazN_16tsuzulint_plugin
FNDA:9,_RNvMs_NtCs9bJaZoOZVf6_13tsuzulint_ast4spanNtB4_4Span3newCsjpSJrqRQcuS_14tsuzulint_wasm
FNF:28
FNH:28
DA:27,21
DA:28,21
DA:29,21
DA:50,1256
DA:51,1256
DA:52,1256
DA:56,4
DA:57,4
DA:58,4
DA:62,3
DA:63,3
DA:64,3
DA:68,11
DA:69,11
DA:70,11
DA:74,5
DA:76,5
DA:77,3
DA:79,2
DA:81,5
DA:82,2
DA:84,3
DA:87,5
DA:108,8
DA:109,8
DA:110,8
DA:118,1
DA:119,1
DA:120,1
DA:121,1
DA:122,1
DA:125,1
DA:126,1
DA:127,1
DA:128,1
DA:129,1
DA:130,1
DA:131,1
DA:132,1
DA:135,1
DA:136,1
DA:137,1
DA:138,1
DA:139,1
DA:140,1
DA:141,1
DA:144,1
DA:145,1
DA:146,1
DA:147,1
DA:148,1
DA:151,1
DA:152,1
DA:153,1
DA:154,1
DA:156,1
DA:157,1
DA:158,1
DA:159,1
DA:160,1
DA:163,1
DA:164,1
DA:165,1
DA:166,1
DA:169,1
DA:170,1
DA:171,1
DA:172,1
DA:175,1
DA:176,1
DA:177,1
DA:178,1
DA:180,1
DA:181,1
DA:182,1
DA:185,1
DA:186,1
DA:187,1
DA:188,1
DA:190,1
DA:191,1
DA:192,1
DA:195,1
DA:196,1
DA:197,1
DA:199,1
DA:200,1
DA:201,1
DA:204,1
DA:205,1
DA:206,1
DA:207,1
DA:209,1
DA:210,1
DA:211,1
DA:214,1
DA:215,1
DA:216,1
DA:217,1
DA:219,1
DA:220,1
DA:221,1
DA:224,1
DA:225,1
DA:226,1
DA:227,1
DA:229,1
DA:230,1
DA:231,1
DA:234,1
DA:235,1
DA:236,1
DA:237,1
DA:239,1
DA:240,1
DA:241,1
DA:244,1
DA:245,1
DA:246,1
DA:247,1
DA:248,1
DA:249,1
DA:252,1
DA:253,1
DA:254,1
DA:255,1
DA:256,1
DA:257,1
DA:260,1
DA:261,1
DA:262,1
DA:263,1
DA:264,1
DA:265,1
DA:268,1
DA:269,1
DA:270,1
DA:271,1
DA:272,1
DA:273,1
DA:276,1
DA:277,1
DA:279,1
DA:280,1
DA:281,1
DA:282,1
DA:285,1
DA:286,1
DA:287,1
DA:288,1
DA:289,1
DA:292,1
DA:293,1
DA:294,1
DA:295,1
DA:296,1
DA:297,1
DA:298,1
BRF:0
BRH:0
LF:158
LH:158
end_of_record
SF:/app/crates/tsuzulint_ast/src/visitor/visit.rs
FN:69,_RNvYNtNvNtCsdHNy3eV5zAX_14tsuzulint_core12ignore_range21extract_ignore_ranges18CodeRangeCollectorNtNtNtCs9bJaZoOZVf6_13tsuzulint_ast7visitor5visit7Visitor10enter_nodeB8_
FN:130,_RNvYNtNvNtCsdHNy3eV5zAX_14tsuzulint_core12ignore_range21extract_ignore_ranges18CodeRangeCollectorNtNtNtCs9bJaZoOZVf6_13tsuzulint_ast7visitor5visit7Visitor10visit_htmlB8_
FN:167,_RNvYNtNvNtCsdHNy3eV5zAX_14tsuzulint_core12ignore_range21extract_ignore_ranges18CodeRangeCollectorNtNtNtCs9bJaZoOZVf6_13tsuzulint_ast7visitor5visit7Visitor10visit_linkB8_
FN:110,_RNvYNtNvNtCsdHNy3eV5zAX_14tsuzulint_core12ignore_range21extract_ignore_ranges18CodeRangeCollectorNtNtNtCs9bJaZoOZVf6_13tsuzulint_ast7visitor5visit7Visitor10visit_listB8_
FN:142,_RNvYNtNvNtCsdHNy3eV5zAX_14tsuzulint_core12ignore_range21extract_ignore_ranges18CodeRangeCollectorNtNtNtCs9bJaZoOZVf6_13tsuzulint_ast7visitor5visit7Visitor11visit_breakB8_
FN:172,_RNvYNtNvNtCsdHNy3eV5zAX_14tsuzulint_core12ignore_range21extract_ignore_ranges18CodeRangeCollectorNtNtNtCs9bJaZoOZVf6_13tsuzulint_ast7visitor5visit7Visitor11visit_imageB8_
FN:196,_RNvYNtNvNtCsdHNy3eV5zAX_14tsuzulint_core12ignore_range21extract_ignore_ranges18CodeRangeCollectorNtNtNtCs9bJaZoOZVf6_13tsuzulint_ast7visitor5visit7Visitor11visit_tableB8_
FN:157,_RNvYNtNvNtCsdHNy3eV5zAX_14tsuzulint_core12ignore_range21extract_ignore_ranges18CodeRangeCollectorNtNtNtCs9bJaZoOZVf6_13tsuzulint_ast7visitor5visit7Visitor12visit_deleteB8_
FN:100,_RNvYNtNvNtCsdHNy3eV5zAX_14tsuzulint_core12ignore_range21extract_ignore_ranges18CodeRangeCollectorNtNtNtCs9bJaZoOZVf6_13tsuzulint_ast7visitor5visit7Visitor12visit_headerB8_
FN:152,_RNvYNtNvNtCsdHNy3eV5zAX_14tsuzulint_core12ignore_range21extract_ignore_ranges18CodeRangeCollectorNtNtNtCs9bJaZoOZVf6_13tsuzulint_ast7visitor5visit7Visitor12visit_strongB8_
FN:90,_RNvYNtNvNtCsdHNy3eV5zAX_14tsuzulint_core12ignore_range21extract_ignore_ranges18CodeRangeCollectorNtNtNtCs9bJaZoOZVf6_13tsuzulint_ast7visitor5visit7Visitor14visit_documentB8_
FN:147,_RNvYNtNvNtCsdHNy3eV5zAX_14tsuzulint_core12ignore_range21extract_ignore_ranges18CodeRangeCollectorNtNtNtCs9bJaZoOZVf6_13tsuzulint_ast7visitor5visit7Visitor14visit_emphasisB8_
FN:115,_RNvYNtNvNtCsdHNy3eV5zAX_14tsuzulint_core12ignore_range21extract_ignore_ranges18CodeRangeCollectorNtNtNtCs9bJaZoOZVf6_13tsuzulint_ast7visitor5visit7Visitor15visit_list_itemB8_
FN:95,_RNvYNtNvNtCsdHNy3eV5zAX_14tsuzulint_core12ignore_range21extract_ignore_ranges18CodeRangeCollectorNtNtNtCs9bJaZoOZVf6_13tsuzulint_ast7visitor5visit7Visitor15visit_paragraphB8_
FN:201,_RNvYNtNvNtCsdHNy3eV5zAX_14tsuzulint_core12ignore_range21extract_ignore_ranges18CodeRangeCollectorNtNtNtCs9bJaZoOZVf6_13tsuzulint_ast7visitor5visit7Visitor15visit_table_rowB8_
FN:189,_RNvYNtNvNtCsdHNy3eV5zAX_14tsuzulint_core12ignore_range21extract_ignore_ranges18CodeRangeCollectorNtNtNtCs9bJaZoOZVf6_13tsuzulint_ast7visitor5visit7Visitor16visit_definitionB8_
FN:206,_RNvYNtNvNtCsdHNy3eV5zAX_14tsuzulint_core12ignore_range21extract_ignore_ranges18CodeRangeCollectorNtNtNtCs9bJaZoOZVf6_13tsuzulint_ast7visitor5visit7Visitor16visit_table_cellB8_
FN:105,_RNvYNtNvNtCsdHNy3eV5zAX_14tsuzulint_core12ignore_range21extract_ignore_ranges18CodeRangeCollectorNtNtNtCs9bJaZoOZVf6_13tsuzulint_ast7visitor5visit7Visitor17visit_block_quoteB8_
FN:179,_RNvYNtNvNtCsdHNy3eV5zAX_14tsuzulint_core12ignore_range21extract_ignore_ranges18CodeRangeCollectorNtNtNtCs9bJaZoOZVf6_13tsuzulint_ast7visitor5visit7Visitor20visit_link_referenceB8_
FN:125,_RNvYNtNvNtCsdHNy3eV5zAX_14tsuzulint_core12ignore_range21extract_ignore_ranges18CodeRangeCollectorNtNtNtCs9bJaZoOZVf6_13tsuzulint_ast7visitor5visit7Visitor21visit_horizontal_ruleB8_
FN:184,_RNvYNtNvNtCsdHNy3eV5zAX_14tsuzulint_core12ignore_range21extract_ignore_ranges18CodeRangeCollectorNtNtNtCs9bJaZoOZVf6_13tsuzulint_ast7visitor5visit7Visitor21visit_image_referenceB8_
FN:218,_RNvYNtNvNtCsdHNy3eV5zAX_14tsuzulint_core12ignore_range21extract_ignore_ranges18CodeRangeCollectorNtNtNtCs9bJaZoOZVf6_13tsuzulint_ast7visitor5visit7Visitor24visit_footnote_referenceB8_
FN:213,_RNvYNtNvNtCsdHNy3eV5zAX_14tsuzulint_core12ignore_range21extract_ignore_ranges18CodeRangeCollectorNtNtNtCs9bJaZoOZVf6_13tsuzulint_ast7visitor5visit7Visitor25visit_footnote_definitionB8_
FN:75,_RNvYNtNvNtCsdHNy3eV5zAX_14tsuzulint_core12ignore_range21extract_ignore_ranges18CodeRangeCollectorNtNtNtCs9bJaZoOZVf6_13tsuzulint_ast7visitor5visit7Visitor9exit_nodeB8_
FN:137,_RNvYNtNvNtCsdHNy3eV5zAX_14tsuzulint_core12ignore_range21extract_ignore_ranges18CodeRangeCollectorNtNtNtCs9bJaZoOZVf6_13tsuzulint_ast7visitor5visit7Visitor9visit_strB8_
FN:69,_RNvYpNtNtNtCs9bJaZoOZVf6_13tsuzulint_ast7visitor5visit7Visitor10enter_nodeB9_
FN:162,_RNvYpNtNtNtCs9bJaZoOZVf6_13tsuzulint_ast7visitor5visit7Visitor10visit_codeB9_
FN:130,_RNvYpNtNtNtCs9bJaZoOZVf6_13tsuzulint_ast7visitor5visit7Visitor10visit_htmlB9_
FN:167,_RNvYpNtNtNtCs9bJaZoOZVf6_13tsuzulint_ast7visitor5visit7Visitor10visit_linkB9_
FN:110,_RNvYpNtNtNtCs9bJaZoOZVf6_13tsuzulint_ast7visitor5visit7Visitor10visit_listB9_
FN:83,_RNvYpNtNtNtCs9bJaZoOZVf6_13tsuzulint_ast7visitor5visit7Visitor10visit_nodeB9_
FN:142,_RNvYpNtNtNtCs9bJaZoOZVf6_13tsuzulint_ast7visitor5visit7Visitor11visit_breakB9_
FN:172,_RNvYpNtNtNtCs9bJaZoOZVf6_13tsuzulint_ast7visitor5visit7Visitor11visit_imageB9_
FN:196,_RNvYpNtNtNtCs9bJaZoOZVf6_13tsuzulint_ast7visitor5visit7Visitor11visit_tableB9_
FN:157,_RNvYpNtNtNtCs9bJaZoOZVf6_13tsuzulint_ast7visitor5visit7Visitor12visit_deleteB9_
FN:100,_RNvYpNtNtNtCs9bJaZoOZVf6_13tsuzulint_ast7visitor5visit7Visitor12visit_headerB9_
FN:152,_RNvYpNtNtNtCs9bJaZoOZVf6_13tsuzulint_ast7visitor5visit7Visitor12visit_strongB9_
FN:90,_RNvYpNtNtNtCs9bJaZoOZVf6_13tsuzulint_ast7visitor5visit7Visitor14visit_documentB9_
FN:147,_RNvYpNtNtNtCs9bJaZoOZVf6_13tsuzulint_ast7visitor5visit7Visitor14visit_emphasisB9_
FN:115,_RNvYpNtNtNtCs9bJaZoOZVf6_13tsuzulint_ast7visitor5visit7Visitor15visit_list_itemB9_
FN:95,_RNvYpNtNtNtCs9bJaZoOZVf6_13tsuzulint_ast7visitor5visit7Visitor15visit_paragraphB9_
FN:201,_RNvYpNtNtNtCs9bJaZoOZVf6_13tsuzulint_ast7visitor5visit7Visitor15visit_table_rowB9_
FN:120,_RNvYpNtNtNtCs9bJaZoOZVf6_13tsuzulint_ast7visitor5visit7Visitor16visit_code_blockB9_
FN:189,_RNvYpNtNtNtCs9bJaZoOZVf6_13tsuzulint_ast7visitor5visit7Visitor16visit_definitionB9_
FN:206,_RNvYpNtNtNtCs9bJaZoOZVf6_13tsuzulint_ast7visitor5visit7Visitor16visit_table_cellB9_
FN:105,_RNvYpNtNtNtCs9bJaZoOZVf6_13tsuzulint_ast7visitor5visit7Visitor17visit_block_quoteB9_
FN:179,_RNvYpNtNtNtCs9bJaZoOZVf6_13tsuzulint_ast7visitor5visit7Visitor20visit_link_referenceB9_
FN:125,_RNvYpNtNtNtCs9bJaZoOZVf6_13tsuzulint_ast7visitor5visit7Visitor21visit_horizontal_ruleB9_
FN:184,_RNvYpNtNtNtCs9bJaZoOZVf6_13tsuzulint_ast7visitor5visit7Visitor21visit_image_referenceB9_
FN:218,_RNvYpNtNtNtCs9bJaZoOZVf6_13tsuzulint_ast7visitor5visit7Visitor24visit_footnote_referenceB9_
FN:213,_RNvYpNtNtNtCs9bJaZoOZVf6_13tsuzulint_ast7visitor5visit7Visitor25visit_footnote_definitionB9_
FN:75,_RNvYpNtNtNtCs9bJaZoOZVf6_13tsuzulint_ast7visitor5visit7Visitor9exit_nodeB9_
FN:137,_RNvYpNtNtNtCs9bJaZoOZVf6_13tsuzulint_ast7visitor5visit7Visitor9visit_strB9_
FN:83,_RNvYpNtNtNtCscCfipWx6sdZ_13tsuzulint_ast7visitor5visit7Visitor10visit_nodeB9_
FN:162,_RNvYNtNtNtNtCscCfipWx6sdZ_13tsuzulint_ast7visitor4walk5tests11NodeCounterNtNtB8_5visit7Visitor10visit_codeBa_
FN:130,_RNvYNtNtNtNtCscCfipWx6sdZ_13tsuzulint_ast7visitor4walk5tests11NodeCounterNtNtB8_5visit7Visitor10visit_htmlBa_
FN:167,_RNvYNtNtNtNtCscCfipWx6sdZ_13tsuzulint_ast7visitor4walk5tests11NodeCounterNtNtB8_5visit7Visitor10visit_linkBa_
FN:110,_RNvYNtNtNtNtCscCfipWx6sdZ_13tsuzulint_ast7visitor4walk5tests11NodeCounterNtNtB8_5visit7Visitor10visit_listBa_
FN:142,_RNvYNtNtNtNtCscCfipWx6sdZ_13tsuzulint_ast7visitor4walk5tests11NodeCounterNtNtB8_5visit7Visitor11visit_breakBa_
FN:172,_RNvYNtNtNtNtCscCfipWx6sdZ_13tsuzulint_ast7visitor4walk5tests11NodeCounterNtNtB8_5visit7Visitor11visit_imageBa_
FN:196,_RNvYNtNtNtNtCscCfipWx6sdZ_13tsuzulint_ast7visitor4walk5tests11NodeCounterNtNtB8_5visit7Visitor11visit_tableBa_
FN:157,_RNvYNtNtNtNtCscCfipWx6sdZ_13tsuzulint_ast7visitor4walk5tests11NodeCounterNtNtB8_5visit7Visitor12visit_deleteBa_
FN:100,_RNvYNtNtNtNtCscCfipWx6sdZ_13tsuzulint_ast7visitor4walk5tests11NodeCounterNtNtB8_5visit7Visitor12visit_headerBa_
FN:152,_RNvYNtNtNtNtCscCfipWx6sdZ_13tsuzulint_ast7visitor4walk5tests11NodeCounterNtNtB8_5visit7Visitor12visit_strongBa_
FN:147,_RNvYNtNtNtNtCscCfipWx6sdZ_13tsuzulint_ast7visitor4walk5tests11NodeCounterNtNtB8_5visit7Visitor14visit_emphasisBa_
FN:115,_RNvYNtNtNtNtCscCfipWx6sdZ_13tsuzulint_ast7visitor4walk5tests11NodeCounterNtNtB8_5visit7Visitor15visit_list_itemBa_
FN:201,_RNvYNtNtNtNtCscCfipWx6sdZ_13tsuzulint_ast7visitor4walk5tests11NodeCounterNtNtB8_5visit7Visitor15visit_table_rowBa_
FN:120,_RNvYNtNtNtNtCscCfipWx6sdZ_13tsuzulint_ast7visitor4walk5tests11NodeCounterNtNtB8_5visit7Visitor16visit_code_blockBa_
FN:189,_RNvYNtNtNtNtCscCfipWx6sdZ_13tsuzulint_ast7visitor4walk5tests11NodeCounterNtNtB8_5visit7Visitor16visit_definitionBa_
FN:206,_RNvYNtNtNtNtCscCfipWx6sdZ_13tsuzulint_ast7visitor4walk5tests11NodeCounterNtNtB8_5visit7Visitor16visit_table_cellBa_
FN:105,_RNvYNtNtNtNtCscCfipWx6sdZ_13tsuzulint_ast7visitor4walk5tests11NodeCounterNtNtB8_5visit7Visitor17visit_block_quoteBa_
FN:179,_RNvYNtNtNtNtCscCfipWx6sdZ_13tsuzulint_ast7visitor4walk5tests11NodeCounterNtNtB8_5visit7Visitor20visit_link_referenceBa_
FN:125,_RNvYNtNtNtNtCscCfipWx6sdZ_13tsuzulint_ast7visitor4walk5tests11NodeCounterNtNtB8_5visit7Visitor21visit_horizontal_ruleBa_
FN:184,_RNvYNtNtNtNtCscCfipWx6sdZ_13tsuzulint_ast7visitor4walk5tests11NodeCounterNtNtB8_5visit7Visitor21visit_image_referenceBa_
FN:218,_RNvYNtNtNtNtCscCfipWx6sdZ_13tsuzulint_ast7visitor4walk5tests11NodeCounterNtNtB8_5visit7Visitor24visit_footnote_referenceBa_
FN:213,_RNvYNtNtNtNtCscCfipWx6sdZ_13tsuzulint_ast7visitor4walk5tests11NodeCounterNtNtB8_5visit7Visitor25visit_footnote_definitionBa_
FN:75,_RNvYNtNtNtNtCscCfipWx6sdZ_13tsuzulint_ast7visitor4walk5tests11NodeCounterNtNtB8_5visit7Visitor9exit_nodeBa_
FN:69,_RNvYNtNtNtNtCscCfipWx6sdZ_13tsuzulint_ast7visitor4walk5tests13TextCollectorNtNtB8_5visit7Visitor10enter_nodeBa_
FN:162,_RNvYNtNtNtNtCscCfipWx6sdZ_13tsuzulint_ast7visitor4walk5tests13TextCollectorNtNtB8_5visit7Visitor10visit_codeBa_
FN:130,_RNvYNtNtNtNtCscCfipWx6sdZ_13tsuzulint_ast7visitor4walk5tests13TextCollectorNtNtB8_5visit7Visitor10visit_htmlBa_
FN:167,_RNvYNtNtNtNtCscCfipWx6sdZ_13tsuzulint_ast7visitor4walk5tests13TextCollectorNtNtB8_5visit7Visitor10visit_linkBa_
FN:110,_RNvYNtNtNtNtCscCfipWx6sdZ_13tsuzulint_ast7visitor4walk5tests13TextCollectorNtNtB8_5visit7Visitor10visit_listBa_
FN:142,_RNvYNtNtNtNtCscCfipWx6sdZ_13tsuzulint_ast7visitor4walk5tests13TextCollectorNtNtB8_5visit7Visitor11visit_breakBa_
FN:172,_RNvYNtNtNtNtCscCfipWx6sdZ_13tsuzulint_ast7visitor4walk5tests13TextCollectorNtNtB8_5visit7Visitor11visit_imageBa_
FN:196,_RNvYNtNtNtNtCscCfipWx6sdZ_13tsuzulint_ast7visitor4walk5tests13TextCollectorNtNtB8_5visit7Visitor11visit_tableBa_
FN:157,_RNvYNtNtNtNtCscCfipWx6sdZ_13tsuzulint_ast7visitor4walk5tests13TextCollectorNtNtB8_5visit7Visitor12visit_deleteBa_
FN:100,_RNvYNtNtNtNtCscCfipWx6sdZ_13tsuzulint_ast7visitor4walk5tests13TextCollectorNtNtB8_5visit7Visitor12visit_headerBa_
FN:152,_RNvYNtNtNtNtCscCfipWx6sdZ_13tsuzulint_ast7visitor4walk5tests13TextCollectorNtNtB8_5visit7Visitor12visit_strongBa_
FN:90,_RNvYNtNtNtNtCscCfipWx6sdZ_13tsuzulint_ast7visitor4walk5tests13TextCollectorNtNtB8_5visit7Visitor14visit_documentBa_
FN:147,_RNvYNtNtNtNtCscCfipWx6sdZ_13tsuzulint_ast7visitor4walk5tests13TextCollectorNtNtB8_5visit7Visitor14visit_emphasisBa_
FN:115,_RNvYNtNtNtNtCscCfipWx6sdZ_13tsuzulint_ast7visitor4walk5tests13TextCollectorNtNtB8_5visit7Visitor15visit_list_itemBa_
FN:95,_RNvYNtNtNtNtCscCfipWx6sdZ_13tsuzulint_ast7visitor4walk5tests13TextCollectorNtNtB8_5visit7Visitor15visit_paragraphBa_
FN:201,_RNvYNtNtNtNtCscCfipWx6sdZ_13tsuzulint_ast7visitor4walk5tests13TextCollectorNtNtB8_5visit7Visitor15visit_table_rowBa_
FN:120,_RNvYNtNtNtNtCscCfipWx6sdZ_13tsuzulint_ast7visitor4walk5tests13TextCollectorNtNtB8_5visit7Visitor16visit_code_blockBa_
FN:189,_RNvYNtNtNtNtCscCfipWx6sdZ_13tsuzulint_ast7visitor4walk5tests13TextCollectorNtNtB8_5visit7Visitor16visit_definitionBa_
FN:206,_RNvYNtNtNtNtCscCfipWx6sdZ_13tsuzulint_ast7visitor4walk5tests13TextCollectorNtNtB8_5visit7Visitor16visit_table_cellBa_
FN:105,_RNvYNtNtNtNtCscCfipWx6sdZ_13tsuzulint_ast7visitor4walk5tests13TextCollectorNtNtB8_5visit7Visitor17visit_block_quoteBa_
FN:179,_RNvYNtNtNtNtCscCfipWx6sdZ_13tsuzulint_ast7visitor4walk5tests13TextCollectorNtNtB8_5visit7Visitor20visit_link_referenceBa_
FN:125,_RNvYNtNtNtNtCscCfipWx6sdZ_13tsuzulint_ast7visitor4walk5tests13TextCollectorNtNtB8_5visit7Visitor21visit_horizontal_ruleBa_
FN:184,_RNvYNtNtNtNtCscCfipWx6sdZ_13tsuzulint_ast7visitor4walk5tests13TextCollectorNtNtB8_5visit7Visitor21visit_image_referenceBa_
FN:218,_RNvYNtNtNtNtCscCfipWx6sdZ_13tsuzulint_ast7visitor4walk5tests13TextCollectorNtNtB8_5visit7Visitor24visit_footnote_referenceBa_
FN:213,_RNvYNtNtNtNtCscCfipWx6sdZ_13tsuzulint_ast7visitor4walk5tests13TextCollectorNtNtB8_5visit7Visitor25visit_footnote_definitionBa_
FN:75,_RNvYNtNtNtNtCscCfipWx6sdZ_13tsuzulint_ast7visitor4walk5tests13TextCollectorNtNtB8_5visit7Visitor9exit_nodeBa_
FN:69,_RNvYNtNtNtNtCscCfipWx6sdZ_13tsuzulint_ast7visitor4walk5tests14FirstStrFinderNtNtB8_5visit7Visitor10enter_nodeBa_
FN:162,_RNvYNtNtNtNtCscCfipWx6sdZ_13tsuzulint_ast7visitor4walk5tests14FirstStrFinderNtNtB8_5visit7Visitor10visit_codeBa_
FN:130,_RNvYNtNtNtNtCscCfipWx6sdZ_13tsuzulint_ast7visitor4walk5tests14FirstStrFinderNtNtB8_5visit7Visitor10visit_htmlBa_
FN:167,_RNvYNtNtNtNtCscCfipWx6sdZ_13tsuzulint_ast7visitor4walk5tests14FirstStrFinderNtNtB8_5visit7Visitor10visit_linkBa_
FN:110,_RNvYNtNtNtNtCscCfipWx6sdZ_13tsuzulint_ast7visitor4walk5tests14FirstStrFinderNtNtB8_5visit7Visitor10visit_listBa_
FN:142,_RNvYNtNtNtNtCscCfipWx6sdZ_13tsuzulint_ast7visitor4walk5tests14FirstStrFinderNtNtB8_5visit7Visitor11visit_breakBa_
FN:172,_RNvYNtNtNtNtCscCfipWx6sdZ_13tsuzulint_ast7visitor4walk5tests14FirstStrFinderNtNtB8_5visit7Visitor11visit_imageBa_
FN:196,_RNvYNtNtNtNtCscCfipWx6sdZ_13tsuzulint_ast7visitor4walk5tests14FirstStrFinderNtNtB8_5visit7Visitor11visit_tableBa_
FN:157,_RNvYNtNtNtNtCscCfipWx6sdZ_13tsuzulint_ast7visitor4walk5tests14FirstStrFinderNtNtB8_5visit7Visitor12visit_deleteBa_
FN:100,_RNvYNtNtNtNtCscCfipWx6sdZ_13tsuzulint_ast7visitor4walk5tests14FirstStrFinderNtNtB8_5visit7Visitor12visit_headerBa_
FN:152,_RNvYNtNtNtNtCscCfipWx6sdZ_13tsuzulint_ast7visitor4walk5tests14FirstStrFinderNtNtB8_5visit7Visitor12visit_strongBa_
FN:90,_RNvYNtNtNtNtCscCfipWx6sdZ_13tsuzulint_ast7visitor4walk5tests14FirstStrFinderNtNtB8_5visit7Visitor14visit_documentBa_
FN:147,_RNvYNtNtNtNtCscCfipWx6sdZ_13tsuzulint_ast7visitor4walk5tests14FirstStrFinderNtNtB8_5visit7Visitor14visit_emphasisBa_
FN:115,_RNvYNtNtNtNtCscCfipWx6sdZ_13tsuzulint_ast7visitor4walk5tests14FirstStrFinderNtNtB8_5visit7Visitor15visit_list_itemBa_
FN:95,_RNvYNtNtNtNtCscCfipWx6sdZ_13tsuzulint_ast7visitor4walk5tests14FirstStrFinderNtNtB8_5visit7Visitor15visit_paragraphBa_
FN:201,_RNvYNtNtNtNtCscCfipWx6sdZ_13tsuzulint_ast7visitor4walk5tests14FirstStrFinderNtNtB8_5visit7Visitor15visit_table_rowBa_
FN:120,_RNvYNtNtNtNtCscCfipWx6sdZ_13tsuzulint_ast7visitor4walk5tests14FirstStrFinderNtNtB8_5visit7Visitor16visit_code_blockBa_
FN:189,_RNvYNtNtNtNtCscCfipWx6sdZ_13tsuzulint_ast7visitor4walk5tests14FirstStrFinderNtNtB8_5visit7Visitor16visit_definitionBa_
FN:206,_RNvYNtNtNtNtCscCfipWx6sdZ_13tsuzulint_ast7visitor4walk5tests14FirstStrFinderNtNtB8_5visit7Visitor16visit_table_cellBa_
FN:105,_RNvYNtNtNtNtCscCfipWx6sdZ_13tsuzulint_ast7visitor4walk5tests14FirstStrFinderNtNtB8_5visit7Visitor17visit_block_quoteBa_
FN:179,_RNvYNtNtNtNtCscCfipWx6sdZ_13tsuzulint_ast7visitor4walk5tests14FirstStrFinderNtNtB8_5visit7Visitor20visit_link_referenceBa_
FN:125,_RNvYNtNtNtNtCscCfipWx6sdZ_13tsuzulint_ast7visitor4walk5tests14FirstStrFinderNtNtB8_5visit7Visitor21visit_horizontal_ruleBa_
FN:184,_RNvYNtNtNtNtCscCfipWx6sdZ_13tsuzulint_ast7visitor4walk5tests14FirstStrFinderNtNtB8_5visit7Visitor21visit_image_referenceBa_
FN:218,_RNvYNtNtNtNtCscCfipWx6sdZ_13tsuzulint_ast7visitor4walk5tests14FirstStrFinderNtNtB8_5visit7Visitor24visit_footnote_referenceBa_
FN:213,_RNvYNtNtNtNtCscCfipWx6sdZ_13tsuzulint_ast7visitor4walk5tests14FirstStrFinderNtNtB8_5visit7Visitor25visit_footnote_definitionBa_
FN:75,_RNvYNtNtNtNtCscCfipWx6sdZ_13tsuzulint_ast7visitor4walk5tests14FirstStrFinderNtNtB8_5visit7Visitor9exit_nodeBa_
FN:162,_RNvYNtNvNtNtNtCscCfipWx6sdZ_13tsuzulint_ast7visitor4walk5testss_36walk_node_calls_enter_and_exit_hooks11HookTrackerNtNtBa_5visit7Visitor10visit_codeBc_
FN:130,_RNvYNtNvNtNtNtCscCfipWx6sdZ_13tsuzulint_ast7visitor4walk5testss_36walk_node_calls_enter_and_exit_hooks11HookTrackerNtNtBa_5visit7Visitor10visit_htmlBc_
FN:167,_RNvYNtNvNtNtNtCscCfipWx6sdZ_13tsuzulint_ast7visitor4walk5testss_36walk_node_calls_enter_and_exit_hooks11HookTrackerNtNtBa_5visit7Visitor10visit_linkBc_
FN:110,_RNvYNtNvNtNtNtCscCfipWx6sdZ_13tsuzulint_ast7visitor4walk5testss_36walk_node_calls_enter_and_exit_hooks11HookTrackerNtNtBa_5visit7Visitor10visit_listBc_
FN:142,_RNvYNtNvNtNtNtCscCfipWx6sdZ_13tsuzulint_ast7visitor4walk5testss_36walk_node_calls_enter_and_exit_hooks11HookTrackerNtNtBa_5visit7Visitor11visit_breakBc_
FN:172,_RNvYNtNvNtNtNtCscCfipWx6sdZ_13tsuzulint_ast7visitor4walk5testss_36walk_node_calls_enter_and_exit_hooks11HookTrackerNtNtBa_5visit7Visitor11visit_imageBc_
FN:196,_RNvYNtNvNtNtNtCscCfipWx6sdZ_13tsuzulint_ast7visitor4walk5testss_36walk_node_calls_enter_and_exit_hooks11HookTrackerNtNtBa_5visit7Visitor11visit_tableBc_
FN:157,_RNvYNtNvNtNtNtCscCfipWx6sdZ_13tsuzulint_ast7visitor4walk5testss_36walk_node_calls_enter_and_exit_hooks11HookTrackerNtNtBa_5visit7Visitor12visit_deleteBc_
FN:100,_RNvYNtNvNtNtNtCscCfipWx6sdZ_13tsuzulint_ast7visitor4walk5testss_36walk_node_calls_enter_and_exit_hooks11HookTrackerNtNtBa_5visit7Visitor12visit_headerBc_
FN:152,_RNvYNtNvNtNtNtCscCfipWx6sdZ_13tsuzulint_ast7visitor4walk5testss_36walk_node_calls_enter_and_exit_hooks11HookTrackerNtNtBa_5visit7Visitor12visit_strongBc_
FN:90,_RNvYNtNvNtNtNtCscCfipWx6sdZ_13tsuzulint_ast7visitor4walk5testss_36walk_node_calls_enter_and_exit_hooks11HookTrackerNtNtBa_5visit7Visitor14visit_documentBc_
FN:147,_RNvYNtNvNtNtNtCscCfipWx6sdZ_13tsuzulint_ast7visitor4walk5testss_36walk_node_calls_enter_and_exit_hooks11HookTrackerNtNtBa_5visit7Visitor14visit_emphasisBc_
FN:115,_RNvYNtNvNtNtNtCscCfipWx6sdZ_13tsuzulint_ast7visitor4walk5testss_36walk_node_calls_enter_and_exit_hooks11HookTrackerNtNtBa_5visit7Visitor15visit_list_itemBc_
FN:95,_RNvYNtNvNtNtNtCscCfipWx6sdZ_13tsuzulint_ast7visitor4walk5testss_36walk_node_calls_enter_and_exit_hooks11HookTrackerNtNtBa_5visit7Visitor15visit_paragraphBc_
FN:201,_RNvYNtNvNtNtNtCscCfipWx6sdZ_13tsuzulint_ast7visitor4walk5testss_36walk_node_calls_enter_and_exit_hooks11HookTrackerNtNtBa_5visit7Visitor15visit_table_rowBc_
FN:120,_RNvYNtNvNtNtNtCscCfipWx6sdZ_13tsuzulint_ast7visitor4walk5testss_36walk_node_calls_enter_and_exit_hooks11HookTrackerNtNtBa_5visit7Visitor16visit_code_blockBc_
FN:189,_RNvYNtNvNtNtNtCscCfipWx6sdZ_13tsuzulint_ast7visitor4walk5testss_36walk_node_calls_enter_and_exit_hooks11HookTrackerNtNtBa_5visit7Visitor16visit_definitionBc_
FN:206,_RNvYNtNvNtNtNtCscCfipWx6sdZ_13tsuzulint_ast7visitor4walk5testss_36walk_node_calls_enter_and_exit_hooks11HookTrackerNtNtBa_5visit7Visitor16visit_table_cellBc_
FN:105,_RNvYNtNvNtNtNtCscCfipWx6sdZ_13tsuzulint_ast7visitor4walk5testss_36walk_node_calls_enter_and_exit_hooks11HookTrackerNtNtBa_5visit7Visitor17visit_block_quoteBc_
FN:179,_RNvYNtNvNtNtNtCscCfipWx6sdZ_13tsuzulint_ast7visitor4walk5testss_36walk_node_calls_enter_and_exit_hooks11HookTrackerNtNtBa_5visit7Visitor20visit_link_referenceBc_
FN:125,_RNvYNtNvNtNtNtCscCfipWx6sdZ_13tsuzulint_ast7visitor4walk5testss_36walk_node_calls_enter_and_exit_hooks11HookTrackerNtNtBa_5visit7Visitor21visit_horizontal_ruleBc_
[...]
FNDA:28,_RNvMNtCsbgpbkTdbObE_18tsuzulint_registry4specNtB2_10PluginSpec5parse
FNDA:1,_RNvNtNtCsbgpbkTdbObE_18tsuzulint_registry4spec5testss_21test_parse_object_url
FNDA:1,_RNvNtNtCsbgpbkTdbObE_18tsuzulint_registry4spec5testss_22test_parse_object_path
FNDA:1,_RNvNtNtCsbgpbkTdbObE_18tsuzulint_registry4spec5testss_24test_parse_object_github
FNDA:1,_RNvNtNtCsbgpbkTdbObE_18tsuzulint_registry4spec5testss_31test_parse_error_invalid_string
FNDA:1,_RNvNtNtCsbgpbkTdbObE_18tsuzulint_registry4spec5testss_31test_parse_string_github_latest
FNDA:1,_RNvNtNtCsbgpbkTdbObE_18tsuzulint_registry4spec5testss_32test_parse_string_github_version
FNDA:1,_RNvNtNtCsbgpbkTdbObE_18tsuzulint_registry4spec5testss_33test_parse_object_error_no_source
FNDA:1,_RNvNtNtCsbgpbkTdbObE_18tsuzulint_registry4spec5testss_34test_parse_error_missing_alias_url
FNDA:1,_RNvNtNtCsbgpbkTdbObE_18tsuzulint_registry4spec5testss_37test_parse_object_path_optional_alias
FNDA:1,_RNvNtNtCsbgpbkTdbObE_18tsuzulint_registry4spec5testss_37test_parse_string_error_empty_version
FNDA:1,_RNvNtNtCsbgpbkTdbObE_18tsuzulint_registry4spec5testss_40test_parse_object_error_multiple_sources
FNDA:1,_RNvNtNtCsbgpbkTdbObE_18tsuzulint_registry4spec5testss_40test_parse_object_github_with_server_url
FNDA:1,_RNvNtNtCsbgpbkTdbObE_18tsuzulint_registry4spec5testss_50test_parse_object_error_server_url_with_non_github
FNDA:5,_RNvMNtCsbO9P49YpUVo_18tsuzulint_registry4specNtB2_10PluginSpec12parse_object
FNDA:2,_RNvMNtCsbO9P49YpUVo_18tsuzulint_registry4specNtB2_10PluginSpec12parse_string
FNDA:5,_RNvMNtCsbO9P49YpUVo_18tsuzulint_registry4specNtB2_10PluginSpec5parse
FNDA:0,_RNCNvMNtCsbO9P49YpUVo_18tsuzulint_registry4specNtB4_10PluginSpec12parse_object0B6_
FNF:17
FNH:16
DA:27,33
DA:28,33
DA:29,10
DA:30,23
DA:31,0
DA:33,33
DA:35,18
DA:36,18
DA:37,18
DA:38,14
DA:40,3
DA:41,3
DA:42,2
DA:43,1
DA:44,1
DA:46,1
DA:49,15
DA:50,15
DA:51,2
DA:52,13
DA:54,13
DA:55,13
DA:57,13
DA:58,3
DA:59,10
DA:61,10
DA:62,10
DA:63,10
DA:64,10
DA:65,10
DA:66,10
DA:67,10
DA:68,10
DA:69,10
DA:70,18
DA:72,23
DA:83,23
DA:84,23
DA:86,23
DA:87,23
DA:88,23
DA:89,23
DA:91,23
DA:92,3
DA:93,3
DA:94,3
DA:95,20
DA:97,20
DA:98,1
DA:99,1
DA:100,1
DA:101,19
DA:103,19
DA:104,8
DA:105,8
DA:106,8
DA:107,8
DA:108,8
DA:109,8
DA:110,8
DA:111,8
DA:112,11
DA:114,11
DA:115,4
DA:116,1
DA:117,1
DA:118,1
DA:119,3
DA:120,3
DA:121,3
DA:122,3
DA:123,3
DA:124,7
DA:126,7
DA:127,7
DA:128,7
DA:129,7
DA:130,7
DA:131,0
DA:133,0
DA:134,23
DA:143,1
DA:144,1
DA:145,1
DA:146,1
DA:148,1
DA:149,1
DA:150,1
DA:151,1
DA:152,1
DA:153,1
DA:155,1
DA:156,1
DA:159,1
DA:160,1
DA:161,1
DA:162,1
DA:164,1
DA:165,1
DA:166,1
DA:167,1
DA:168,1
DA:169,1
DA:171,1
DA:174,1
DA:175,1
DA:176,1
DA:177,1
DA:179,1
DA:180,1
DA:182,1
DA:183,1
DA:184,1
DA:185,1
DA:186,1
DA:187,1
DA:189,1
DA:190,1
DA:193,1
DA:194,1
DA:195,1
DA:196,1
DA:197,1
DA:199,1
DA:200,1
DA:202,1
DA:203,1
DA:204,1
DA:205,1
DA:206,1
DA:207,1
DA:209,1
DA:210,1
DA:213,1
DA:214,1
DA:215,1
DA:216,1
DA:218,1
DA:219,1
DA:221,1
DA:223,1
DA:224,1
DA:227,1
DA:228,1
DA:229,1
DA:230,1
DA:232,1
DA:233,1
DA:235,1
DA:237,1
DA:238,1
DA:241,1
DA:242,1
DA:243,1
DA:244,1
DA:245,1
DA:248,1
DA:249,1
DA:250,1
DA:252,1
DA:253,1
DA:254,1
DA:257,1
DA:258,1
DA:259,1
DA:260,1
DA:261,1
DA:262,1
DA:263,1
DA:264,1
DA:267,1
DA:268,1
DA:269,1
DA:272,1
DA:273,1
DA:276,1
DA:279,1
DA:280,1
DA:281,1
DA:282,1
DA:283,1
DA:285,1
DA:286,1
DA:287,1
DA:289,0
DA:291,1
DA:294,1
DA:295,1
DA:296,1
DA:297,1
DA:298,1
DA:300,1
DA:301,1
DA:302,1
DA:304,0
DA:306,1
DA:309,1
DA:310,1
DA:311,1
DA:313,1
DA:314,1
DA:315,1
DA:317,0
DA:319,1
BRF:0
BRH:0
LF:205
LH:198
end_of_record
SF:/app/crates/tsuzulint_text/src/splitter.rs
FN:107,_RNvMNtCsjlccaGAKMAx_14tsuzulint_text8splitterNtB2_16SentenceSplitter12should_split
FN:22,_RNvMNtCsjlccaGAKMAx_14tsuzulint_text8splitterNtB2_16SentenceSplitter5split
FN:114,_RNCNvMNtCsjlccaGAKMAx_14tsuzulint_text8splitterNtB4_16SentenceSplitter12should_split0B6_
FN:114,_RNCNvMNtCs9kOEGNCQsYH_14tsuzulint_text8splitterNtB4_16SentenceSplitter12should_split0B6_
FN:211,_RNvNtNtCs9kOEGNCQsYH_14tsuzulint_text8splitter5testss_16test_split_empty
FN:192,_RNvNtNtCs9kOEGNCQsYH_14tsuzulint_text8splitter5testss_17test_split_simple
FN:250,_RNvNtNtCs9kOEGNCQsYH_14tsuzulint_text8splitter5testss_19test_split_newlines
FN:201,_RNvNtNtCs9kOEGNCQsYH_14tsuzulint_text8splitter5testss_22test_split_ignore_code
FN:286,_RNvNtNtCs9kOEGNCQsYH_14tsuzulint_text8splitter5testss_22test_split_yahoo_japan
FN:263,_RNvNtNtCs9kOEGNCQsYH_14tsuzulint_text8splitter5testss_24test_split_english_mixed
FN:275,_RNvNtNtCs9kOEGNCQsYH_14tsuzulint_text8splitter5testss_25test_split_japanese_kuten
FN:228,_RNvNtNtCs9kOEGNCQsYH_14tsuzulint_text8splitter5testss_31test_split_no_space_exclamation
FN:238,_RNvNtNtCs9kOEGNCQsYH_14tsuzulint_text8splitter5testss_33test_split_with_space_exclamation
FN:217,_RNvNtNtCs9kOEGNCQsYH_14tsuzulint_text8splitter5testss_34test_split_consecutive_punctuation
FN:107,_RNvMNtCs9kOEGNCQsYH_14tsuzulint_text8splitterNtB2_16SentenceSplitter12should_split
FN:22,_RNvMNtCs9kOEGNCQsYH_14tsuzulint_text8splitterNtB2_16SentenceSplitter5split
FNDA:0,_RNvMNtCsjlccaGAKMAx_14tsuzulint_text8splitterNtB2_16SentenceSplitter12should_split
FNDA:0,_RNvMNtCsjlccaGAKMAx_14tsuzulint_text8splitterNtB2_16SentenceSplitter5split
FNDA:0,_RNCNvMNtCsjlccaGAKMAx_14tsuzulint_text8splitterNtB4_16SentenceSplitter12should_split0B6_
FNDA:1,_RNCNvMNtCs9kOEGNCQsYH_14tsuzulint_text8splitterNtB4_16SentenceSplitter12should_split0B6_
FNDA:1,_RNvNtNtCs9kOEGNCQsYH_14tsuzulint_text8splitter5testss_16test_split_empty
FNDA:1,_RNvNtNtCs9kOEGNCQsYH_14tsuzulint_text8splitter5testss_17test_split_simple
FNDA:1,_RNvNtNtCs9kOEGNCQsYH_14tsuzulint_text8splitter5testss_19test_split_newlines
FNDA:1,_RNvNtNtCs9kOEGNCQsYH_14tsuzulint_text8splitter5testss_22test_split_ignore_code
FNDA:1,_RNvNtNtCs9kOEGNCQsYH_14tsuzulint_text8splitter5testss_22test_split_yahoo_japan
FNDA:1,_RNvNtNtCs9kOEGNCQsYH_14tsuzulint_text8splitter5testss_24test_split_english_mixed
FNDA:1,_RNvNtNtCs9kOEGNCQsYH_14tsuzulint_text8splitter5testss_25test_split_japanese_kuten
FNDA:1,_RNvNtNtCs9kOEGNCQsYH_14tsuzulint_text8splitter5testss_31test_split_no_space_exclamation
FNDA:1,_RNvNtNtCs9kOEGNCQsYH_14tsuzulint_text8splitter5testss_33test_split_with_space_exclamation
FNDA:1,_RNvNtNtCs9kOEGNCQsYH_14tsuzulint_text8splitter5testss_34test_split_consecutive_punctuation
FNDA:11,_RNvMNtCs9kOEGNCQsYH_14tsuzulint_text8splitterNtB2_16SentenceSplitter12should_split
FNDA:11,_RNvMNtCs9kOEGNCQsYH_14tsuzulint_text8splitterNtB2_16SentenceSplitter5split
FNF:13
FNH:13
DA:22,11
DA:23,11
DA:24,11
DA:27,11
DA:28,11
DA:43,11
DA:44,11
DA:46,21
DA:49,21
DA:52,21
DA:53,1
DA:54,1
DA:55,1
DA:56,1
DA:57,1
DA:58,20
DA:60,21
DA:61,21
DA:65,11
DA:66,0
DA:67,0
DA:68,0
DA:69,11
DA:72,21
DA:73,21
DA:76,21
DA:77,10
DA:78,10
DA:79,10
DA:80,10
DA:81,10
DA:82,10
DA:83,10
DA:84,10
DA:85,11
DA:88,11
DA:89,7
DA:90,7
DA:91,7
DA:92,7
DA:93,7
DA:94,7
DA:95,7
DA:96,7
DA:99,4
DA:103,11
DA:104,11
DA:107,11
DA:114,11
DA:115,11
DA:116,1
DA:121,1
DA:122,1
DA:123,0
DA:124,10
DA:128,10
DA:131,10
DA:133,10
DA:136,5
DA:137,3
DA:138,2
DA:143,2
DA:144,2
DA:146,2
DA:147,0
DA:149,0
DA:153,0
DA:154,0
DA:155,0
DA:156,0
DA:157,0
DA:158,0
DA:165,2
DA:166,1
DA:167,1
DA:169,1
DA:170,0
DA:171,1
DA:174,1
DA:181,3
DA:184,11
DA:192,1
DA:193,1
DA:194,1
DA:195,1
DA:196,1
DA:197,1
DA:198,1
DA:201,1
DA:202,1
DA:203,1
DA:204,1
DA:206,1
DA:207,1
DA:208,1
DA:211,1
DA:212,1
DA:213,1
DA:214,1
DA:217,1
DA:219,1
DA:220,1
DA:222,1
DA:223,1
DA:224,1
DA:225,1
DA:228,1
DA:229,1
DA:230,1
DA:233,1
DA:234,1
DA:235,1
DA:238,1
DA:239,1
DA:242,1
DA:243,1
DA:245,1
DA:246,1
DA:247,1
DA:250,1
DA:251,1
DA:255,1
DA:257,1
DA:258,1
DA:259,1
DA:260,1
DA:263,1
DA:264,1
DA:265,1
DA:269,1
DA:270,1
DA:271,1
DA:272,1
DA:275,1
DA:276,1
DA:279,1
DA:280,1
DA:281,1
DA:282,1
DA:283,1
DA:286,1
DA:287,1
DA:288,1
DA:289,1
DA:291,1
DA:292,1
DA:293,1
DA:294,1
BRF:0
BRH:0
LF:149
LH:136
end_of_record
SF:/app/crates/tsuzulint_text/src/tokenizer.rs
FN:40,_RNvMs_NtCsjlccaGAKMAx_14tsuzulint_text9tokenizerNtB4_9Tokenizer3new
FN:56,_RNvMs_NtCsjlccaGAKMAx_14tsuzulint_text9tokenizerNtB4_9Tokenizer8tokenize
FN:33,_RNvXNtCsjlccaGAKMAx_14tsuzulint_text9tokenizerNtB2_9TokenizerNtNtCs4kUJL3MZFFz_4core3fmt5Debug3fmt
FN:42,_RNCNvMs_NtCsjlccaGAKMAx_14tsuzulint_text9tokenizerNtB6_9Tokenizer3new0B8_
FN:60,_RNCNvMs_NtCsjlccaGAKMAx_14tsuzulint_text9tokenizerNtB6_9Tokenizer8tokenize0B8_
FN:72,_RNCNvMs_NtCsjlccaGAKMAx_14tsuzulint_text9tokenizerNtB6_9Tokenizer8tokenizes0_0B8_
FN:78,_RNCNvMs_NtCsjlccaGAKMAx_14tsuzulint_text9tokenizerNtB6_9Tokenizer8tokenizes1_0B8_
FN:79,_RNCNvMs_NtCsjlccaGAKMAx_14tsuzulint_text9tokenizerNtB6_9Tokenizer8tokenizes2_0B8_
FN:71,_RNCNvMs_NtCsjlccaGAKMAx_14tsuzulint_text9tokenizerNtB6_9Tokenizer8tokenizes_0B8_
FN:42,_RNCNvMs_NtCs9kOEGNCQsYH_14tsuzulint_text9tokenizerNtB6_9Tokenizer3new0B8_
FN:60,_RNCNvMs_NtCs9kOEGNCQsYH_14tsuzulint_text9tokenizerNtB6_9Tokenizer8tokenize0B8_
FN:72,_RNCNvMs_NtCs9kOEGNCQsYH_14tsuzulint_text9tokenizerNtB6_9Tokenizer8tokenizes0_0B8_
FN:78,_RNCNvMs_NtCs9kOEGNCQsYH_14tsuzulint_text9tokenizerNtB6_9Tokenizer8tokenizes1_0B8_
FN:79,_RNCNvMs_NtCs9kOEGNCQsYH_14tsuzulint_text9tokenizerNtB6_9Tokenizer8tokenizes2_0B8_
FN:71,_RNCNvMs_NtCs9kOEGNCQsYH_14tsuzulint_text9tokenizerNtB6_9Tokenizer8tokenizes_0B8_
FN:133,_RNvNtNtCs9kOEGNCQsYH_14tsuzulint_text9tokenizer5testss_18test_tokenize_long
FN:112,_RNvNtNtCs9kOEGNCQsYH_14tsuzulint_text9tokenizer5testss_19test_tokenize_empty
FN:125,_RNvNtNtCs9kOEGNCQsYH_14tsuzulint_text9tokenizer5testss_19test_tokenize_mixed
FN:105,_RNvNtNtCs9kOEGNCQsYH_14tsuzulint_text9tokenizer5testss_20test_tokenize_simple
FN:118,_RNvNtNtCs9kOEGNCQsYH_14tsuzulint_text9tokenizer5testss_25test_tokenize_punctuation
FN:102,_RNCNvNtNtCs9kOEGNCQsYH_14tsuzulint_text9tokenizer5tests16SHARED_TOKENIZER0B7_
FN:127,_RNCNvNtNtCs9kOEGNCQsYH_14tsuzulint_text9tokenizer5testss_19test_tokenize_mixed0B7_
FN:33,_RNvXNtCs9kOEGNCQsYH_14tsuzulint_text9tokenizerNtB2_9TokenizerNtNtCs4kUJL3MZFFz_4core3fmt5Debug3fmt
FN:40,_RNvMs_NtCs9kOEGNCQsYH_14tsuzulint_text9tokenizerNtB4_9Tokenizer3new
FN:56,_RNvMs_NtCs9kOEGNCQsYH_14tsuzulint_text9tokenizerNtB4_9Tokenizer8tokenize
FNDA:50,_RNvMs_NtCsjlccaGAKMAx_14tsuzulint_text9tokenizerNtB4_9Tokenizer3new
FNDA:0,_RNvMs_NtCsjlccaGAKMAx_14tsuzulint_text9tokenizerNtB4_9Tokenizer8tokenize
FNDA:0,_RNvXNtCsjlccaGAKMAx_14tsuzulint_text9tokenizerNtB2_9TokenizerNtNtCs4kUJL3MZFFz_4core3fmt5Debug3fmt
FNDA:0,_RNCNvMs_NtCsjlccaGAKMAx_14tsuzulint_text9tokenizerNtB6_9Tokenizer3new0B8_
FNDA:0,_RNCNvMs_NtCsjlccaGAKMAx_14tsuzulint_text9tokenizerNtB6_9Tokenizer8tokenize0B8_
FNDA:0,_RNCNvMs_NtCsjlccaGAKMAx_14tsuzulint_text9tokenizerNtB6_9Tokenizer8tokenizes0_0B8_
FNDA:0,_RNCNvMs_NtCsjlccaGAKMAx_14tsuzulint_text9tokenizerNtB6_9Tokenizer8tokenizes1_0B8_
FNDA:0,_RNCNvMs_NtCsjlccaGAKMAx_14tsuzulint_text9tokenizerNtB6_9Tokenizer8tokenizes2_0B8_
FNDA:0,_RNCNvMs_NtCsjlccaGAKMAx_14tsuzulint_text9tokenizerNtB6_9Tokenizer8tokenizes_0B8_
FNDA:0,_RNCNvMs_NtCs9kOEGNCQsYH_14tsuzulint_text9tokenizerNtB6_9Tokenizer3new0B8_
FNDA:0,_RNCNvMs_NtCs9kOEGNCQsYH_14tsuzulint_text9tokenizerNtB6_9Tokenizer8tokenize0B8_
FNDA:510,_RNCNvMs_NtCs9kOEGNCQsYH_14tsuzulint_text9tokenizerNtB6_9Tokenizer8tokenizes0_0B8_
FNDA:2525,_RNCNvMs_NtCs9kOEGNCQsYH_14tsuzulint_text9tokenizerNtB6_9Tokenizer8tokenizes1_0B8_
FNDA:1512,_RNCNvMs_NtCs9kOEGNCQsYH_14tsuzulint_text9tokenizerNtB6_9Tokenizer8tokenizes2_0B8_
FNDA:2020,_RNCNvMs_NtCs9kOEGNCQsYH_14tsuzulint_text9tokenizerNtB6_9Tokenizer8tokenizes_0B8_
FNDA:1,_RNvNtNtCs9kOEGNCQsYH_14tsuzulint_text9tokenizer5testss_18test_tokenize_long
FNDA:1,_RNvNtNtCs9kOEGNCQsYH_14tsuzulint_text9tokenizer5testss_19test_tokenize_empty
FNDA:1,_RNvNtNtCs9kOEGNCQsYH_14tsuzulint_text9tokenizer5testss_19test_tokenize_mixed
FNDA:1,_RNvNtNtCs9kOEGNCQsYH_14tsuzulint_text9tokenizer5testss_20test_tokenize_simple
FNDA:1,_RNvNtNtCs9kOEGNCQsYH_14tsuzulint_text9tokenizer5testss_25test_tokenize_punctuation
FNDA:1,_RNCNvNtNtCs9kOEGNCQsYH_14tsuzulint_text9tokenizer5tests16SHARED_TOKENIZER0B7_
FNDA:2,_RNCNvNtNtCs9kOEGNCQsYH_14tsuzulint_text9tokenizer5testss_19test_tokenize_mixed0B7_
FNDA:0,_RNvXNtCs9kOEGNCQsYH_14tsuzulint_text9tokenizerNtB2_9TokenizerNtNtCs4kUJL3MZFFz_4core3fmt5Debug3fmt
FNDA:1,_RNvMs_NtCs9kOEGNCQsYH_14tsuzulint_text9tokenizerNtB4_9Tokenizer3new
FNDA:5,_RNvMs_NtCs9kOEGNCQsYH_14tsuzulint_text9tokenizerNtB4_9Tokenizer8tokenize
FNF:16
FNH:13
DA:33,0
DA:34,0
DA:35,0
DA:40,51
DA:41,51
DA:42,51
DA:44,51
DA:45,51
DA:46,51
DA:47,51
DA:50,51
DA:52,51
DA:53,51
DA:56,5
DA:57,5
DA:58,5
DA:59,5
DA:60,5
DA:62,5
DA:64,505
DA:65,505
DA:66,505
DA:68,505
DA:69,505
DA:70,505
DA:71,2020
DA:72,510
DA:73,505
DA:75,505
DA:76,505
DA:77,505
DA:78,2525
DA:79,1512
DA:80,505
DA:82,505
DA:84,505
DA:85,505
DA:86,505
DA:87,505
DA:88,505
DA:89,505
DA:92,5
DA:93,5
DA:102,1
DA:105,1
DA:106,1
DA:107,1
DA:108,1
DA:109,1
DA:112,1
DA:113,1
DA:114,1
DA:115,1
DA:118,1
DA:119,1
DA:120,1
DA:121,1
DA:122,1
DA:125,1
DA:126,1
DA:127,2
DA:128,1
DA:129,1
DA:130,1
DA:133,1
DA:134,1
DA:135,1
DA:136,1
DA:137,1
BRF:0
BRH:0
LF:76
LH:71
end_of_record
SF:/app/crates/tsuzulint_wasm/src/lib.rs
FN:177,_RNCNvXs_CsjpSJrqRQcuS_14tsuzulint_wasmNtB6_12JsDiagnosticINtNtCs4kUJL3MZFFz_4core7convert4FromNtNtCs8TYf9xf7DGp_16tsuzulint_plugin10diagnostic10DiagnosticE4froms2_0B6_
FN:294,_RNvNtCsjpSJrqRQcuS_14tsuzulint_wasm5testss_25test_ast_to_json_document
FN:309,_RNvNtCsjpSJrqRQcuS_14tsuzulint_wasm5testss_27test_ast_to_json_with_value
FN:238,_RNvNtCsjpSJrqRQcuS_14tsuzulint_wasm5testss_27test_js_diagnostic_with_fix
FN:322,_RNvNtCsjpSJrqRQcuS_14tsuzulint_wasm5testss_30test_ast_to_json_with_children
FN:339,_RNvNtCsjpSJrqRQcuS_14tsuzulint_wasm5testss_31test_ast_to_json_with_node_data
FN:203,_RNvNtCsjpSJrqRQcuS_14tsuzulint_wasm5testss_34test_js_diagnostic_from_diagnostic
FN:266,_RNvNtCsjpSJrqRQcuS_14tsuzulint_wasm5testss_35test_js_diagnostic_severity_mapping
FN:161,_RNvXs_CsjpSJrqRQcuS_14tsuzulint_wasmNtB4_12JsDiagnosticINtNtCs4kUJL3MZFFz_4core7convert4FromNtNtCs8TYf9xf7DGp_16tsuzulint_plugin10diagnostic10DiagnosticE4from
FN:12,_RINvCsjpSJrqRQcuS_14tsuzulint_wasm11to_js_errorpEB2_
FN:34,_RNCNvMsg_CsjpSJrqRQcuS_14tsuzulint_wasmNtB7_10TextLinter3new0B7_
FN:89,_RNCNvMsg_CsjpSJrqRQcuS_14tsuzulint_wasmNtB7_10TextLinter8run_lint0B7_
FN:69,_RNvMsg_CsjpSJrqRQcuS_14tsuzulint_wasmNtB5_10TextLinter12loaded_rules
FN:51,_RNvMsg_CsjpSJrqRQcuS_14tsuzulint_wasmNtB5_10TextLinter14configure_rule
FN:57,_RNvMsg_CsjpSJrqRQcuS_14tsuzulint_wasmNtB5_10TextLinter21prepare_text_analysis
FN:30,_RNvMsg_CsjpSJrqRQcuS_14tsuzulint_wasmNtB5_10TextLinter3new
FN:111,_RNvMsg_CsjpSJrqRQcuS_14tsuzulint_wasmNtB5_10TextLinter4lint
FN:77,_RNvMsg_CsjpSJrqRQcuS_14tsuzulint_wasmNtB5_10TextLinter8run_lint
FN:124,_RNvMsg_CsjpSJrqRQcuS_14tsuzulint_wasmNtB5_10TextLinter9lint_json
FN:41,_RNvMsg_CsjpSJrqRQcuS_14tsuzulint_wasmNtB5_10TextLinter9load_rule
FN:191,_RNvNtCsjpSJrqRQcuS_14tsuzulint_wasm5tests15test_linter_new
FN:423,_RNvNtCsjpSJrqRQcuS_14tsuzulint_wasm5tests19test_lint_with_rule
FN:197,_RNvNtCsjpSJrqRQcuS_14tsuzulint_wasm5tests19test_linter_default
FN:416,_RNvNtCsjpSJrqRQcuS_14tsuzulint_wasm5tests20test_lint_json_empty
FN:378,_RNvNtCsjpSJrqRQcuS_14tsuzulint_wasm5tests22test_load_rule_success
FN:401,_RNvNtCsjpSJrqRQcuS_14tsuzulint_wasm5tests27test_configure_rule_success
FN:391,_RNvNtCsjpSJrqRQcuS_14tsuzulint_wasm5tests33test_configure_unknown_rule_fails
FN:131,_RNvXCsjpSJrqRQcuS_14tsuzulint_wasmNtB2_10TextLinterNtNtCs4kUJL3MZFFz_4core7default7Default7default
FNDA:1,_RNCNvXs_CsjpSJrqRQcuS_14tsuzulint_wasmNtB6_12JsDiagnosticINtNtCs4kUJL3MZFFz_4core7convert4FromNtNtCs8TYf9xf7DGp_16tsuzulint_plugin10diagnostic10DiagnosticE4froms2_0B6_
FNDA:1,_RNvNtCsjpSJrqRQcuS_14tsuzulint_wasm5testss_25test_ast_to_json_document
FNDA:1,_RNvNtCsjpSJrqRQcuS_14tsuzulint_wasm5testss_27test_ast_to_json_with_value
FNDA:1,_RNvNtCsjpSJrqRQcuS_14tsuzulint_wasm5testss_27test_js_diagnostic_with_fix
FNDA:1,_RNvNtCsjpSJrqRQcuS_14tsuzulint_wasm5testss_30test_ast_to_json_with_children
FNDA:1,_RNvNtCsjpSJrqRQcuS_14tsuzulint_wasm5testss_31test_ast_to_json_with_node_data
FNDA:1,_RNvNtCsjpSJrqRQcuS_14tsuzulint_wasm5testss_34test_js_diagnostic_from_diagnostic
FNDA:1,_RNvNtCsjpSJrqRQcuS_14tsuzulint_wasm5testss_35test_js_diagnostic_severity_mapping
FNDA:5,_RNvXs_CsjpSJrqRQcuS_14tsuzulint_wasmNtB4_12JsDiagnosticINtNtCs4kUJL3MZFFz_4core7convert4FromNtNtCs8TYf9xf7DGp_16tsuzulint_plugin10diagnostic10DiagnosticE4from
FNDA:0,_RINvCsjpSJrqRQcuS_14tsuzulint_wasm11to_js_errorpEB2_
FNDA:0,_RNCNvMsg_CsjpSJrqRQcuS_14tsuzulint_wasmNtB7_10TextLinter3new0B7_
FNDA:0,_RNCNvMsg_CsjpSJrqRQcuS_14tsuzulint_wasmNtB7_10TextLinter8run_lint0B7_
FNDA:0,_RNvMsg_CsjpSJrqRQcuS_14tsuzulint_wasmNtB5_10TextLinter12loaded_rules
FNDA:0,_RNvMsg_CsjpSJrqRQcuS_14tsuzulint_wasmNtB5_10TextLinter14configure_rule
FNDA:0,_RNvMsg_CsjpSJrqRQcuS_14tsuzulint_wasmNtB5_10TextLinter21prepare_text_analysis
FNDA:0,_RNvMsg_CsjpSJrqRQcuS_14tsuzulint_wasmNtB5_10TextLinter3new
FNDA:0,_RNvMsg_CsjpSJrqRQcuS_14tsuzulint_wasmNtB5_10TextLinter4lint
FNDA:0,_RNvMsg_CsjpSJrqRQcuS_14tsuzulint_wasmNtB5_10TextLinter8run_lint
FNDA:0,_RNvMsg_CsjpSJrqRQcuS_14tsuzulint_wasmNtB5_10TextLinter9lint_json
FNDA:0,_RNvMsg_CsjpSJrqRQcuS_14tsuzulint_wasmNtB5_10TextLinter9load_rule
FNDA:0,_RNvNtCsjpSJrqRQcuS_14tsuzulint_wasm5tests15test_linter_new
FNDA:0,_RNvNtCsjpSJrqRQcuS_14tsuzulint_wasm5tests19test_lint_with_rule
FNDA:0,_RNvNtCsjpSJrqRQcuS_14tsuzulint_wasm5tests19test_linter_default
FNDA:0,_RNvNtCsjpSJrqRQcuS_14tsuzulint_wasm5tests20test_lint_json_empty
FNDA:0,_RNvNtCsjpSJrqRQcuS_14tsuzulint_wasm5tests22test_load_rule_success
FNDA:0,_RNvNtCsjpSJrqRQcuS_14tsuzulint_wasm5tests27test_configure_rule_success
FNDA:0,_RNvNtCsjpSJrqRQcuS_14tsuzulint_wasm5tests33test_configure_unknown_rule_fails
FNDA:0,_RNvXCsjpSJrqRQcuS_14tsuzulint_wasmNtB2_10TextLinterNtNtCs4kUJL3MZFFz_4core7default7Default7default
FNF:28
FNH:9
DA:12,0
DA:13,0
DA:14,0
DA:30,0
DA:31,0
DA:32,0
DA:33,0
DA:34,0
DA:36,0
DA:37,0
DA:41,0
DA:42,0
DA:43,0
DA:44,0
DA:45,0
DA:46,0
DA:47,0
DA:51,0
DA:52,0
DA:53,0
DA:54,0
DA:57,0
DA:58,0
DA:61,0
DA:62,0
DA:64,0
DA:65,0
DA:69,0
DA:70,0
DA:71,0
DA:77,0
DA:78,0
DA:81,0
DA:82,0
DA:83,0
DA:87,0
DA:88,0
DA:89,0
DA:92,0
DA:95,0
DA:98,0
DA:99,0
DA:100,0
DA:101,0
DA:102,0
DA:103,0
DA:104,0
DA:106,0
DA:107,0
DA:111,0
DA:112,0
DA:113,0
DA:114,0
DA:115,0
DA:116,0
DA:124,0
DA:125,0
DA:126,0
DA:127,0
DA:131,0
DA:132,0
DA:133,0
DA:161,5
DA:163,5
DA:164,5
DA:165,5
DA:166,5
DA:167,5
DA:168,5
DA:169,5
DA:170,5
DA:171,5
DA:172,2
DA:173,2
DA:174,1
DA:176,5
DA:177,1
DA:178,1
DA:179,1
DA:180,1
DA:182,5
DA:191,0
DA:192,0
DA:193,0
DA:194,0
DA:197,0
DA:198,0
DA:199,0
DA:200,0
DA:203,1
DA:207,1
DA:208,1
DA:209,1
DA:210,1
DA:211,1
DA:212,1
DA:213,1
DA:214,1
DA:215,1
DA:216,1
DA:217,1
DA:218,1
DA:219,1
DA:220,1
DA:221,1
DA:222,1
DA:224,1
DA:225,1
DA:226,1
DA:227,1
DA:228,1
DA:229,1
DA:230,1
DA:231,1
DA:232,1
DA:233,1
DA:234,1
DA:235,1
DA:238,1
DA:242,1
DA:243,1
DA:244,1
DA:245,1
DA:246,1
DA:247,1
DA:248,1
DA:249,1
DA:250,1
DA:251,1
DA:252,1
DA:253,1
DA:254,1
DA:256,1
DA:257,1
DA:258,1
DA:259,1
DA:260,1
DA:261,1
DA:262,1
DA:263,1
DA:266,1
DA:270,1
DA:271,1
DA:272,1
DA:273,1
DA:276,3
DA:277,3
DA:278,3
DA:279,3
DA:280,3
DA:281,3
DA:282,3
DA:283,3
DA:284,3
DA:285,3
DA:286,3
DA:288,3
DA:289,3
DA:291,1
DA:294,1
DA:297,1
DA:299,1
DA:301,1
DA:302,1
DA:303,1
DA:304,1
DA:305,1
DA:306,1
DA:309,1
DA:312,1
DA:313,1
DA:315,1
DA:317,1
DA:318,1
DA:319,1
DA:322,1
DA:325,1
DA:326,1
DA:327,1
DA:328,1
DA:329,1
DA:331,1
DA:333,1
DA:334,1
DA:335,1
DA:336,1
DA:339,1
DA:342,1
DA:345,1
DA:346,1
DA:347,1
DA:348,1
DA:351,1
DA:352,1
DA:353,1
DA:354,1
DA:355,1
DA:356,1
DA:357,1
DA:358,1
DA:361,1
DA:362,1
DA:363,1
DA:364,1
DA:366,1
DA:367,1
DA:368,1
DA:371,1
DA:372,1
DA:373,1
DA:374,1
DA:375,1
DA:378,0
DA:379,0
DA:382,0
DA:385,0
DA:386,0
DA:387,0
DA:388,0
DA:391,0
DA:392,0
DA:393,0
DA:394,0
DA:396,0
DA:397,0
DA:398,0
DA:401,0
DA:402,0
DA:403,0
DA:406,0
DA:408,0
DA:409,0
DA:411,0
DA:412,0
DA:413,0
DA:416,0
DA:417,0
DA:418,0
DA:419,0
DA:420,0
DA:423,0
DA:424,0
DA:425,0
DA:428,0
DA:430,0
DA:431,0
DA:433,0
DA:434,0
DA:435,0
BRF:0
BRH:0
LF:251
LH:142
end_of_record